"../../../Tutorial/Content/StarterContent/Audio/Fire01.uasset" 0
"../../../Tutorial/Content/StarterContent/Audio/Fire01_Cue.uasset" 1
"../../../Tutorial/Content/StarterContent/Textures/T_Fire_SubUV.uasset" 2
"../../../Tutorial/Content/StarterContent/Textures/T_Fire_Tiled_D.uasset" 3
"../../../Tutorial/Content/StarterContent/Particles/Materials/M_Fire_SubUV.uasset" 4
"../../../Tutorial/Content/StarterContent/Textures/T_Water_N.uasset" 5
"../../../Tutorial/Content/StarterContent/Particles/Materials/M_Heat_Distortion.uasset" 6
"../../../Engine/Content/Functions/Engine_MaterialFunctions01/Gradient/RadialGradient.uasset" 7
"../../../Tutorial/Content/StarterContent/Particles/Materials/M_Radial_Gradient.uasset" 8
"../../../Tutorial/Content/StarterContent/Textures/T_Smoke_SubUV.uasset" 9
"../../../Tutorial/Content/StarterContent/Textures/T_Smoke_Tiled_D.uasset" 10
"../../../Tutorial/Content/StarterContent/Particles/Materials/M_smoke_subUV.uasset" 11
"../../../Tutorial/Content/StarterContent/Particles/P_Fire.uasset" 12
"../../../Tutorial/Content/StarterContent/Blueprints/Blueprint_Effect_Fire.uasset" 13
"../../../Tutorial/Content/StarterContent/Audio/Smoke01.uasset" 14
"../../../Tutorial/Content/StarterContent/Audio/Smoke01_Cue.uasset" 15
"../../../Tutorial/Content/StarterContent/Particles/P_Smoke.uasset" 16
"../../../Tutorial/Content/StarterContent/Blueprints/Blueprint_Effect_Smoke.uasset" 17
"../../../Tutorial/Content/StarterContent/Audio/Fire_Sparks01.uasset" 18
"../../../Tutorial/Content/StarterContent/Audio/Fire_Sparks01_Cue.uasset" 19
"../../../Tutorial/Content/StarterContent/Textures/T_Spark_Core.uasset" 20
"../../../Tutorial/Content/StarterContent/Particles/Materials/M_Spark.uasset" 21
"../../../Tutorial/Content/StarterContent/Particles/P_Sparks.uasset" 22
"../../../Tutorial/Content/StarterContent/Blueprints/Blueprint_Effect_Sparks.uasset" 23
"../../../Tutorial/Content/StarterContent/Audio/Steam01.uasset" 24
"../../../Tutorial/Content/StarterContent/Audio/Steam01_Cue.uasset" 25
"../../../Tutorial/Content/StarterContent/Particles/P_Steam_Lit.uasset" 26
"../../../Tutorial/Content/StarterContent/Blueprints/Blueprint_Effect_Steam.uasset" 27
"../../../Engine/Content/EditorBlueprintResources/StandardMacros.uasset" 28
"../../../Engine/Content/EngineSky/C_Sky_Cloud_Color.uasset" 29
"../../../Engine/Content/EngineSky/C_Sky_Horizon_Color.uasset" 30
"../../../Engine/Content/EngineSky/C_Sky_Zenith_Color.uasset" 31
"../../../Engine/Content/EngineSky/T_Sky_Blue.uasset" 32
"../../../Engine/Content/EngineSky/T_Sky_Clouds_M.uasset" 33
"../../../Engine/Content/EngineSky/T_Sky_Stars.uasset" 34
"../../../Engine/Content/EngineSky/SM_SkySphere.uasset" 35
"../../../Engine/Content/EngineSky/M_Sky_Panning_Clouds2.uasset" 36
"../../../Engine/Content/EngineSky/BP_Sky_Sphere.uasset" 37
"../../../Tutorial/Content/StarterContent/Textures/T_Lamp_M.uasset" 38
"../../../Tutorial/Content/StarterContent/Textures/T_Lamp_N.uasset" 39
"../../../Tutorial/Content/StarterContent/Props/Materials/M_Lamp.uasset" 40
"../../../Tutorial/Content/StarterContent/Props/SM_Lamp_Ceiling.uasset" 41
"../../../Tutorial/Content/StarterContent/Blueprints/Blueprint_CeilingLight.uasset" 42
"../../../Tutorial/Content/StarterContent/Props/SM_Lamp_Wall.uasset" 43
"../../../Tutorial/Content/StarterContent/Blueprints/Blueprint_WallSconce.uasset" 44
"../../../Engine/Content/EngineFonts/RobotoDistanceField.uasset" 45
"../../../Engine/Content/Functions/Engine_MaterialFunctions03/Procedurals/ComputeFilterWidth.uasset" 46
"../../../Engine/Content/EngineMaterials/AntiAliasedTextMaterialTranslucent.uasset" 47
"../../../Engine/Content/Functions/Engine_MaterialFunctions01/Opacity/CameraDepthFade.uasset" 48
"../../../Engine/Content/EngineMaterials/T_Default_Material_Grid_M.uasset" 49
"../../../Engine/Content/EngineMaterials/T_Default_Material_Grid_N.uasset" 50
"../../../Engine/Content/EngineMaterials/WorldGridMaterial.uasset" 51
"../../../Tutorial/Content/StarterContent/Textures/T_Brick_Clay_Beveled_D.uasset" 52
"../../../Tutorial/Content/StarterContent/Textures/T_Brick_Clay_Beveled_M.uasset" 53
"../../../Tutorial/Content/StarterContent/Textures/T_Brick_Clay_Beveled_N.uasset" 54
"../../../Tutorial/Content/StarterContent/Textures/T_MacroVariation.uasset" 55
"../../../Tutorial/Content/StarterContent/Materials/M_Brick_Clay_Beveled.uasset" 56
"../../../Tutorial/Content/StarterContent/Textures/T_Brick_Clay_New_D.uasset" 57
"../../../Tutorial/Content/StarterContent/Textures/T_Brick_Clay_New_M.uasset" 58
"../../../Tutorial/Content/StarterContent/Textures/T_Brick_Clay_New_N.uasset" 59
"../../../Tutorial/Content/StarterContent/Textures/T_Detail_Rocky_N.uasset" 60
"../../../Tutorial/Content/StarterContent/Materials/M_Brick_Clay_New.uasset" 61
"../../../Tutorial/Content/StarterContent/Textures/T_Brick_Clay_Old_D.uasset" 62
"../../../Tutorial/Content/StarterContent/Textures/T_Brick_Clay_Old_N.uasset" 63
"../../../Tutorial/Content/StarterContent/Textures/T_Perlin_Noise_M.uasset" 64
"../../../Tutorial/Content/StarterContent/Materials/M_Brick_Clay_Old.uasset" 65
"../../../Tutorial/Content/StarterContent/Textures/T_Brick_Cut_Stone_D.uasset" 66
"../../../Tutorial/Content/StarterContent/Textures/T_Brick_Cut_Stone_N.uasset" 67
"../../../Tutorial/Content/StarterContent/Materials/M_Brick_Cut_Stone.uasset" 68
"../../../Tutorial/Content/StarterContent/Textures/T_Brick_Hewn_Stone_D.uasset" 69
"../../../Tutorial/Content/StarterContent/Textures/T_Brick_Hewn_Stone_M.uasset" 70
"../../../Tutorial/Content/StarterContent/Textures/T_Brick_Hewn_Stone_N.uasset" 71
"../../../Tutorial/Content/StarterContent/Materials/M_Brick_Hewn_Stone.uasset" 72
"../../../Tutorial/Content/StarterContent/Textures/T_Ceramic_Tile_M.uasset" 73
"../../../Tutorial/Content/StarterContent/Textures/T_Ceramic_Tile_N.uasset" 74
"../../../Tutorial/Content/StarterContent/Textures/T_Rock_Marble_Polished_D.uasset" 75
"../../../Tutorial/Content/StarterContent/Materials/M_Ceramic_Tile_Checker.uasset" 76
"../../../Tutorial/Content/StarterContent/Textures/T_CobbleStone_Pebble_D.uasset" 77
"../../../Tutorial/Content/StarterContent/Textures/T_CobbleStone_Pebble_M.uasset" 78
"../../../Tutorial/Content/StarterContent/Textures/T_CobbleStone_Pebble_N.uasset" 79
"../../../Tutorial/Content/StarterContent/Materials/M_CobbleStone_Pebble.uasset" 80
"../../../Tutorial/Content/StarterContent/Textures/T_CobbleStone_Rough_D.uasset" 81
"../../../Tutorial/Content/StarterContent/Textures/T_CobbleStone_Rough_N.uasset" 82
"../../../Tutorial/Content/StarterContent/Textures/T_Gradinet_01.uasset" 83
"../../../Tutorial/Content/StarterContent/Textures/T_Rock_Smooth_Granite_D.uasset" 84
"../../../Tutorial/Content/StarterContent/Materials/M_CobbleStone_Rough.uasset" 85
"../../../Tutorial/Content/StarterContent/Textures/T_CobbleStone_Smooth_D.uasset" 86
"../../../Tutorial/Content/StarterContent/Textures/T_CobbleStone_Smooth_M.uasset" 87
"../../../Tutorial/Content/StarterContent/Textures/T_CobbleStone_Smooth_N.uasset" 88
"../../../Tutorial/Content/StarterContent/Materials/M_CobbleStone_Smooth.uasset" 89
"../../../Tutorial/Content/StarterContent/Textures/T_Concrete_Grime_D.uasset" 90
"../../../Tutorial/Content/StarterContent/Textures/T_Metal_Rust_N.uasset" 91
"../../../Tutorial/Content/StarterContent/Materials/M_Concrete_Grime.uasset" 92
"../../../Tutorial/Content/StarterContent/Textures/T_Concrete_Panels_D.uasset" 93
"../../../Tutorial/Content/StarterContent/Textures/T_Concrete_Panels_N.uasset" 94
"../../../Tutorial/Content/StarterContent/Materials/M_Concrete_Panels.uasset" 95
"../../../Tutorial/Content/StarterContent/Textures/T_Concrete_Poured_D.uasset" 96
"../../../Tutorial/Content/StarterContent/Textures/T_Concrete_Poured_N.uasset" 97
"../../../Tutorial/Content/StarterContent/Materials/M_Concrete_Poured.uasset" 98
"../../../Tutorial/Content/StarterContent/Textures/T_Concrete_Tiles_D.uasset" 99
"../../../Tutorial/Content/StarterContent/Textures/T_Concrete_Tiles_M.uasset" 100
"../../../Tutorial/Content/StarterContent/Textures/T_Concrete_Tiles_N.uasset" 101
"../../../Tutorial/Content/StarterContent/Textures/T_Concrete_Tiles_Variation_M.uasset" 102
"../../../Tutorial/Content/StarterContent/Materials/M_Concrete_Tiles.uasset" 103
"../../../Tutorial/Content/StarterContent/Textures/T_Ground_Grass_D.uasset" 104
"../../../Tutorial/Content/StarterContent/Textures/T_Ground_Grass_N.uasset" 105
"../../../Tutorial/Content/StarterContent/Materials/M_Ground_Grass.uasset" 106
"../../../Tutorial/Content/StarterContent/Textures/T_Ground_Gravel_D.uasset" 107
"../../../Tutorial/Content/StarterContent/Textures/T_Ground_Gravel_N.uasset" 108
"../../../Tutorial/Content/StarterContent/Materials/M_Ground_Gravel.uasset" 109
"../../../Tutorial/Content/StarterContent/Textures/T_ground_Moss_D.uasset" 110
"../../../Tutorial/Content/StarterContent/Textures/T_Ground_Moss_N.uasset" 111
"../../../Tutorial/Content/StarterContent/Materials/M_Ground_Moss.uasset" 112
"../../../Tutorial/Content/StarterContent/Materials/M_Metal_Brushed_Nickel.uasset" 113
"../../../Tutorial/Content/StarterContent/Textures/T_Metal_Aluminum_D.uasset" 114
"../../../Tutorial/Content/StarterContent/Textures/T_Metal_Gold_N.uasset" 115
"../../../Tutorial/Content/StarterContent/Materials/M_Metal_Burnished_Steel.uasset" 116
"../../../Tutorial/Content/StarterContent/Materials/M_Metal_Chrome.uasset" 117
"../../../Tutorial/Content/StarterContent/Textures/T_Metal_Copper_D.uasset" 118
"../../../Tutorial/Content/StarterContent/Materials/M_Metal_Copper.uasset" 119
"../../../Tutorial/Content/StarterContent/Textures/T_Metal_Gold_D.uasset" 120
"../../../Tutorial/Content/StarterContent/Materials/M_Metal_Gold.uasset" 121
"../../../Engine/Content/Functions/Engine_MaterialFunctions02/Utility/BlendAngleCorrectedNormals.uasset" 122
"../../../Tutorial/Content/StarterContent/Textures/T_Metal_Rust_D.uasset" 123
"../../../Tutorial/Content/StarterContent/Materials/M_Metal_Rust.uasset" 124
"../../../Tutorial/Content/StarterContent/Textures/T_Metal_Steel_D.uasset" 125
"../../../Tutorial/Content/StarterContent/Textures/T_Metal_Steel_N.uasset" 126
"../../../Tutorial/Content/StarterContent/Materials/M_Metal_Steel.uasset" 127
"../../../Tutorial/Content/StarterContent/Textures/T_Rock_Basalt_D.uasset" 128
"../../../Tutorial/Content/StarterContent/Textures/T_Rock_Basalt_N.uasset" 129
"../../../Tutorial/Content/StarterContent/Materials/M_Rock_Basalt.uasset" 130
"../../../Tutorial/Content/StarterContent/Materials/M_Rock_Marble_Polished.uasset" 131
"../../../Tutorial/Content/StarterContent/Textures/T_Rock_Sandstone_D.uasset" 132
"../../../Tutorial/Content/StarterContent/Textures/T_Rock_Sandstone_N.uasset" 133
"../../../Tutorial/Content/StarterContent/Materials/M_Rock_Sandstone.uasset" 134
"../../../Tutorial/Content/StarterContent/Textures/T_Rock_Slate_D.uasset" 135
"../../../Tutorial/Content/StarterContent/Textures/T_Rock_Slate_N.uasset" 136
"../../../Tutorial/Content/StarterContent/Materials/M_Rock_Slate.uasset" 137
"../../../Tutorial/Content/StarterContent/Textures/T_Checker_Noise_M.uasset" 138
"../../../Tutorial/Content/StarterContent/Textures/T_Single_Tile_N.uasset" 139
"../../../Tutorial/Content/StarterContent/Textures/T_Tech_Dot_M.uasset" 140
"../../../Tutorial/Content/StarterContent/Textures/T_Tech_Dot_N.uasset" 141
"../../../Tutorial/Content/StarterContent/Materials/M_Tech_Checker_Dot.uasset" 142
"../../../Tutorial/Content/StarterContent/Textures/T_Tech_Hex_Tile_M.uasset" 143
"../../../Tutorial/Content/StarterContent/Textures/T_Tech_Hex_Tile_N.uasset" 144
"../../../Tutorial/Content/StarterContent/Materials/M_Tech_Hex_Tile.uasset" 145
"../../../Tutorial/Content/StarterContent/Materials/M_Tech_Hex_Tile_Pulse.uasset" 146
"../../../Tutorial/Content/StarterContent/Textures/T_Tech_Panel_M.uasset" 147
"../../../Tutorial/Content/StarterContent/Textures/T_Tech_Panel_N.uasset" 148
"../../../Tutorial/Content/StarterContent/Materials/M_Tech_Panel.uasset" 149
"../../../Tutorial/Content/StarterContent/Materials/M_Water_Lake.uasset" 150
"../../../Tutorial/Content/StarterContent/Textures/T_Water_M.uasset" 151
"../../../Tutorial/Content/StarterContent/Materials/M_Water_Ocean.uasset" 152
"../../../Tutorial/Content/StarterContent/Textures/T_Wood_Floor_Walnut_D.uasset" 153
"../../../Tutorial/Content/StarterContent/Textures/T_Wood_Floor_Walnut_M.uasset" 154
"../../../Tutorial/Content/StarterContent/Textures/T_Wood_Floor_Walnut_N.uasset" 155
"../../../Tutorial/Content/StarterContent/Materials/M_Wood_Floor_Walnut_Polished.uasset" 156
"../../../Engine/Content/Functions/Engine_MaterialFunctions01/Opacity/AlphaOffset.uasset" 157
"../../../Tutorial/Content/StarterContent/Materials/M_Wood_Floor_Walnut_Worn.uasset" 158
"../../../Tutorial/Content/StarterContent/Textures/T_Wood_Oak_D.uasset" 159
"../../../Tutorial/Content/StarterContent/Textures/T_Wood_Oak_N.uasset" 160
"../../../Tutorial/Content/StarterContent/Materials/M_Wood_Oak.uasset" 161
"../../../Tutorial/Content/StarterContent/Textures/T_Wood_Pine_D.uasset" 162
"../../../Tutorial/Content/StarterContent/Textures/T_Wood_Pine_N.uasset" 163
"../../../Tutorial/Content/StarterContent/Materials/M_Wood_Pine.uasset" 164
"../../../Tutorial/Content/StarterContent/Textures/T_Wood_Walnut_D.uasset" 165
"../../../Tutorial/Content/StarterContent/Textures/T_Wood_Walnut_N.uasset" 166
"../../../Tutorial/Content/StarterContent/Materials/M_Wood_Walnut.uasset" 167
"../../../Tutorial/Content/StarterContent/Textures/T_Chair_M.uasset" 168
"../../../Tutorial/Content/StarterContent/Textures/T_Chair_N.uasset" 169
"../../../Tutorial/Content/StarterContent/Props/Materials/M_Chair.uasset" 170
"../../../Tutorial/Content/StarterContent/Materials/M_Basic_Floor.uasset" 171
"../../../Tutorial/Content/StarterContent/Architecture/Floor_400x400.uasset" 172
"../../../Tutorial/Content/StarterContent/Materials/M_Basic_Wall.uasset" 173
"../../../Tutorial/Content/StarterContent/Architecture/Wall_400x200.uasset" 174
"../../../Tutorial/Content/StarterContent/Architecture/Wall_Door_400x300.uasset" 175
"../../../Tutorial/Content/StarterContent/Architecture/Wall_Window_400x300.uasset" 176
"../../../Tutorial/Content/StarterContent/Audio/Collapse01.uasset" 177
"../../../Tutorial/Content/StarterContent/Audio/Collapse02.uasset" 178
"../../../Tutorial/Content/StarterContent/Audio/Collapse_Cue.uasset" 179
"../../../Tutorial/Content/StarterContent/Audio/Starter_Birds01.uasset" 180
"../../../Tutorial/Content/StarterContent/Audio/Starter_Wind05.uasset" 181
"../../../Tutorial/Content/StarterContent/Audio/Starter_Wind06.uasset" 182
"../../../Tutorial/Content/StarterContent/Audio/Starter_Background_Cue.uasset" 183
"../../../Tutorial/Content/StarterContent/Audio/Starter_Music01.uasset" 184
"../../../Tutorial/Content/StarterContent/Audio/Starter_Music_Cue.uasset" 185
"../../../Tutorial/Content/StarterContent/Textures/T_Dust_Particle_D.uasset" 186
"../../../Tutorial/Content/StarterContent/Particles/Materials/M_Dust_Particle.uasset" 187
"../../../Tutorial/Content/StarterContent/Particles/P_Ambient_Dust.uasset" 188
"../../../Tutorial/Content/StarterContent/Props/MaterialSphere.uasset" 189
"../../../Tutorial/Content/StarterContent/Props/SM_Chair.uasset" 190
"../../../Tutorial/Content/StarterContent/Textures/T_Frame_M.uasset" 191
"../../../Tutorial/Content/StarterContent/Textures/T_Frame_N.uasset" 192
"../../../Tutorial/Content/StarterContent/Props/Materials/M_Frame.uasset" 193
"../../../Tutorial/Content/StarterContent/Props/SM_CornerFrame.uasset" 194
"../../../Tutorial/Content/StarterContent/Props/SM_DoorFrame.uasset" 195
"../../../Tutorial/Content/StarterContent/Materials/M_Glass.uasset" 196
"../../../Tutorial/Content/StarterContent/Props/SM_GlassWindow.uasset" 197
"../../../Tutorial/Content/StarterContent/Props/SM_PillarFrame.uasset" 198
"../../../Tutorial/Content/StarterContent/Props/SM_PillarFrame300.uasset" 199
"../../../Tutorial/Content/StarterContent/Textures/T_Statue_M.uasset" 200
"../../../Tutorial/Content/StarterContent/Textures/T_Statue_N.uasset" 201
"../../../Tutorial/Content/StarterContent/Props/Materials/M_Statue.uasset" 202
"../../../Tutorial/Content/StarterContent/Props/Materials/M_StatueGlass.uasset" 203
"../../../Tutorial/Content/StarterContent/Props/SM_Statue.uasset" 204
"../../../Tutorial/Content/StarterContent/Textures/T_TableRound_M.uasset" 205
"../../../Tutorial/Content/StarterContent/Textures/T_TableRound_N.uasset" 206
"../../../Tutorial/Content/StarterContent/Props/Materials/M_TableRound.uasset" 207
"../../../Tutorial/Content/StarterContent/Props/SM_TableRound.uasset" 208
"../../../Tutorial/Content/StarterContent/Props/SM_WindowFrame.uasset" 209
"../../../Tutorial/Content/StarterContent/Shapes/Shape_Cube.uasset" 210
"../../../Tutorial/Content/StarterContent/Shapes/Shape_QuadPyramid.uasset" 211
"../../../Tutorial/Content/StarterContent/Shapes/Shape_Sphere.uasset" 212
"../../../Tutorial/Content/StarterContent/Maps/StarterMap.umap" 213
"../../../Tutorial/Content/Assets/Character/model1/model1_Body_Diffuse.uasset" 214
"../../../Tutorial/Content/Assets/Character/model1/model1_Body_Normal.uasset" 215
"../../../Tutorial/Content/Assets/Character/model1/model1_Body_Specular.uasset" 216
"../../../Tutorial/Content/Assets/Character/model1/Bodymat.uasset" 217
"../../../Tutorial/Content/Assets/Character/model1/model1_Bottom_Diffuse.uasset" 218
"../../../Tutorial/Content/Assets/Character/model1/model1_Bottom_Normal.uasset" 219
"../../../Tutorial/Content/Assets/Character/model1/model1_Bottom_Specular.uasset" 220
"../../../Tutorial/Content/Assets/Character/model1/Bottommat.uasset" 221
"../../../Tutorial/Content/Assets/Character/model1/model1_Hair_Diffuse.uasset" 222
"../../../Tutorial/Content/Assets/Character/model1/model1_Hair_Normal.uasset" 223
"../../../Tutorial/Content/Assets/Character/model1/model1_Hair_Specular.uasset" 224
"../../../Tutorial/Content/Assets/Character/model1/Hairmat.uasset" 225
"../../../Tutorial/Content/Assets/Character/model1/model1_Shoes_Diffuse.uasset" 226
"../../../Tutorial/Content/Assets/Character/model1/model1_Shoes_Normal.uasset" 227
"../../../Tutorial/Content/Assets/Character/model1/model1_Shoes_Specular.uasset" 228
"../../../Tutorial/Content/Assets/Character/model1/Shoesmat.uasset" 229
"../../../Tutorial/Content/Assets/Character/model1/model1_Top_Diffuse.uasset" 230
"../../../Tutorial/Content/Assets/Character/model1/model1_Top_Normal.uasset" 231
"../../../Tutorial/Content/Assets/Character/model1/model1_Top_Specular.uasset" 232
"../../../Tutorial/Content/Assets/Character/model1/Topmat.uasset" 233
"../../../Tutorial/Content/Assets/Character/model1/model1_PhysicsAsset.uasset" 234
"../../../Tutorial/Content/Assets/Character/model1/model1.uasset" 235
"../../../Engine/Content/Functions/Engine_MaterialFunctions01/Texturing/DetailTexturing.uasset" 236
"../../../Tutorial/Content/Assets/Props/weapons/weapon_skorpion/D.uasset" 237
"../../../Tutorial/Content/Assets/Props/weapons/weapon_skorpion/G.uasset" 238
"../../../Tutorial/Content/Assets/Props/weapons/weapon_skorpion/N.uasset" 239
"../../../Tutorial/Content/Assets/Props/weapons/weapon_skorpion/S.uasset" 240
"../../../Tutorial/Content/Assets/Props/weapons/weapon_skorpion/default_material.uasset" 241
"../../../Tutorial/Content/Assets/Props/bullet/bullet1/Gold_1_faked_ref.uasset" 242
"../../../Tutorial/Content/Assets/Props/bullet/bullet1/Metal_Chrome.uasset" 243
"../../../Tutorial/Content/Assets/Props/bullet/bullet1/projektil.uasset" 244
"../../../Tutorial/Content/Assets/Props/weapons/weapon_skorpion/skorpion.uasset" 245
"../../../Tutorial/Content/Assets/Character/common/m_character_skeleton.uasset" 246
"../../../Tutorial/Content/Assets/Character/common/animation/jumping.uasset" 247
"../../../Tutorial/Content/Assets/Character/common/animation/jump_end.uasset" 248
"../../../Tutorial/Content/Assets/Character/common/animation/jump_loop.uasset" 249
"../../../Tutorial/Content/Assets/Character/common/animation/pistol_jump.uasset" 250
"../../../Tutorial/Content/Assets/Character/common/animation/jump_start_pistol.uasset" 251
"../../../Tutorial/Content/Assets/Character/common/animation/pistol_idle.uasset" 252
"../../../Tutorial/Content/Assets/Character/common/animation/neutral_idle.uasset" 253
"../../../Tutorial/Content/Assets/Character/common/animation/running.uasset" 254
"../../../Tutorial/Content/Assets/Character/common/animation/walking.uasset" 255
"../../../Tutorial/Content/Assets/Character/common/animation/idle_to_run.uasset" 256
"../../../Tutorial/Content/Assets/Character/common/animation/rifle_run.uasset" 257
"../../../Tutorial/Content/Assets/Character/common/animation/idle_to_run_rifle.uasset" 258
"../../../Tutorial/Content/Assets/Character/common/m_character_anim_bp.uasset" 259
"../../../Tutorial/Content/Character/CharacterMaterial.uasset" 260
"../../../Tutorial/Content/Character/CharacterMaterial_Inst.uasset" 261
"../../../Tutorial/Content/Character/HeroTPP_PhysicsAsset.uasset" 262
"../../../Tutorial/Content/Character/HeroTPP.uasset" 263
"../../../Tutorial/Content/Character/HeroTPP_Skeleton.uasset" 264
"../../../Tutorial/Content/Character/Animations/Jump_End.uasset" 265
"../../../Tutorial/Content/Character/Animations/Jump_Loop.uasset" 266
"../../../Tutorial/Content/Character/Animations/Jump_Start.uasset" 267
"../../../Tutorial/Content/Character/Animations/Idle.uasset" 268
"../../../Tutorial/Content/Character/Animations/Run.uasset" 269
"../../../Tutorial/Content/Character/Animations/Walk.uasset" 270
"../../../Tutorial/Content/Character/Animations/Idle_Walk_Run.uasset" 271
"../../../Tutorial/Content/Character/CharacterAnimBP.uasset" 272
"../../../Engine/Content/EditorBlueprintResources/ActorMacros.uasset" 273
"../../../Tutorial/Content/Assets/Character/model2/model2_Body_Diffuse.uasset" 274
"../../../Tutorial/Content/Assets/Character/model2/model2_Body_Normal.uasset" 275
"../../../Tutorial/Content/Assets/Character/model2/model2_Body_Specular.uasset" 276
"../../../Tutorial/Content/Assets/Character/model2/Bodymat.uasset" 277
"../../../Tutorial/Content/Assets/Character/model2/Bodymat_eyelashes.uasset" 278
"../../../Tutorial/Content/Assets/Character/model2/model2_Bottom_Diffuse.uasset" 279
"../../../Tutorial/Content/Assets/Character/model2/model2_Bottom_Normal.uasset" 280
"../../../Tutorial/Content/Assets/Character/model2/model2_Bottom_Specular.uasset" 281
"../../../Tutorial/Content/Assets/Character/model2/Bottommat.uasset" 282
"../../../Tutorial/Content/Assets/Character/model2/model2_Hair_Diffuse.uasset" 283
"../../../Tutorial/Content/Assets/Character/model2/model2_Hair_Normal.uasset" 284
"../../../Tutorial/Content/Assets/Character/model2/model2_Hair_Specular.uasset" 285
"../../../Tutorial/Content/Assets/Character/model2/Hairmat.uasset" 286
"../../../Tutorial/Content/Assets/Character/model2/model2_Top_Diffuse.uasset" 287
"../../../Tutorial/Content/Assets/Character/model2/model2_Top_Normal.uasset" 288
"../../../Tutorial/Content/Assets/Character/model2/model2_Top_Specular.uasset" 289
"../../../Tutorial/Content/Assets/Character/model2/Topmat.uasset" 290
"../../../Tutorial/Content/Assets/Character/model2/model2_PhysicsAsset.uasset" 291
"../../../Tutorial/Content/Assets/Character/model2/model2.uasset" 292
"../../../Tutorial/Content/Blueprints/CharacterBP.uasset" 293
"../../../Tutorial/Content/Blueprints/PlayerStateBP.uasset" 294
"../../../Tutorial/Content/Blueprints/ThirdPersonController.uasset" 295
"../../../Tutorial/Content/Blueprints/bulletBP.uasset" 296
"../../../Engine/Content/EngineMaterials/DefaultMaterial.uasset" 297
"../../../Engine/Content/BasicShapes/Sphere.uasset" 298
"../../../Tutorial/Content/StarterContent/Particles/Materials/m_flare_01.uasset" 299
"../../../Tutorial/Content/Assets/Particles/blaster1.uasset" 300
"../../../Tutorial/Content/Blueprints/weapons/bulletBPblaster.uasset" 301
"../../../Tutorial/Content/Assets/Particles/fire1.uasset" 302
"../../../Tutorial/Content/Blueprints/weapons/WeaponBlaster.uasset" 303
"../../../Tutorial/Content/Blueprints/weapons/bulletBPskorpion.uasset" 304
"../../../Tutorial/Content/StarterContent/Audio/Explosion01.uasset" 305
"../../../Tutorial/Content/StarterContent/Audio/Explosion02.uasset" 306
"../../../Tutorial/Content/StarterContent/Audio/Explosion_Cue.uasset" 307
"../../../Tutorial/Content/Blueprints/weapons/WeaponSkorpion.uasset" 308
"../../../Tutorial/Content/UI/GamePlayerHud.uasset" 309
"../../../Tutorial/Content/GameMode-Game.uasset" 310
"../../../Tutorial/Content/Assets/hud/crosshair/crosshairpack1.uasset" 311
"../../../Tutorial/Content/Assets/hud/crosshair/crosshair_mat.uasset" 312
"../../../Tutorial/Content/Assets/hud/health_bar/hud2content.uasset" 313
"../../../Tutorial/Content/Assets/hud/health_bar/hud2mask.uasset" 314
"../../../Tutorial/Content/Assets/hud/health_bar/health_bar_mat2.uasset" 315
"../../../Tutorial/Content/Assets/hud/bullet/bullet2.uasset" 316
"../../../Tutorial/Content/Assets/hud/health_bar/hud2bar.uasset" 317
"../../../Tutorial/Content/Assets/hud/other/bgname.uasset" 318
"../../../Tutorial/Content/Assets/Textures/LUT/LUT_Reddish.uasset" 319
"../../../Tutorial/Content/UI/PlayerHud.uasset" 320
"../../../Tutorial/Content/Blueprints/PlayerBP.uasset" 321
"../../../Tutorial/Content/Blueprints/GameState.uasset" 322
"../../../Tutorial/Content/UI/GameRow.uasset" 323
"../../../Tutorial/Content/UI/GameList.uasset" 324
"../../../Tutorial/Content/UI/InGameMenu.uasset" 325
"../../../Tutorial/Content/Assets/font/RobotoMono.uasset" 326
"../../../Tutorial/Content/UI/InGameScores.uasset" 327
"../../../Tutorial/Content/UI/MainMenu.uasset" 328
"../../../Tutorial/Content/UI/Options.uasset" 329
"../../../Tutorial/Content/UI/Profile.uasset" 330
"../../../Tutorial/Content/Blueprints/ThirdPersonGameInstane.uasset" 331
"../../../Tutorial/Content/GameMode-Menu.uasset" 332
"../../../Tutorial/Content/Levels/Main.umap" 333
"../../../Tutorial/Content/Blueprints/respawnablePeriodic.uasset" 334
"../../../Tutorial/Content/Blueprints/utils.uasset" 335
"../../../Tutorial/Content/Assets/GameObjects/crates/crate_tex2.uasset" 336
"../../../Tutorial/Content/Assets/GameObjects/crates/crate_heal_mat.uasset" 337
"../../../Tutorial/Content/Assets/GameObjects/crates/crate_heal.uasset" 338
"../../../Tutorial/Content/Blueprints/heal.uasset" 339
"../../../Tutorial/Content/Assets/GameObjects/crates/crate_tex4.uasset" 340
"../../../Tutorial/Content/Assets/GameObjects/crates/crate_ammo_mat.uasset" 341
"../../../Tutorial/Content/Assets/GameObjects/crates/crate_ammo.uasset" 342
"../../../Tutorial/Content/Blueprints/ammo.uasset" 343
"../../../Tutorial/Content/Assets/Resources/DIrtyGrass_LayerInfo.uasset" 344
"../../../Tutorial/Content/Assets/Resources/Grass_LayerInfo.uasset" 345
"../../../Tutorial/Content/Assets/Resources/GrassyRock_LayerInfo.uasset" 346
"../../../Tutorial/Content/Assets/Resources/Gravel_LayerInfo.uasset" 347
"../../../Tutorial/Content/Assets/Resources/Rock_LayerInfo.uasset" 348
"../../../Tutorial/Content/Assets/Resources/Snow_LayerInfo.uasset" 349
"../../../Tutorial/Content/Assets/Textures/Terrain/T_Cliff01_D.uasset" 350
"../../../Tutorial/Content/Assets/Textures/Terrain/T_Cliff01_N.uasset" 351
"../../../Tutorial/Content/Assets/Textures/Terrain/T_Cliff02_D.uasset" 352
"../../../Tutorial/Content/Assets/Textures/Terrain/T_Cliff02_N.uasset" 353
"../../../Tutorial/Content/Assets/Textures/Terrain/T_Dirt_D.uasset" 354
"../../../Tutorial/Content/Assets/Textures/Terrain/T_Dirt_N.uasset" 355
"../../../Tutorial/Content/Assets/Textures/Terrain/T_Grass01_D.uasset" 356
"../../../Tutorial/Content/Assets/Textures/Terrain/T_Grass02_N.uasset" 357
"../../../Tutorial/Content/Assets/Textures/Terrain/T_Ground_Grass_D.uasset" 358
"../../../Tutorial/Content/Assets/Textures/Terrain/T_Ground_Grass_N.uasset" 359
"../../../Tutorial/Content/Assets/Materials/Landscape_Material.uasset" 360
"../../../Engine/Content/BasicShapes/Cube.uasset" 361
"../../../Engine/Content/EngineMaterials/DefaultPhysicalMaterial.uasset" 362
"../../../Tutorial/Content/Assets/GameObjects/Stairs.uasset" 363
"../../../Tutorial/Content/StarterContent/Architecture/Pillar_50x500.uasset" 364
"../../../Tutorial/Content/StarterContent/Architecture/Wall_400x300.uasset" 365
"../../../Tutorial/Content/StarterContent/Textures/T_Bush_D.uasset" 366
"../../../Tutorial/Content/StarterContent/Textures/T_Bush_N.uasset" 367
"../../../Tutorial/Content/StarterContent/Props/Materials/M_Bush.uasset" 368
"../../../Tutorial/Content/StarterContent/Props/SM_Bush.uasset" 369
"../../../Tutorial/Content/Levels/Multiplayer-Level1.umap" 370
"../../../Tutorial/Content/StarterContent/Blueprints/Assets/FogBrightnessLUT.uasset" 371
"../../../Tutorial/Content/StarterContent/Blueprints/Assets/SunlightColorLUT.uasset" 372
"../../../Tutorial/Content/StarterContent/Blueprints/Assets/M_LightStage_Arrows.uasset" 373
"../../../Engine/Content/MapTemplates/Sky/DaylightAmbientCubemap.uasset" 374
"../../../Tutorial/Content/StarterContent/Blueprints/Assets/M_LightStage_Skybox_Master.uasset" 375
"../../../Tutorial/Content/StarterContent/Blueprints/Assets/M_LightStage_Skybox_Black.uasset" 376
"../../../Tutorial/Content/StarterContent/Blueprints/Assets/M_LightStage_Skybox_HDRI.uasset" 377
"../../../Engine/Content/EditorMaterials/Thumbnails/SkySphereMaterial.uasset" 378
"../../../Tutorial/Content/StarterContent/Blueprints/Assets/Skybox.uasset" 379
"../../../Tutorial/Content/StarterContent/Blueprints/Assets/SM_Arrows.uasset" 380
"../../../Tutorial/Content/StarterContent/HDRI/HDRI_Epic_Courtyard_Daylight.uasset" 381
"../../../Tutorial/Content/StarterContent/Blueprints/BP_LightStudio.uasset" 382
"../../../Tutorial/Content/StarterContent/Materials/M_AssetPlatform.uasset" 383
"../../../Engine/Content/EditorMeshes/ColorCalibrator/M_ChromeBall.uasset" 384
"../../../Engine/Content/EditorMeshes/ColorCalibrator/M_ClearCoat.uasset" 385
"../../../Engine/Content/EditorMeshes/ColorCalibrator/M_ClearCoatBlack.uasset" 386
"../../../Engine/Content/EditorMeshes/ColorCalibrator/T_ColorGrid.uasset" 387
"../../../Engine/Content/EditorMeshes/ColorCalibrator/M_ColorGrid.uasset" 388
"../../../Engine/Content/EditorMeshes/ColorCalibrator/M_GreyBall.uasset" 389
"../../../Engine/Content/EditorMeshes/ColorCalibrator/SM_ColorCalibrator.uasset" 390
"../../../Tutorial/Content/StarterContent/Architecture/SM_AssetPlatform.uasset" 391
"../../../Tutorial/Content/StarterContent/Maps/Advanced_Lighting.umap" 392
"../../../Engine/Content/Functions/Engine_MaterialFunctions01/Gradient/LinearGradient.uasset" 393
"../../../Engine/Content/Functions/Engine_MaterialFunctions01/ImageAdjustment/CheapContrast.uasset" 394
"../../../Engine/Content/Functions/Engine_MaterialFunctions01/Texturing/SlopeMask.uasset" 395
"../../../Engine/Content/Functions/Engine_MaterialFunctions02/Math/CreateThirdOrthogonalVector.uasset" 396
"../../../Engine/Content/Functions/Engine_MaterialFunctions02/Utility/BreakOutFloat3Components.uasset" 397
"../../../Engine/Content/Functions/Engine_MaterialFunctions02/Math/Transform3x3Matrix.uasset" 398
"../../../Engine/Content/Functions/Engine_MaterialFunctions02/Utility/BreakOutFloat2Components.uasset" 399
"../../../Engine/Content/Functions/Engine_MaterialFunctions02/Utility/MakeFloat3.uasset" 400
"../../../Engine/Content/Functions/Engine_MaterialFunctions02/ExampleContent/Textures/SphereRenderNormalsMap.uasset" 401
"../../../Engine/Content/Functions/Engine_MaterialFunctions02/WorldAlignedNormals_HighQuality.uasset" 402
"../../../Engine/Content/EngineMaterials/DefaultNormal_Uncompressed.uasset" 403
"../../../Engine/Content/Functions/Engine_MaterialFunctions01/Texturing/WorldAlignedNormal.uasset" 404
"../../../Engine/Content/EngineMaterials/DefaultDiffuse.uasset" 405
"../../../Engine/Content/Functions/Engine_MaterialFunctions01/Texturing/WorldAlignedTexture.uasset" 406
"../../../Engine/Content/Functions/MaterialLayerFunctions/MatLayerBlend_Standard.uasset" 407
"../../../Tutorial/Content/Assets/Materials/DirtMaterialFunction.uasset" 408
"../../../Tutorial/Content/Assets/Textures/Terrain/T_Grass02_D.uasset" 409
"../../../Tutorial/Content/Assets/Textures/Terrain/T_Perlin_Noise_M.uasset" 410
"../../../Tutorial/Content/Assets/Materials/GrassMaterialFunction.uasset" 411
"../../../Tutorial/Content/Assets/Materials/RockMaterialFunction.uasset" 412
"../../../Tutorial/Content/Assets/Materials/Landscape_Material2.uasset" 413
"../../../Tutorial/Content/Assets/Materials/Landscape_Material2_Inst.uasset" 414
"../../../Tutorial/Content/Levels/ProfileMap.umap" 415
"../../../Engine/Content/EngineMaterials/DefaultNormal.uasset" 416
"../../../Engine/Content/Maps/Entry.umap" 417
"../../../Tutorial/Content/StarterContent/Maps/Minimal_Default.umap" 418
"../../../Tutorial/Content/Assets/Materials/SnowMaterialFunction.uasset" 419
"../../../Tutorial/Content/Assets/Materials/Landscape_Snow_Material.uasset" 420
"../../../Tutorial/Content/Assets/Materials/Landscape_Snow_Material_Inst.uasset" 421
"../../../Tutorial/Content/Levels/Multiplayer-Snow-Level.umap" 422
"../../../Engine/Content/EngineFonts/Roboto.uasset" 423
"../../../Engine/Content/Functions/Engine_MaterialFunctions01/Shading/PowerToRoughness.uasset" 424
"../../../Engine/Content/Functions/Engine_MaterialFunctions01/Shading/ConvertFromDiffSpec.uasset" 425
"../../../Engine/Content/EngineMaterials/DefaultDeferredDecalMaterial.uasset" 426
"../../../Engine/Content/EngineMaterials/DefaultLightFunctionMaterial.uasset" 427
"../../../Engine/Content/EngineMaterials/DefaultPostProcessMaterial.uasset" 428
"../../../Engine/Content/EngineResources/DefaultTexture.uasset" 429
"../../../Engine/Content/Functions/Engine_MaterialFunctions02/Texturing/ScreenAlignedUVs.uasset" 430
"../../../Engine/Content/EngineResources/WhiteSquareTexture.uasset" 431
"../../../Engine/Content/EngineMaterials/Widget3DPassThrough.uasset" 432
"../../../Engine/Content/EngineMaterials/Widget3DPassThrough_Translucent.uasset" 433
"../../../Engine/Content/EngineMaterials/Widget3DPassThrough_Translucent_OneSided.uasset" 434
"../../../Engine/Content/EngineMaterials/Widget3DPassThrough_Opaque.uasset" 435
"../../../Engine/Content/EngineMaterials/Widget3DPassThrough_Opaque_OneSided.uasset" 436
"../../../Engine/Content/EngineMaterials/Widget3DPassThrough_Masked.uasset" 437
"../../../Engine/Content/EngineMaterials/Widget3DPassThrough_Masked_OneSided.uasset" 438
"../../../Engine/Content/EditorResources/S_Actor.uasset" 439
"../../../Engine/Content/Maps/Templates/Thumbnails/Default.uasset" 440
"../../../Engine/Content/EditorMaterials/ParticleSystems/PSysThumbnail_NoImage.uasset" 441
"../../../Engine/Content/EditorMaterials/ParticleSystems/PSysThumbnail_OOD.uasset" 442
"../../../Engine/Content/EditorLandscapeResources/DataLayer.uasset" 443
"../../../Engine/Content/EngineDamageTypes/DmgTypeBP_Environmental.uasset" 444
"../../../Engine/Content/EngineMeshes/Sphere.uasset" 445
"../../../Engine/Content/EngineMaterials/DefaultTextMaterialOpaque.uasset" 446
"../../../Engine/Content/EditorResources/S_Trigger.uasset" 447
"../../../Engine/Content/EngineResources/GradientTexture0.uasset" 448
"../../../Engine/Content/EngineResources/Black.uasset" 449
"../../../Engine/Content/EditorMaterials/MatineeGroups/MAT_Groups_Float.uasset" 450
"../../../Engine/Content/EditorMaterials/MatineeGroups/MAT_Groups_Director.uasset" 451
"../../../Engine/Content/EditorMaterials/MatineeGroups/MAT_Groups_Event.uasset" 452
"../../../Engine/Content/EditorMaterials/MatineeGroups/MAT_Groups_Anim.uasset" 453
"../../../Engine/Content/EditorMaterials/MatineeGroups/MAT_Groups_Fade.uasset" 454
"../../../Engine/Content/EditorMaterials/MatineeGroups/MAT_Groups_Move.uasset" 455
"../../../Engine/Content/EditorMaterials/MatineeGroups/MAT_Groups_Slomo.uasset" 456
"../../../Engine/Content/EditorMaterials/MatineeGroups/MAT_ColorTrack.uasset" 457
"../../../Engine/Content/EditorMaterials/MAT_Groups_Toggle.uasset" 458
"../../../Engine/Content/EditorMaterials/MatineeGroups/MAT_Groups_AudioMaster.uasset" 459
"../../../Engine/Content/EditorMaterials/MatineeGroups/MAT_Groups_Sound.uasset" 460
"../../../Engine/Content/EditorMaterials/MatineeGroups/MAT_Groups_Vector.uasset" 461
"../../../Engine/Content/EditorMaterials/MAT_Groups_Visibility.uasset" 462
"../../../Engine/Content/EngineResources/DefaultTextureCube.uasset" 463
"../../../Engine/Content/EngineMeshes/Cylinder.uasset" 464
"../../../Engine/Content/EngineTireTypes/DefaultTireType.uasset" 465
"../../../Engine/Content/EngineResources/AICON-Red.uasset" 466
"../../../Engine/Content/EngineResources/AICON-Green.uasset" 467
"../../../Engine/Content/Tutorial/Landscape/TutorialAssets/Landscape.uasset" 468
"../../../Engine/Content/Tutorial/Landscape/Landscape_Painting_Mode.uasset" 469
"../../../Engine/Content/Tutorial/Landscape/Landscape_Sculpt_Mode.uasset" 470
"../../../Engine/Content/Tutorial/Landscape/Landscape_Manage_Mode.uasset" 471
"../../../Engine/Content/Tutorial/Basics/LevelEditorAttract.uasset" 472
"../../../Engine/Content/Tutorial/ContentIntroCurve.uasset" 473
"../../../Engine/Plugins/2D/Paper2D/Content/PlaceholderTextures/DummySpriteTexture.uasset" 474
"../../../Engine/Plugins/2D/Paper2D/Content/DefaultSpriteMaterial.uasset" 475
"../../../Engine/Plugins/2D/Paper2D/Content/MaskedUnlitSpriteMaterial.uasset" 476
"../../../Engine/Plugins/2D/Paper2D/Content/OpaqueUnlitSpriteMaterial.uasset" 477
"../../../Engine/Plugins/2D/Paper2D/Content/DummySpriteTexture.uasset" 478
"../../../Engine/Plugins/2D/Paper2D/Content/DummySprite.uasset" 479
"../../../Engine/Plugins/2D/Paper2D/Content/DefaultPaperTerrainMaterial.uasset" 480
"../../../Engine/Plugins/Runtime/LeapMotionController/Content/LM_CapsuleMesh.uasset" 481
"../../../Engine/Plugins/Runtime/LeapMotionController/Content/LM_TorusMesh.uasset" 482
"../../../Engine/Plugins/Runtime/LeapMotionController/Content/LM_HandColor.uasset" 483
"../../../Engine/Plugins/Runtime/LeapMotionController/Content/LM_SampleDistortion.uasset" 484
"../../../Engine/Plugins/Runtime/LeapMotionController/Content/LM_TestTexture.uasset" 485
"../../../Engine/Plugins/Runtime/LeapMotionController/Content/LM_PassthroughMaterial.uasset" 486
"../../../Engine/Content/EngineMaterials/RemoveSurfaceMaterial.uasset" 487
"../../../Engine/Content/EngineDebugMaterials/DebugMeshMaterial.uasset" 488
"../../../Engine/Content/EngineMaterials/InvalidLightmapSettings.uasset" 489
"../../../Engine/Content/EngineMaterials/M_InvalidLightmapSettings.uasset" 490
"../../../Engine/Content/EditorMaterials/GizmoMaterial.uasset" 491
"../../../Engine/Content/EngineMaterials/Good64x64TilingNoiseHighFreq.uasset" 492
"../../../Engine/Content/EngineMaterials/DefaultBokeh.uasset" 493
"../../../Engine/Content/EngineMaterials/PreintegratedSkinBRDF.uasset" 494
"../../../Engine/Content/EngineMaterials/MiniFont.uasset" 495
"../../../Engine/Content/EngineMaterials/WeightMapPlaceholderTexture.uasset" 496
"../../../Engine/Content/EngineMaterials/DefaultWhiteGrid.uasset" 497
"../../../Engine/Content/EngineFonts/RobotoTiny.uasset" 498
"../../../Engine/Content/MobileResources/HUD/MobileHUDButtonFire.uasset" 499
"../../../Engine/Content/EditorResources/AudioIcons/S_AudioComponent_AutoActivate.uasset" 500
"../../../Engine/Content/EditorResources/EmptyActor.uasset" 501
"../../../Tutorial/Content/Game.uasset" 502
"../../../Tutorial/Content/Assets/Character/common/animation/crouch_idle.uasset" 503
"../../../Tutorial/Content/Assets/Character/common/animation/dying.uasset" 504
"../../../Tutorial/Content/Assets/Character/common/animation/gunplay.uasset" 505
"../../../Tutorial/Content/Assets/Character/common/animation/jump_start.uasset" 506
"../../../Tutorial/Content/Assets/Materials/M_Water_Ocean.uasset" 507
"../../../Tutorial/Content/Assets/Materials/M_Water_Ocean2.uasset" 508
"../../../Tutorial/Content/Assets/Textures/Terrain/T_Road01_D.uasset" 509
"../../../Tutorial/Content/StarterContent/Textures/T_Burst_M.uasset" 510
"../../../Tutorial/Content/StarterContent/Particles/Materials/M_Burst.uasset" 511
"../../../Tutorial/Content/StarterContent/Textures/T_Explosion_SubUV.uasset" 512
"../../../Tutorial/Content/StarterContent/Particles/Materials/M_explosion_subUV.uasset" 513
"../../../Tutorial/Content/StarterContent/Particles/Materials/M_radial_ramp.uasset" 514
"../../../Tutorial/Content/StarterContent/Particles/P_Explosion.uasset" 515
"../../../Tutorial/Content/StarterContent/Blueprints/Blueprint_Effect_Explosion.uasset" 516
"../../../Tutorial/Content/Assets/Textures/Terrain/T_Road01_N.uasset" 517
"../../../Tutorial/Content/StarterContent/Architecture/Wall_400x400.uasset" 518
"../../../Tutorial/Content/StarterContent/Architecture/Wall_500x500.uasset" 519
"../../../Tutorial/Content/Assets/Character/common/animation/sprint_forward.uasset" 520
"../../../Engine/Content/MobileResources/HUD/T_Castle_ThumbstickInner.uasset" 521
"../../../Engine/Content/MobileResources/HUD/MobileHUDDirectionPad2.uasset" 522
"../../../Tutorial/Content/Assets/hud/bullet/bullet.uasset" 523
"../../../Tutorial/Content/Assets/Textures/Terrain/T_Path01_N.uasset" 524
"../../../Engine/Content/MobileResources/HUD/MobileHUDDirectionPad.uasset" 525
"../../../Tutorial/Content/Assets/Textures/Terrain/T_Path01_D.uasset" 526
"../../../Engine/Content/MobileResources/HUD/MobileHUDButton3.uasset" 527
"../../../Engine/Content/MobileResources/HUD/MobileHUDButton1_off.uasset" 528
"../../../Engine/Content/MobileResources/HUD/MobileHUDButton2_on.uasset" 529
"../../../Tutorial/Content/Assets/GameObjects/crates/crate_tex3.uasset" 530
"../../../Tutorial/Content/Assets/GameObjects/crates/crate_2_mat.uasset" 531
"../../../Tutorial/Content/Assets/GameObjects/crates/crate_2.uasset" 532
"../../../Tutorial/Content/Assets/Character/common/animation/walk_crouching_forward_right.uasset" 533
"../../../Tutorial/Content/Assets/Character/common/animation/stand_to_crouch.uasset" 534
"../../../Engine/Content/MobileResources/HUD/MobileHUDDirectionStick.uasset" 535
"../../../Engine/Content/EditorResources/LightIcons/S_LightError.uasset" 536
"../../../Tutorial/Content/Assets/GameObjects/crates/crate_tex.uasset" 537
"../../../Tutorial/Content/StarterContent/Shapes/Shape_WideCapsule.uasset" 538
"../../../Tutorial/Content/StarterContent/Shapes/Shape_Wedge_B.uasset" 539
"../../../Tutorial/Content/StarterContent/Shapes/Shape_Wedge_A.uasset" 540
"../../../Tutorial/Content/StarterContent/Shapes/Shape_Tube.uasset" 541
"../../../Tutorial/Content/StarterContent/Shapes/Shape_TriPyramid.uasset" 542
"../../../Tutorial/Content/StarterContent/Shapes/Shape_Trim_90_Out.uasset" 543
"../../../Tutorial/Content/StarterContent/Shapes/Shape_Trim_90_In.uasset" 544
"../../../Tutorial/Content/StarterContent/Shapes/Shape_Trim.uasset" 545
"../../../Tutorial/Content/StarterContent/Shapes/Shape_Torus.uasset" 546
"../../../Tutorial/Content/StarterContent/Shapes/Shape_Plane.uasset" 547
"../../../Tutorial/Content/StarterContent/Shapes/Shape_Pipe_90.uasset" 548
"../../../Tutorial/Content/StarterContent/Shapes/Shape_Pipe_180.uasset" 549
"../../../Tutorial/Content/StarterContent/Shapes/Shape_Pipe.uasset" 550
"../../../Tutorial/Content/StarterContent/Shapes/Shape_NarrowCapsule.uasset" 551
"../../../Tutorial/Content/StarterContent/Shapes/Shape_Cylinder.uasset" 552
"../../../Tutorial/Content/StarterContent/Shapes/Shape_Cone.uasset" 553
"../../../Engine/Content/MobileResources/HUD/MobileHUDButton2_off.uasset" 554
"../../../Engine/Content/MobileResources/HUD/MobileHUDButton1_on.uasset" 555
"../../../Engine/Content/MobileResources/T_MobileMenu2.uasset" 556
"../../../Tutorial/Content/Assets/Textures/Terrain/T_MacroVariation.uasset" 557
"../../../Tutorial/Content/Assets/Props/weapons/weapon_list.uasset" 558
"../../../Tutorial/Content/Assets/hud/health_bar/content.uasset" 559
"../../../Tutorial/Content/Assets/hud/health_bar/mask.uasset" 560
"../../../Tutorial/Content/Assets/hud/health_bar/health_bar_mat.uasset" 561
"../../../Tutorial/Content/Assets/hud/health_bar/health_bar_mat_Inst.uasset" 562
"../../../Tutorial/Content/Assets/hud/health_bar/border.uasset" 563
"../../../Tutorial/Content/Assets/hud/health_bar/health_bar_border_mat.uasset" 564
"../../../Tutorial/Content/Assets/Textures/Terrain/T_Grass01_N.uasset" 565
"../../../Engine/Content/MobileResources/HUD/VirtualJoystick_Background.uasset" 566
"../../../Engine/Content/MobileResources/HUD/VirtualJoystick_Thumb.uasset" 567
"../../../Engine/Content/MobileResources/HUD/LeftVirtualJoystickOnly.uasset" 568
"../../../Engine/Content/EditorMaterials/PhAT_JointLimitMaterial.uasset" 569
"../../../Engine/Content/EditorMaterials/PreviewShadowIndicator.uasset" 570
"../../../Engine/Content/EditorMaterials/PreviewShadowIndicatorMaterial.uasset" 571
"../../../Engine/Content/EditorResources/BSPVertex.uasset" 572
"../../../Engine/Content/EditorResources/AudioIcons/S_AudioComponent.uasset" 573
"../../../Engine/Content/EngineDebugMaterials/HeatmapGradient.uasset" 574
"../../../Engine/Content/EngineDebugMaterials/BoneWeightMaterial.uasset" 575
"../../../Engine/Content/EngineDebugMaterials/GeomMaterial.uasset" 576
"../../../Engine/Content/EngineMaterials/EditorBrushMaterial.uasset" 577
"../../../Engine/Content/MobileResources/T_MobileControls_texture.uasset" 578
"../../../Engine/Content/MobileResources/HUD/AnalogHat.uasset" 579
"../../../Engine/Content/MobileResources/HUD/DefaultVirtualJoysticks.uasset" 580
"../../../Engine/Content/MobileResources/HUD/MobileHUDDirectionPad3.uasset" 581
"../../../Engine/Content/MobileResources/HUD/T_Castle_ThumbstickOutter.uasset" 582
"../../../Engine/Content/Tutorial/Basics/TutorialAssets/icon_tab_Levels_40x.uasset" 583
"../../../Engine/Content/Tutorial/Basics/LevelEditorOverview.uasset" 584
"../../../Engine/Content/Tutorial/BlueprintTutorials/TutorialAssets/Blueprint_64x.uasset" 585
"../../../Engine/Content/Tutorial/BlueprintTutorials/BlueprintEditorTutorial.uasset" 586
"../../../Engine/Content/Tutorial/BlueprintTutorials/TutorialAssets/BlueprintInterface_64x.uasset" 587
"../../../Engine/Content/Tutorial/BlueprintTutorials/TutorialAssets/Tutorial_BP_Interface.uasset" 588
"../../../Engine/Content/Tutorial/BlueprintTutorials/BlueprintInterfacesEditorOverview.uasset" 589
"../../../Engine/Content/Tutorial/BlueprintTutorials/TutorialAssets/BlueprintMacroLibrary_64x.uasset" 590
"../../../Engine/Content/Tutorial/BlueprintTutorials/TutorialAssets/Tutorial_BP_MacroLib.uasset" 591
"../../../Engine/Content/Tutorial/BlueprintTutorials/BlueprintMacroLibrariesEditorOverview.uasset" 592
"../../../Engine/Content/Tutorial/BlueprintTutorials/LevelBlueprintEditorOverview.uasset" 593
"../../../Engine/Content/Tutorial/Foliage/TutorialAssets/Foliage.uasset" 594
"../../../Engine/Content/Tutorial/Foliage/Foliage_Settings_Tutorial.uasset" 595
"../../../Engine/Content/Tutorial/Foliage/Foliage_Using_The_Tool_Tutorial.uasset" 596
"../../../Engine/Content/Tutorial/Foliage/Foliage_Intro_Tutorial.uasset" 597
"../../../Engine/Content/Tutorial/Paper2D/TutorialAssets/Paper2DFlipbook_TutorialIcon.uasset" 598
"../../../Engine/Content/Tutorial/Paper2D/FlipbookEditorTutorial.uasset" 599
"../../../Engine/Content/Tutorial/Paper2D/TutorialAssets/Paper2DSprite_TutorialIcon.uasset" 600
"../../../Engine/Content/Tutorial/Paper2D/SpriteEditorTutorial.uasset" 601
"../../../Engine/Content/EditorMeshes/EditorCube.uasset" 602
"../../../Engine/Content/Tutorial/SubEditors/TutorialAssets/Tutorial_DM.uasset" 603
"../../../Engine/Content/Tutorial/SubEditors/DestructibleMeshEditorTutorial.uasset" 604
"../../../Engine/Content/Tutorial/SubEditors/TutorialAssets/TutorialMaterial.uasset" 605
"../../../Engine/Content/Tutorial/SubEditors/MaterialEditorTutorial.uasset" 606
"../../../Engine/Content/Tutorial/SubEditors/TutorialAssets/T_SmokeSubUV_8X8.uasset" 607
"../../../Engine/Content/Tutorial/SubEditors/TutorialAssets/T_soft_smoke.uasset" 608
"../../../Engine/Content/Tutorial/SubEditors/TutorialAssets/M_smoke_subUV_blackbody.uasset" 609
"../../../Engine/Content/Tutorial/SubEditors/TutorialAssets/TutorialParticleSystem.uasset" 610
"../../../Engine/Content/Tutorial/SubEditors/ParticleSystemEditorTutorial.uasset" 611
"../../../Engine/Content/Tutorial/SubEditors/TutorialAssets/icon_ShowSkeletalMeshes_40x.uasset" 612
"../../../Engine/Content/Tutorial/SubEditors/TutorialAssets/Character/TutorialTPP_Mat.uasset" 613
"../../../Engine/Content/Tutorial/SubEditors/TutorialAssets/Character/TutorialTPP_PhysicsAsset.uasset" 614
"../../../Engine/Content/Tutorial/SubEditors/TutorialAssets/Character/TutorialTPP.uasset" 615
"../../../Engine/Content/Tutorial/SubEditors/TutorialAssets/Character/TutorialTPP_Skeleton.uasset" 616
"../../../Engine/Content/Tutorial/SubEditors/TutorialAssets/Character/Tutorial_Idle.uasset" 617
"../../../Engine/Content/Tutorial/SubEditors/TutorialAssets/Character/Tutorial_Walk_Fwd.uasset" 618
"../../../Engine/Content/Tutorial/SubEditors/TutorialAssets/Character/NewBlendSpace1D.uasset" 619
"../../../Engine/Content/Tutorial/SubEditors/TutorialAssets/Character/TutorialCharacter.uasset" 620
"../../../Engine/Content/Tutorial/SubEditors/TutorialAssets/Character/TutorialTPP_AnimBlueprint.uasset" 621
"../../../Engine/Content/Tutorial/SubEditors/PersonaAnimBlueprintEditorWalkthrough.uasset" 622
"../../../Engine/Content/Tutorial/SubEditors/PersonaAnimEditorWalkthrough.uasset" 623
"../../../Engine/Content/EngineMeshes/Cube.uasset" 624
"../../../Engine/Content/Tutorial/SubEditors/StaticMeshEditorTutorial.uasset" 625
"../../../Engine/Content/Tutorial/SubEditors/TutorialAssets/icon_Editor_Preferences_General_40x.uasset" 626
"../../../Tutorial/Content/Assets/Props/skorpion_tris.uasset" 627
"../../../Tutorial/Content/Assets/Textures/Terrain/T_Road02_D.uasset" 628
"../../../Tutorial/Content/Assets/Textures/Terrain/T_Road02_N.uasset" 629
"../../../Tutorial/Content/Blueprints/damageZone.uasset" 630
"../../../Tutorial/Content/Character/CharacterBP.uasset" 631
"../../../Tutorial/Content/Character/M_Template_Master.uasset" 632
"../../../Tutorial/Content/Character/Animations/MontageExample_End_1.uasset" 633
"../../../Tutorial/Content/Character/Animations/MontageExample_End_2.uasset" 634
"../../../Tutorial/Content/Character/Animations/MontageExample_Punch_1.uasset" 635
"../../../Tutorial/Content/Character/Animations/MontageExample_Punch_2.uasset" 636
"../../../Tutorial/Content/Character/Animations/MontageExample_Start.uasset" 637
"../../../Tutorial/Content/Character/Animations/PunchingMontage.uasset" 638
"../../../Tutorial/Content/StarterContent/Architecture/Wall_Door_400x400.uasset" 639
"../../../Tutorial/Content/StarterContent/Architecture/Wall_Window_400x400.uasset" 640
"../../../Tutorial/Content/StarterContent/Audio/Light01.uasset" 641
"../../../Tutorial/Content/StarterContent/Audio/Light01_Cue.uasset" 642
"../../../Tutorial/Content/StarterContent/Audio/Light02.uasset" 643
"../../../Tutorial/Content/StarterContent/Audio/Light02_Cue.uasset" 644
"../../../Tutorial/Content/StarterContent/Materials/M_ColorGrid_LowSpec.uasset" 645
"../../../Tutorial/Content/StarterContent/Props/SM_Couch.uasset" 646
"../../../Tutorial/Content/StarterContent/Textures/T_Door_M.uasset" 647
"../../../Tutorial/Content/StarterContent/Textures/T_Door_N.uasset" 648
"../../../Tutorial/Content/StarterContent/Props/Materials/M_Door.uasset" 649
"../../../Tutorial/Content/StarterContent/Props/SM_Door.uasset" 650
"../../../Tutorial/Content/StarterContent/Props/Materials/M_MaterialSphere.uasset" 651
"../../../Tutorial/Content/StarterContent/Props/Materials/M_MaterialSphere_Plain.uasset" 652
"../../../Tutorial/Content/StarterContent/Props/SM_MatPreviewMesh_02.uasset" 653
"../../../Tutorial/Content/StarterContent/Textures/T_RockMesh_M.uasset" 654
"../../../Tutorial/Content/StarterContent/Textures/T_RockMesh_N.uasset" 655
"../../../Tutorial/Content/StarterContent/Props/Materials/M_Rock.uasset" 656
"../../../Tutorial/Content/StarterContent/Props/SM_Rock.uasset" 657
"../../../Tutorial/Content/StarterContent/Textures/T_Shelf_M.uasset" 658
"../../../Tutorial/Content/StarterContent/Textures/T_Shelf_N.uasset" 659
"../../../Tutorial/Content/StarterContent/Props/Materials/M_Shelf.uasset" 660
"../../../Tutorial/Content/StarterContent/Props/SM_Shelf.uasset" 661
"../../../Tutorial/Content/StarterContent/Props/SM_Stairs.uasset" 662
