"E:/Unreal/Tutorial/Tutorial.uproject" 1
"../../../Engine/Plugins/2D/Paper2D/Paper2D.uplugin" 2
"../../../Engine/Plugins/Blendables/LightPropagationVolume/LightPropagationVolume.uplugin" 3
"../../../Engine/Plugins/Developer/BlankPlugin/BlankPlugin.uplugin" 4
"../../../Engine/Plugins/Developer/CodeLiteSourceCodeAccess/CodeLiteSourceCodeAccess.uplugin" 5
"../../../Engine/Plugins/Developer/GitSourceControl/GitSourceControl.uplugin" 6
"../../../Engine/Plugins/Developer/KDevelopSourceCodeAccess/KDevelopSourceCodeAccess.uplugin" 7
"../../../Engine/Plugins/Developer/NullSourceCodeAccess/NullSourceCodeAccess.uplugin" 8
"../../../Engine/Plugins/Developer/OneSkyLocalizationService/OneSkyLocalizationService.uplugin" 9
"../../../Engine/Plugins/Developer/PerforceSourceControl/PerforceSourceControl.uplugin" 10
"../../../Engine/Plugins/Developer/SubversionSourceControl/SubversionSourceControl.uplugin" 11
"../../../Engine/Plugins/Developer/UObjectPlugin/UObjectPlugin.uplugin" 12
"../../../Engine/Plugins/Developer/VisualStudioSourceCodeAccess/VisualStudioSourceCodeAccess.uplugin" 13
"../../../Engine/Plugins/Developer/XCodeSourceCodeAccess/XCodeSourceCodeAccess.uplugin" 14
"../../../Engine/Plugins/Editor/EpicSurvey/EpicSurvey.uplugin" 15
"../../../Engine/Plugins/Editor/MacGraphicsSwitching/MacGraphicsSwitching.uplugin" 16
"../../../Engine/Plugins/Editor/PluginBrowser/PluginBrowser.uplugin" 17
"../../../Engine/Plugins/Editor/SpeedTreeImporter/SpeedTreeImporter.uplugin" 18
"../../../Engine/Plugins/Experimental/BlueprintStats/BlueprintStats.uplugin" 19
"../../../Engine/Plugins/Experimental/CharacterAI/CharacterAI.uplugin" 20
"../../../Engine/Plugins/Experimental/CodeEditor/CodeEditor.uplugin" 21
"../../../Engine/Plugins/Experimental/CodeView/CodeView.uplugin" 22
"../../../Engine/Plugins/Experimental/HTML5Networking/HTML5Networking.uplugin" 23
"../../../Engine/Plugins/Experimental/LiveEditor/LiveEditor.uplugin" 24
"../../../Engine/Plugins/Experimental/Phya/Phya.uplugin" 25
"../../../Engine/Plugins/Experimental/SimpleHMD/SimpleHMD.uplugin" 26
"../../../Engine/Plugins/Experimental/StructBox/StructBox.uplugin" 27
"../../../Engine/Plugins/Media/AndroidMedia/AndroidMedia.uplugin" 28
"../../../Engine/Plugins/Media/AvfMedia/AvfMedia.uplugin" 29
"../../../Engine/Plugins/Media/MediaPlayerEditor/MediaPlayerEditor.uplugin" 30
"../../../Engine/Plugins/Media/WmfMedia/WmfMedia.uplugin" 31
"../../../Engine/Plugins/Messaging/MessagingDebugger/MessagingDebugger.uplugin" 32
"../../../Engine/Plugins/Messaging/UdpMessaging/UdpMessaging.uplugin" 33
"../../../Engine/Plugins/MovieScene/LevelSequenceEditor/LevelSequenceEditor.uplugin" 34
"../../../Engine/Plugins/NetcodeUnitTest/NetcodeUnitTest/NetcodeUnitTest.uplugin" 35
"../../../Engine/Plugins/NetcodeUnitTest/NUTUnrealEngine4/NUTUnrealEngine4.uplugin" 36
"../../../Engine/Plugins/Runtime/Advertising/IOSTapJoy/IOSTapJoy.uplugin" 37
"../../../Engine/Plugins/Runtime/Analytics/AnalyticsBlueprintLibrary/AnalyticsBlueprintLibrary.uplugin" 38
"../../../Engine/Plugins/Runtime/Analytics/AnalyticsMulticast/AnalyticsMulticast.uplugin" 39
"../../../Engine/Plugins/Runtime/Analytics/Apsalar/IOSApsalar/IOSApsalar.uplugin" 40
"../../../Engine/Plugins/Runtime/Analytics/FileLogging/FileLogging.uplugin" 41
"../../../Engine/Plugins/Runtime/Analytics/Flurry/IOSFlurry/IOSFlurry.uplugin" 42
"../../../Engine/Plugins/Runtime/AndroidDeviceProfileSelector/AndroidDeviceProfileSelector.uplugin" 43
"../../../Engine/Plugins/Runtime/AndroidMoviePlayer/AndroidMoviePlayer.uplugin" 44
"../../../Engine/Plugins/Runtime/AppleMoviePlayer/AppleMoviePlayer.uplugin" 45
"../../../Engine/Plugins/Runtime/ArchVisCharacter/ArchVisCharacter.uplugin" 46
"../../../Engine/Plugins/Runtime/CableComponent/CableComponent.uplugin" 47
"../../../Engine/Plugins/Runtime/CustomMeshComponent/CustomMeshComponent.uplugin" 48
"../../../Engine/Plugins/Runtime/ExampleDeviceProfileSelector/ExampleDeviceProfileSelector.uplugin" 49
"../../../Engine/Plugins/Runtime/GearVR/GearVR.uplugin" 50
"../../../Engine/Plugins/Runtime/IOSDeviceProfileSelector/IOSDeviceProfileSelector.uplugin" 51
"../../../Engine/Plugins/Runtime/LeapMotionController/LeapMotionController.uplugin" 52
"../../../Engine/Plugins/Runtime/LinuxDeviceProfileSelector/LinuxDeviceProfileSelector.uplugin" 53
"../../../Engine/Plugins/Runtime/LiveEditorListenServer/LiveEditorListenServer.uplugin" 54
"../../../Engine/Plugins/Runtime/OculusAudio/OculusAudio.uplugin" 55
"../../../Engine/Plugins/Runtime/OculusInput/OculusInput.uplugin" 56
"../../../Engine/Plugins/Runtime/OculusLibrary/OculusLibrary.uplugin" 57
"../../../Engine/Plugins/Runtime/OculusRift/OculusRift.uplugin" 58
"../../../Engine/Plugins/Runtime/ProceduralMeshComponent/ProceduralMeshComponent.uplugin" 59
"../../../Engine/Plugins/Runtime/SoundMod/SoundMod.uplugin" 60
"../../../Engine/Plugins/Runtime/SoundVisualizations/SoundVisualizations.uplugin" 61
"../../../Engine/Plugins/Runtime/Steam/SteamController/SteamController.uplugin" 62
"../../../Engine/Plugins/Runtime/Steam/SteamVR/SteamVR.uplugin" 63
"../../../Engine/Plugins/Runtime/WebBrowserWidget/WebBrowserWidget.uplugin" 64
"../../../Engine/Plugins/Runtime/WindowsDeviceProfileSelector/WindowsDeviceProfileSelector.uplugin" 65
"../../../Engine/Plugins/Runtime/WindowsMoviePlayer/WindowsMoviePlayer.uplugin" 66
"../../../Engine/Plugins/ScriptGeneratorPlugin/ScriptGeneratorPlugin.uplugin" 67
"../../../Engine/Plugins/ScriptPlugin/ScriptPlugin.uplugin" 68
"../../../Engine/Plugins/Slate/SlateRemote/SlateRemote.uplugin" 69
"..\..\..\Engine\Content\Internationalization\icudt53l\cnvalias.icu" 70
"..\..\..\Engine\Content\Internationalization\icudt53l\en_US_POSIX.res" 71
"..\..\..\Engine\Content\Internationalization\icudt53l\pool.res" 72
"..\..\..\Engine\Content\Internationalization\icudt53l\en_US.res" 73
"..\..\..\Engine\Content\Internationalization\icudt53l\en.res" 74
"..\..\..\Engine\Content\Internationalization\icudt53l\root.res" 75
"..\..\..\Engine\Content\Internationalization\icudt53l\en_CA.res" 76
"C:/Users/Remi/AppData/Local/UnrealEngine/4.10/Saved/Config/Windows/Manifest.ini" 77
"../../../Engine/Config/Base.ini" 78
"../../../Engine/Config/BaseEngine.ini" 79
"E:/Unreal/Tutorial/Config/DefaultEngine.ini" 80
"../../../Engine/Config/Windows/WindowsEngine.ini" 81
"E:/Unreal/Tutorial/Saved/Config/Windows/Engine.ini" 82
"E:/Unreal/Tutorial/Intermediate/Config/CoalescedSourceConfigs/Engine.ini" 83
"../../../Engine/Config/BaseGame.ini" 84
"E:/Unreal/Tutorial/Config/DefaultGame.ini" 85
"E:/Unreal/Tutorial/Saved/Config/Windows/Game.ini" 86
"E:/Unreal/Tutorial/Intermediate/Config/CoalescedSourceConfigs/Game.ini" 87
"../../../Engine/Config/BaseInput.ini" 88
"E:/Unreal/Tutorial/Config/DefaultInput.ini" 89
"E:/Unreal/Tutorial/Saved/Config/Windows/Input.ini" 90
"E:/Unreal/Tutorial/Intermediate/Config/CoalescedSourceConfigs/Input.ini" 91
"../../../Engine/Config/BaseEditor.ini" 92
"E:/Unreal/Tutorial/Config/DefaultEditor.ini" 93
"E:/Unreal/Tutorial/Saved/Config/Windows/Editor.ini" 94
"E:/Unreal/Tutorial/Intermediate/Config/CoalescedSourceConfigs/Editor.ini" 95
"../../../Engine/Config/BaseEditorPerProjectUserSettings.ini" 96
"E:/Unreal/Tutorial/Saved/Config/Windows/EditorPerProjectUserSettings.ini" 97
"E:/Unreal/Tutorial/Intermediate/Config/CoalescedSourceConfigs/EditorPerProjectUserSettings.ini" 98
"../../../Engine/Config/BaseEditorSettings.ini" 99
"C:/Users/Remi/AppData/Local/UnrealEngine/4.10/Saved/Config/Windows/EditorSettings.ini" 100
"E:/Unreal/Tutorial/Intermediate/Config/CoalescedSourceConfigs/EditorSettings.ini" 101
"../../../Engine/Config/BaseEditorLayout.ini" 102
"C:/Users/Remi/AppData/Local/UnrealEngine/4.10/Saved/Config/Windows/EditorLayout.ini" 103
"E:/Unreal/Tutorial/Intermediate/Config/CoalescedSourceConfigs/EditorLayout.ini" 104
"../../../Engine/Config/BaseEditorKeyBindings.ini" 105
"C:/Users/Remi/AppData/Local/UnrealEngine/4.10/Saved/Config/Windows/EditorKeyBindings.ini" 106
"E:/Unreal/Tutorial/Intermediate/Config/CoalescedSourceConfigs/EditorKeyBindings.ini" 107
"../../../Engine/Config/BaseCompat.ini" 108
"E:/Unreal/Tutorial/Saved/Config/Windows/Compat.ini" 109
"E:/Unreal/Tutorial/Intermediate/Config/CoalescedSourceConfigs/Compat.ini" 110
"../../../Engine/Config/BaseLightmass.ini" 111
"E:/Unreal/Tutorial/Saved/Config/Windows/Lightmass.ini" 112
"E:/Unreal/Tutorial/Intermediate/Config/CoalescedSourceConfigs/Lightmass.ini" 113
"../../../Engine/Config/BaseScalability.ini" 114
"E:/Unreal/Tutorial/Saved/Config/Windows/Scalability.ini" 115
"E:/Unreal/Tutorial/Intermediate/Config/CoalescedSourceConfigs/Scalability.ini" 116
"E:/Unreal/Tutorial/Saved/Config/Windows/GameUserSettings.ini" 117
"E:/Unreal/Tutorial/Intermediate/Config/CoalescedSourceConfigs/GameUserSettings.ini" 118
"../../../Engine/Config/BaseDeviceProfiles.ini" 119
"E:/Unreal/Tutorial/Saved/Config/Windows/DeviceProfiles.ini" 120
"E:/Unreal/Tutorial/Intermediate/Config/CoalescedSourceConfigs/DeviceProfiles.ini" 121
"../../../Engine/Config/ConsoleVariables.ini" 122
"..\..\..\Engine\Content\Internationalization\icudt53l\es.res" 123
"..\..\..\Engine\Content\Internationalization\icudt53l\ja.res" 124
"..\..\..\Engine\Content\Internationalization\icudt53l\ko.res" 125
"..\..\..\Engine\Content\Internationalization\icudt53l\pt_BR.res" 126
"..\..\..\Engine\Content\Internationalization\icudt53l\pt.res" 127
"..\..\..\Engine\Content\Internationalization\icudt53l\zh_CN.res" 128
"..\..\..\Engine\Content\Internationalization\icudt53l\zh_Hans_CN.res" 129
"..\..\..\Engine\Content\Internationalization\icudt53l\zh_Hans.res" 130
"..\..\..\Engine\Content\Internationalization\icudt53l\zh.res" 131
"D:/Programs/Epic Games/4.10/Engine/Content/Localization/Editor/en/Editor.locres" 132
"D:/Programs/Epic Games/4.10/Engine/Content/Localization/EditorTutorials/en/EditorTutorials.locres" 133
"D:/Programs/Epic Games/4.10/Engine/Content/Localization/Keywords/en/Keywords.locres" 134
"D:/Programs/Epic Games/4.10/Engine/Content/Localization/Category/en/Category.locres" 135
"D:/Programs/Epic Games/4.10/Engine/Content/Localization/ToolTips/en/ToolTips.locres" 136
"D:/Programs/Epic Games/4.10/Engine/Content/Localization/PropertyNames/en/PropertyNames.locres" 137
"D:/Programs/Epic Games/4.10/Engine/Content/Localization/Engine/en/Engine.locres" 138
"../../../Engine/Content/Slate/Fonts/Roboto-Regular.ttf" 139
"../../../Engine/Content/Slate/Fonts/DroidSansMono.ttf" 140
"../../../Engine/Content/Slate/Fonts/Roboto-Bold.ttf" 141
"../../../Engine/Content/Slate/Fonts/Roboto-Light.ttf" 142
"D:/Programs/Epic Games/4.10/Engine/Binaries/Win64/../../../Engine/Shaders/ParticleSpriteVertexFactory.usf" 143
"D:/Programs/Epic Games/4.10/Engine/Binaries/Win64/../../../Engine/Shaders/VertexFactoryCommon.usf" 144
"D:/Programs/Epic Games/4.10/Engine/Binaries/Win64/../../../Engine/Shaders/Common.usf" 145
"D:/Programs/Epic Games/4.10/Engine/Binaries/Win64/../../../Engine/Shaders/MetalCommon.usf" 146
"D:/Programs/Epic Games/4.10/Engine/Binaries/Win64/../../../Engine/Shaders/ShaderVersion.usf" 147
"D:/Programs/Epic Games/4.10/Engine/Binaries/Win64/../../../Engine/Shaders/CommonViewUniformBuffer.usf" 148
"D:/Programs/Epic Games/4.10/Engine/Binaries/Win64/../../../Engine/Shaders/Definitions.usf" 149
"D:/Programs/Epic Games/4.10/Engine/Binaries/Win64/../../../Engine/Shaders/Random.usf" 150
"D:/Programs/Epic Games/4.10/Engine/Binaries/Win64/../../../Engine/Shaders/ParticleVertexFactoryCommon.usf" 151
"D:/Programs/Epic Games/4.10/Engine/Binaries/Win64/../../../Engine/Shaders/ParticleGPUSpriteVertexFactory.usf" 152
"D:/Programs/Epic Games/4.10/Engine/Binaries/Win64/../../../Engine/Shaders/ParticleBeamTrailVertexFactory.usf" 153
"D:/Programs/Epic Games/4.10/Engine/Binaries/Win64/../../../Engine/Shaders/LocalVertexFactory.usf" 154
"D:/Programs/Epic Games/4.10/Engine/Binaries/Win64/../../../Engine/Shaders/LocalVertexFactoryCommon.usf" 155
"D:/Programs/Epic Games/4.10/Engine/Binaries/Win64/../../../Engine/Shaders/VectorFieldVisualizationVertexFactory.usf" 156
"D:/Programs/Epic Games/4.10/Engine/Binaries/Win64/../../../Engine/Shaders/MeshParticleVertexFactory.usf" 157
"D:/Programs/Epic Games/4.10/Engine/Binaries/Win64/../../../Engine/Shaders/GpuSkinVertexFactory.usf" 158
"D:/Programs/Epic Games/4.10/Engine/Binaries/Win64/../../../Engine/Shaders/GpuSkinCacheCommon.usf" 159
"D:/Programs/Epic Games/4.10/Engine/Binaries/Win64/../../../Engine/Shaders/LandscapeVertexFactory.usf" 160
"D:/Programs/Epic Games/4.10/Engine/Binaries/Win64/../../../Engine/Shaders/SlateElementPixelShader.usf" 161
"D:/Programs/Epic Games/4.10/Engine/Binaries/Win64/../../../Engine/Shaders/GammaCorrectionCommon.usf" 162
"D:/Programs/Epic Games/4.10/Engine/Binaries/Win64/../../../Engine/Shaders/MaterialTemplate.usf" 163
"D:/Programs/Epic Games/4.10/Engine/Binaries/Win64/../../../Engine/Shaders/DepthOfFieldCommon.usf" 164
"D:/Programs/Epic Games/4.10/Engine/Binaries/Win64/../../../Engine/Shaders/GlobalDistanceFieldShared.usf" 165
"D:/Programs/Epic Games/4.10/Engine/Binaries/Win64/../../../Engine/Shaders/SpeedTreeCommon.usf" 166
"D:/Programs/Epic Games/4.10/Engine/Binaries/Win64/../../../Engine/Shaders/AtmosphereCommon.usf" 167
"D:/Programs/Epic Games/4.10/Engine/Binaries/Win64/../../../Engine/Shaders/PaniniProjection.usf" 168
"D:/Programs/Epic Games/4.10/Engine/Binaries/Win64/../../../Engine/Shaders/EyeAdaptationCommon.usf" 169
"D:/Programs/Epic Games/4.10/Engine/Binaries/Win64/../../../Engine/Shaders/PostProcessCommon.usf" 170
"D:/Programs/Epic Games/4.10/Engine/Binaries/Win64/../../../Engine/Shaders/DeferredShadingCommon.usf" 171
"D:/Programs/Epic Games/4.10/Engine/Binaries/Win64/../../../Engine/Shaders/LightAccumulator.usf" 172
"D:/Programs/Epic Games/4.10/Engine/Binaries/Win64/../../../Engine/Shaders/SlateVertexShader.usf" 173
"D:/Programs/Epic Games/4.10/Engine/Binaries/Win64/../../../Engine/Shaders/ParticleSortKeyGen.usf" 174
"D:/Programs/Epic Games/4.10/Engine/Binaries/Win64/../../../Engine/Shaders/ParticleBoundsShader.usf" 175
"D:/Programs/Epic Games/4.10/Engine/Binaries/Win64/../../../Engine/Shaders/ParticleSimVisualizeShader.usf" 176
"D:/Programs/Epic Games/4.10/Engine/Binaries/Win64/../../../Engine/Shaders/ParticleInjectionShader.usf" 177
"D:/Programs/Epic Games/4.10/Engine/Binaries/Win64/../../../Engine/Shaders/ParticleSimulationShader.usf" 178
"D:/Programs/Epic Games/4.10/Engine/Binaries/Win64/../../../Engine/Shaders/ParticleCurveInjectionShader.usf" 179
"D:/Programs/Epic Games/4.10/Engine/Binaries/Win64/../../../Engine/Shaders/VectorFieldCompositeShaders.usf" 180
"D:/Programs/Epic Games/4.10/Engine/Binaries/Win64/../../../Engine/Shaders/UpdateTextureShaders.usf" 181
"D:/Programs/Epic Games/4.10/Engine/Binaries/Win64/../../../Engine/Shaders/SimpleElementColorChannelMaskPixelShader.usf" 182
"D:/Programs/Epic Games/4.10/Engine/Binaries/Win64/../../../Engine/Shaders/SimpleElementPixelShader.usf" 183
"D:/Programs/Epic Games/4.10/Engine/Binaries/Win64/../../../Engine/Shaders/ColorUtils.usf" 184
"D:/Programs/Epic Games/4.10/Engine/Binaries/Win64/../../../Engine/Shaders/IESLightProfilesCommon.usf" 185
"D:/Programs/Epic Games/4.10/Engine/Binaries/Win64/../../../Engine/Shaders/SimpleElementHitProxyPixelShader.usf" 186
"D:/Programs/Epic Games/4.10/Engine/Binaries/Win64/../../../Engine/Shaders/SimpleElementVertexShader.usf" 187
"D:/Programs/Epic Games/4.10/Engine/Binaries/Win64/../../../Engine/Shaders/ScreenVertexShader.usf" 188
"D:/Programs/Epic Games/4.10/Engine/Binaries/Win64/../../../Engine/Shaders/ScreenPixelShader.usf" 189
"D:/Programs/Epic Games/4.10/Engine/Binaries/Win64/../../../Engine/Shaders/RadixSortShaders.usf" 190
"D:/Programs/Epic Games/4.10/Engine/Binaries/Win64/../../../Engine/Shaders/GpuSkinCacheComputeShader.usf" 191
"D:/Programs/Epic Games/4.10/Engine/Binaries/Win64/../../../Engine/Shaders/NullPixelShader.usf" 192
"D:/Programs/Epic Games/4.10/Engine/Binaries/Win64/../../../Engine/Shaders/LandscapeGrassWeight.usf" 193
"D:/Programs/Epic Games/4.10/Engine/Binaries/Win64/../../../Engine/Shaders/VisualizeTexture.usf" 194
"D:/Programs/Epic Games/4.10/Engine/Binaries/Win64/../../../Engine/Shaders/ScreenSpaceReflections.usf" 195
"D:/Programs/Epic Games/4.10/Engine/Binaries/Win64/../../../Engine/Shaders/BRDF.usf" 196
"D:/Programs/Epic Games/4.10/Engine/Binaries/Win64/../../../Engine/Shaders/MonteCarlo.usf" 197
"D:/Programs/Epic Games/4.10/Engine/Binaries/Win64/../../../Engine/Shaders/ScreenSpaceRayCast.usf" 198
"D:/Programs/Epic Games/4.10/Engine/Binaries/Win64/../../../Engine/Shaders/FilterVertexShader.usf" 199
"D:/Programs/Epic Games/4.10/Engine/Binaries/Win64/../../../Engine/Shaders/FilterPixelShader.usf" 200
"D:/Programs/Epic Games/4.10/Engine/Binaries/Win64/../../../Engine/Shaders/PostProcessVisualizeHDR.usf" 201
"D:/Programs/Epic Games/4.10/Engine/Binaries/Win64/../../../Engine/Shaders/PostProcessHistogramCommon.usf" 202
"D:/Programs/Epic Games/4.10/Engine/Binaries/Win64/../../../Engine/Shaders/TonemapCommon.usf" 203
"D:/Programs/Epic Games/4.10/Engine/Binaries/Win64/../../../Engine/Shaders/ACES.usf" 204
"D:/Programs/Epic Games/4.10/Engine/Binaries/Win64/../../../Engine/Shaders/MiniFontCommon.usf" 205
"D:/Programs/Epic Games/4.10/Engine/Binaries/Win64/../../../Engine/Shaders/PostProcessVisualizeBuffer.usf" 206
"D:/Programs/Epic Games/4.10/Engine/Binaries/Win64/../../../Engine/Shaders/PostProcessUpscale.usf" 207
"D:/Programs/Epic Games/4.10/Engine/Binaries/Win64/../../../Engine/Shaders/PostProcessTonemap.usf" 208
"D:/Programs/Epic Games/4.10/Engine/Binaries/Win64/../../../Engine/Shaders/PostProcessTestImage.usf" 209
"D:/Programs/Epic Games/4.10/Engine/Binaries/Win64/../../../Engine/Shaders/PostProcessTemporalAA.usf" 210
"D:/Programs/Epic Games/4.10/Engine/Binaries/Win64/../../../Engine/Shaders/PostProcessTemporalCommon.usf" 211
"D:/Programs/Epic Games/4.10/Engine/Binaries/Win64/../../../Engine/Shaders/PostProcessSubsurface.usf" 212
"D:/Programs/Epic Games/4.10/Engine/Binaries/Win64/../../../Engine/Shaders/SeparableSSS.usf" 213
"D:/Programs/Epic Games/4.10/Engine/Binaries/Win64/../../../Engine/Shaders/PostProcessSelectionOutline.usf" 214
"D:/Programs/Epic Games/4.10/Engine/Binaries/Win64/../../../Engine/Shaders/PostProcessSceneColorFringe.usf" 215
"D:/Programs/Epic Games/4.10/Engine/Binaries/Win64/../../../Engine/Shaders/PostProcessNoiseBlur.usf" 216
"D:/Programs/Epic Games/4.10/Engine/Binaries/Win64/../../../Engine/Shaders/PostProcessMotionBlur.usf" 217
"D:/Programs/Epic Games/4.10/Engine/Binaries/Win64/../../../Engine/Shaders/FastMath.usf" 218
"D:/Programs/Epic Games/4.10/Engine/Binaries/Win64/../../../Engine/Shaders/PostProcessVelocityFlatten.usf" 219
"D:/Programs/Epic Games/4.10/Engine/Binaries/Win64/../../../Engine/Shaders/PostProcessMobile.usf" 220
"D:/Programs/Epic Games/4.10/Engine/Binaries/Win64/../../../Engine/Shaders/PostProcessMaterialShaders.usf" 221
"D:/Programs/Epic Games/4.10/Engine/Binaries/Win64/../../../Engine/Shaders/PostProcessLensFlares.usf" 222
"D:/Programs/Epic Games/4.10/Engine/Binaries/Win64/../../../Engine/Shaders/PostProcessLensBlur.usf" 223
"D:/Programs/Epic Games/4.10/Engine/Binaries/Win64/../../../Engine/Shaders/PostProcessBloom.usf" 224
"D:/Programs/Epic Games/4.10/Engine/Binaries/Win64/../../../Engine/Shaders/PostProcessHMD.usf" 225
"D:/Programs/Epic Games/4.10/Engine/Binaries/Win64/../../../Engine/Shaders/PostProcessHistogramReduce.usf" 226
"D:/Programs/Epic Games/4.10/Engine/Binaries/Win64/../../../Engine/Shaders/PostProcessHistogram.usf" 227
"D:/Programs/Epic Games/4.10/Engine/Binaries/Win64/../../../Engine/Shaders/PostProcessHierarchical.usf" 228
"D:/Programs/Epic Games/4.10/Engine/Binaries/Win64/../../../Engine/Shaders/PostProcessGBufferHints.usf" 229
"D:/Programs/Epic Games/4.10/Engine/Binaries/Win64/../../../Engine/Shaders/PostProcessEyeAdaptation.usf" 230
"D:/Programs/Epic Games/4.10/Engine/Binaries/Win64/../../../Engine/Shaders/PostProcessDownsample.usf" 231
"D:/Programs/Epic Games/4.10/Engine/Binaries/Win64/../../../Engine/Shaders/PostProcessDOF.usf" 232
"D:/Programs/Epic Games/4.10/Engine/Binaries/Win64/../../../Engine/Shaders/PostProcessCompositeEditorPrimitives.usf" 233
"D:/Programs/Epic Games/4.10/Engine/Binaries/Win64/../../../Engine/Shaders/PostProcessCombineLUTs.usf" 234
"D:/Programs/Epic Games/4.10/Engine/Binaries/Win64/../../../Engine/Shaders/PostProcessCircleDOF.usf" 235
"D:/Programs/Epic Games/4.10/Engine/Binaries/Win64/../../../Engine/Shaders/CircleDOFCommon.usf" 236
"D:/Programs/Epic Games/4.10/Engine/Binaries/Win64/../../../Engine/Shaders/PostProcessBusyWait.usf" 237
"D:/Programs/Epic Games/4.10/Engine/Binaries/Win64/../../../Engine/Shaders/PostProcessBokehDOF.usf" 238
"D:/Programs/Epic Games/4.10/Engine/Binaries/Win64/../../../Engine/Shaders/PostProcessVisualizeDOF.usf" 239
"D:/Programs/Epic Games/4.10/Engine/Binaries/Win64/../../../Engine/Shaders/FXAAShader.usf" 240
"D:/Programs/Epic Games/4.10/Engine/Binaries/Win64/../../../Engine/Shaders/Fxaa3_11.usf" 241
"D:/Programs/Epic Games/4.10/Engine/Binaries/Win64/../../../Engine/Shaders/PostProcessPassThrough.usf" 242
"D:/Programs/Epic Games/4.10/Engine/Binaries/Win64/../../../Engine/Shaders/PostProcessLpvIndirect.usf" 243
"D:/Programs/Epic Games/4.10/Engine/Binaries/Win64/../../../Engine/Shaders/DeferredLightingCommon.usf" 244
"D:/Programs/Epic Games/4.10/Engine/Binaries/Win64/../../../Engine/Shaders/DynamicLightingCommon.usf" 245
"D:/Programs/Epic Games/4.10/Engine/Binaries/Win64/../../../Engine/Shaders/ShadingModels.usf" 246
"D:/Programs/Epic Games/4.10/Engine/Binaries/Win64/../../../Engine/Shaders/LPVFinalPass.usf" 247
"D:/Programs/Epic Games/4.10/Engine/Binaries/Win64/../../../Engine/Shaders/LPVCommon.usf" 248
"D:/Programs/Epic Games/4.10/Engine/Binaries/Win64/../../../Engine/Shaders/DeferredDecal.usf" 249
"D:/Programs/Epic Games/4.10/Engine/Binaries/Win64/../../../Engine/Shaders/PostProcessAmbientOcclusion.usf" 250
"D:/Programs/Epic Games/4.10/Engine/Binaries/Win64/../../../Engine/Shaders/PostProcessAmbient.usf" 251
"D:/Programs/Epic Games/4.10/Engine/Binaries/Win64/../../../Engine/Shaders/CubemapCommon.usf" 252
"D:/Programs/Epic Games/4.10/Engine/Binaries/Win64/../../../Engine/Shaders/VelocityShader.usf" 253
"D:/Programs/Epic Games/4.10/Engine/Binaries/Win64/../../../Engine/Shaders/VelocityCommon.usf" 254
"D:/Programs/Epic Games/4.10/Engine/Binaries/Win64/../../../Engine/Shaders/Tessellation.usf" 255
"D:/Programs/Epic Games/4.10/Engine/Binaries/Win64/../../../Engine/Shaders/FlatTessellation.usf" 256
"D:/Programs/Epic Games/4.10/Engine/Binaries/Win64/../../../Engine/Shaders/PNTriangles.usf" 257
"D:/Programs/Epic Games/4.10/Engine/Binaries/Win64/../../../Engine/Shaders/TranslucentLightingShaders.usf" 258
"D:/Programs/Epic Games/4.10/Engine/Binaries/Win64/../../../Engine/Shaders/SHCommon.usf" 259
"D:/Programs/Epic Games/4.10/Engine/Binaries/Win64/../../../Engine/Shaders/ShadowProjectionCommon.usf" 260
"D:/Programs/Epic Games/4.10/Engine/Binaries/Win64/../../../Engine/Shaders/TranslucentLightInjectionShaders.usf" 261
"D:/Programs/Epic Games/4.10/Engine/Binaries/Win64/../../../Engine/Shaders/LightFunctionCommon.usf" 262
"D:/Programs/Epic Games/4.10/Engine/Binaries/Win64/../../../Engine/Shaders/TranslucentShadowDepthShaders.usf" 263
"D:/Programs/Epic Games/4.10/Engine/Binaries/Win64/../../../Engine/Shaders/ShadowDepthCommon.usf" 264
"D:/Programs/Epic Games/4.10/Engine/Binaries/Win64/../../../Engine/Shaders/TiledDeferredLightShaders.usf" 265
"D:/Programs/Epic Games/4.10/Engine/Binaries/Win64/../../../Engine/Shaders/SurfelTree.usf" 266
"D:/Programs/Epic Games/4.10/Engine/Binaries/Win64/../../../Engine/Shaders/DistanceFieldLightingShared.usf" 267
"D:/Programs/Epic Games/4.10/Engine/Binaries/Win64/../../../Engine/Shaders/SurfelMaterialShared.usf" 268
"D:/Programs/Epic Games/4.10/Engine/Binaries/Win64/../../../Engine/Shaders/DistanceFieldAOShared.usf" 269
"D:/Programs/Epic Games/4.10/Engine/Binaries/Win64/../../../Engine/Shaders/ShadowProjectionPixelShader.usf" 270
"D:/Programs/Epic Games/4.10/Engine/Binaries/Win64/../../../Engine/Shaders/ShadowFilteringCommon.usf" 271
"D:/Programs/Epic Games/4.10/Engine/Binaries/Win64/../../../Engine/Shaders/ShadowProjectionVertexShader.usf" 272
"D:/Programs/Epic Games/4.10/Engine/Binaries/Win64/../../../Engine/Shaders/ShadowDepthPixelShader.usf" 273
"D:/Programs/Epic Games/4.10/Engine/Binaries/Win64/../../../Engine/Shaders/LPVWriteVplCommon.usf" 274
"D:/Programs/Epic Games/4.10/Engine/Binaries/Win64/../../../Engine/Shaders/LPVWriteCommon.usf" 275
"D:/Programs/Epic Games/4.10/Engine/Binaries/Win64/../../../Engine/Shaders/ShadowDepthVertexShader.usf" 276
"D:/Programs/Epic Games/4.10/Engine/Binaries/Win64/../../../Engine/Shaders/ShaderComplexityApplyPixelShader.usf" 277
"D:/Programs/Epic Games/4.10/Engine/Binaries/Win64/../../../Engine/Shaders/ShaderComplexityApplyVertexShader.usf" 278
"D:/Programs/Epic Games/4.10/Engine/Binaries/Win64/../../../Engine/Shaders/ShaderComplexityAccumulatePixelShader.usf" 279
"D:/Programs/Epic Games/4.10/Engine/Binaries/Win64/../../../Engine/Shaders/HZBOcclusion.usf" 280
"D:/Programs/Epic Games/4.10/Engine/Binaries/Win64/../../../Engine/Shaders/OcclusionQueryVertexShader.usf" 281
"D:/Programs/Epic Games/4.10/Engine/Binaries/Win64/../../../Engine/Shaders/HitProxyPixelShader.usf" 282
"D:/Programs/Epic Games/4.10/Engine/Binaries/Win64/../../../Engine/Shaders/HitProxyVertexShader.usf" 283
"D:/Programs/Epic Games/4.10/Engine/Binaries/Win64/../../../Engine/Shaders/ReflectionEnvironmentShaders.usf" 284
"D:/Programs/Epic Games/4.10/Engine/Binaries/Win64/../../../Engine/Shaders/ReflectionEnvironmentShared.usf" 285
"D:/Programs/Epic Games/4.10/Engine/Binaries/Win64/../../../Engine/Shaders/SkyLightingShared.usf" 286
"D:/Programs/Epic Games/4.10/Engine/Binaries/Win64/../../../Engine/Shaders/ReflectionEnvironmentComputeShaders.usf" 287
"D:/Programs/Epic Games/4.10/Engine/Binaries/Win64/../../../Engine/Shaders/LightShaftShader.usf" 288
"D:/Programs/Epic Games/4.10/Engine/Binaries/Win64/../../../Engine/Shaders/StationaryLightOverlapShaders.usf" 289
"D:/Programs/Epic Games/4.10/Engine/Binaries/Win64/../../../Engine/Shaders/DeferredLightPixelShaders.usf" 290
"D:/Programs/Epic Games/4.10/Engine/Binaries/Win64/../../../Engine/Shaders/DeferredLightVertexShaders.usf" 291
"D:/Programs/Epic Games/4.10/Engine/Binaries/Win64/../../../Engine/Shaders/LPVVisualise.usf" 292
"D:/Programs/Epic Games/4.10/Engine/Binaries/Win64/../../../Engine/Shaders/LPVGeometryVolumeCommon.usf" 293
"D:/Programs/Epic Games/4.10/Engine/Binaries/Win64/../../../Engine/Shaders/LPVDirectLightInject.usf" 294
"D:/Programs/Epic Games/4.10/Engine/Binaries/Win64/../../../Engine/Shaders/LPVPropagate.usf" 295
"D:/Programs/Epic Games/4.10/Engine/Binaries/Win64/../../../Engine/Shaders/LPVPacking.usf" 296
"D:/Programs/Epic Games/4.10/Engine/Binaries/Win64/../../../Engine/Shaders/LPVBuildGeometryVolume.usf" 297
"D:/Programs/Epic Games/4.10/Engine/Binaries/Win64/../../../Engine/Shaders/LpvDirectionalOcclusion.usf" 298
"D:/Programs/Epic Games/4.10/Engine/Binaries/Win64/../../../Engine/Shaders/LPVInject_AccumulateVplLists.usf" 299
"D:/Programs/Epic Games/4.10/Engine/Binaries/Win64/../../../Engine/Shaders/LPVInject_GenerateVplLists.usf" 300
"D:/Programs/Epic Games/4.10/Engine/Binaries/Win64/../../../Engine/Shaders/LPVClearLists.usf" 301
"D:/Programs/Epic Games/4.10/Engine/Binaries/Win64/../../../Engine/Shaders/LPVClear.usf" 302
"D:/Programs/Epic Games/4.10/Engine/Binaries/Win64/../../../Engine/Shaders/LightMapDensityShader.usf" 303
"D:/Programs/Epic Games/4.10/Engine/Binaries/Win64/../../../Engine/Shaders/LightFunctionPixelShader.usf" 304
"D:/Programs/Epic Games/4.10/Engine/Binaries/Win64/../../../Engine/Shaders/LightFunctionVertexShader.usf" 305
"D:/Programs/Epic Games/4.10/Engine/Binaries/Win64/../../../Engine/Shaders/HeightfieldLighting.usf" 306
"D:/Programs/Epic Games/4.10/Engine/Binaries/Win64/../../../Engine/Shaders/DistanceFieldShadowingShared.usf" 307
"D:/Programs/Epic Games/4.10/Engine/Binaries/Win64/../../../Engine/Shaders/HdrCustomResolveShaders.usf" 308
"D:/Programs/Epic Games/4.10/Engine/Binaries/Win64/../../../Engine/Shaders/GPUBenchmark.usf" 309
"D:/Programs/Epic Games/4.10/Engine/Binaries/Win64/../../../Engine/Shaders/GlobalDistanceField.usf" 310
"D:/Programs/Epic Games/4.10/Engine/Binaries/Win64/../../../Engine/Shaders/GammaCorrection.usf" 311
"D:/Programs/Epic Games/4.10/Engine/Binaries/Win64/../../../Engine/Shaders/BasePassForForwardShadingPixelShader.usf" 312
"D:/Programs/Epic Games/4.10/Engine/Binaries/Win64/../../../Engine/Shaders/BasePassForForwardShadingCommon.usf" 313
"D:/Programs/Epic Games/4.10/Engine/Binaries/Win64/../../../Engine/Shaders/LightmapCommon.usf" 314
"D:/Programs/Epic Games/4.10/Engine/Binaries/Win64/../../../Engine/Shaders/BasePassForForwardShadingVertexShader.usf" 315
"D:/Programs/Epic Games/4.10/Engine/Binaries/Win64/../../../Engine/Shaders/HeightFogCommon.usf" 316
"D:/Programs/Epic Games/4.10/Engine/Binaries/Win64/../../../Engine/Shaders/HeightFogPixelShader.usf" 317
"D:/Programs/Epic Games/4.10/Engine/Binaries/Win64/../../../Engine/Shaders/HeightFogVertexShader.usf" 318
"D:/Programs/Epic Games/4.10/Engine/Binaries/Win64/../../../Engine/Shaders/DistortAccumulatePS.usf" 319
"D:/Programs/Epic Games/4.10/Engine/Binaries/Win64/../../../Engine/Shaders/DistortAccumulateVS.usf" 320
"D:/Programs/Epic Games/4.10/Engine/Binaries/Win64/../../../Engine/Shaders/DistortApplyScreenPS.usf" 321
"D:/Programs/Epic Games/4.10/Engine/Binaries/Win64/../../../Engine/Shaders/DistanceFieldSurfaceCacheLighting.usf" 322
"D:/Programs/Epic Games/4.10/Engine/Binaries/Win64/../../../Engine/Shaders/SkyLighting.usf" 323
"D:/Programs/Epic Games/4.10/Engine/Binaries/Win64/../../../Engine/Shaders/DistanceFieldSurfaceCacheLightingCompute.usf" 324
"D:/Programs/Epic Games/4.10/Engine/Binaries/Win64/../../../Engine/Shaders/DistanceFieldShadowing.usf" 325
"D:/Programs/Epic Games/4.10/Engine/Binaries/Win64/../../../Engine/Shaders/DistanceFieldScreenGridLighting.usf" 326
"D:/Programs/Epic Games/4.10/Engine/Binaries/Win64/../../../Engine/Shaders/DistanceFieldLightingPost.usf" 327
"D:/Programs/Epic Games/4.10/Engine/Binaries/Win64/../../../Engine/Shaders/DistanceFieldGlobalIllumination.usf" 328
"D:/Programs/Epic Games/4.10/Engine/Binaries/Win64/../../../Engine/Shaders/DepthOnlyPixelShader.usf" 329
"D:/Programs/Epic Games/4.10/Engine/Binaries/Win64/../../../Engine/Shaders/DepthOnlyVertexShader.usf" 330
"D:/Programs/Epic Games/4.10/Engine/Binaries/Win64/../../../Engine/Shaders/PositionOnlyDepthVertexShader.usf" 331
"D:/Programs/Epic Games/4.10/Engine/Binaries/Win64/../../../Engine/Shaders/DownsampleDepthPixelShader.usf" 332
"D:/Programs/Epic Games/4.10/Engine/Binaries/Win64/../../../Engine/Shaders/EvaluateSurfelMaterial.usf" 333
"D:/Programs/Epic Games/4.10/Engine/Binaries/Win64/../../../Engine/Shaders/ConvertToUniformMesh.usf" 334
"D:/Programs/Epic Games/4.10/Engine/Binaries/Win64/../../../Engine/Shaders/BasePassPixelShader.usf" 335
"D:/Programs/Epic Games/4.10/Engine/Binaries/Win64/../../../Engine/Shaders/BasePassCommon.usf" 336
"D:/Programs/Epic Games/4.10/Engine/Binaries/Win64/../../../Engine/Shaders/ForEachLight.usf" 337
"D:/Programs/Epic Games/4.10/Engine/Binaries/Win64/../../../Engine/Shaders/BasePassVertexShader.usf" 338
"D:/Programs/Epic Games/4.10/Engine/Binaries/Win64/../../../Engine/Shaders/BasePassVertexCommon.usf" 339
"D:/Programs/Epic Games/4.10/Engine/Binaries/Win64/../../../Engine/Shaders/BasePassTessellationShaders.usf" 340
"D:/Programs/Epic Games/4.10/Engine/Binaries/Win64/../../../Engine/Shaders/AtmospherePrecompute.usf" 341
"D:/Programs/Epic Games/4.10/Engine/Binaries/Win64/../../../Engine/Shaders/AtmospherePrecomputeCommon.usf" 342
"D:/Programs/Epic Games/4.10/Engine/Binaries/Win64/../../../Engine/Shaders/AtmospherePrecomputeInscatter.usf" 343
"D:/Programs/Epic Games/4.10/Engine/Binaries/Win64/../../../Engine/Shaders/AtmosphericFogShader.usf" 344
"D:/Programs/Epic Games/4.10/Engine/Binaries/Win64/../../../Engine/Shaders/ResolveVertexShader.usf" 345
"D:/Programs/Epic Games/4.10/Engine/Binaries/Win64/../../../Engine/Shaders/ResolvePixelShader.usf" 346
"D:/Programs/Epic Games/4.10/Engine/Binaries/Win64/../../../Engine/Shaders/OneColorShader.usf" 347
"D:/Programs/Epic Games/4.10/Engine/Binaries/Win64/../../../Engine/Shaders/MediaShaders.usf" 348
"D:/Programs/Epic Games/4.10/Engine/Binaries/Win64/../../../Engine/Shaders/ClearReplacementShaders.usf" 349
"D:/Programs/Epic Games/4.10/Engine/Binaries/Win64/../../../Engine/Shaders/SimpleElementTexture2DPreviewPixelShader.usf" 350
"D:/Programs/Epic Games/4.10/Engine/Binaries/Win64/../../../Engine/Shaders/SimpleElementNormalMapPixelShader.usf" 351
"D:/Programs/Epic Games/4.10/Engine/Binaries/Win64/../../../Engine/Shaders/meshpaintdilatepixelshader.usf" 352
"D:/Programs/Epic Games/4.10/Engine/Binaries/Win64/../../../Engine/Shaders/meshpaintdilatevertexshader.usf" 353
"D:/Programs/Epic Games/4.10/Engine/Binaries/Win64/../../../Engine/Shaders/MeshPaintPixelShader.usf" 354
"D:/Programs/Epic Games/4.10/Engine/Binaries/Win64/../../../Engine/Shaders/MeshPaintVertexShader.usf" 355
"../../../Engine/Config/Android/AndroidEngine.ini" 356
"../../../Engine/Config/IOS/IOSEngine.ini" 357
"../../../Engine/Config/Linux/LinuxEngine.ini" 358
"C:/Users/Remi/AppData/Local/UnrealEngine/4.10/DerivedDataCache/Boot.ddc" 359
"../../../Engine/DerivedDataCache/Compressed.ddp" 360
"../../../Engine/Content/EngineFonts/Roboto.uasset" 361
"../../../Engine/Content/EngineMaterials/Widget3DPassThrough_Translucent.uasset" 362
"../../../Engine/Content/EngineMaterials/Widget3DPassThrough.uasset" 363
"../../../Engine/Content/Functions/Engine_MaterialFunctions02/Texturing/ScreenAlignedUVs.uasset" 364
"../../../Engine/Content/EngineResources/WhiteSquareTexture.uasset" 365
"../../../Engine/Content/Functions/Engine_MaterialFunctions01/Shading/PowerToRoughness.uasset" 366
"../../../Engine/Content/Functions/Engine_MaterialFunctions01/Shading/ConvertFromDiffSpec.uasset" 367
"../../../Engine/Content/EngineMaterials/WorldGridMaterial.uasset" 368
"../../../Engine/Content/Functions/Engine_MaterialFunctions01/Opacity/CameraDepthFade.uasset" 369
"../../../Engine/Content/EngineMaterials/T_Default_Material_Grid_M.uasset" 370
"../../../Engine/Content/EngineMaterials/T_Default_Material_Grid_N.uasset" 371
"../../../Engine/Content/EngineMaterials/DefaultDeferredDecalMaterial.uasset" 372
"../../../Engine/Content/EngineMaterials/DefaultDiffuse.uasset" 373
"../../../Engine/Content/EngineMaterials/DefaultLightFunctionMaterial.uasset" 374
"../../../Engine/Content/EngineMaterials/DefaultPostProcessMaterial.uasset" 375
"../../../Engine/Content/Functions/Engine_MaterialFunctions02/Utility/BreakOutFloat2Components.uasset" 376
"../../../Engine/Content/EngineResources/DefaultTexture.uasset" 377
"../../../Engine/Content/EngineMaterials/Widget3DPassThrough_Translucent_OneSided.uasset" 378
"../../../Engine/Content/EngineMaterials/Widget3DPassThrough_Opaque.uasset" 379
"../../../Engine/Content/EngineMaterials/Widget3DPassThrough_Opaque_OneSided.uasset" 380
"../../../Engine/Content/EngineMaterials/Widget3DPassThrough_Masked.uasset" 381
"../../../Engine/Content/EngineMaterials/Widget3DPassThrough_Masked_OneSided.uasset" 382
"../../../Engine/Content/EditorResources/S_Actor.uasset" 383
"E:/Unreal/Tutorial/Saved/Config/Windows/TemplateDefs.ini" 384
"E:/Unreal/Tutorial/Intermediate/Config/CoalescedSourceConfigs/TemplateDefs.ini" 385
"E:/Unreal/Tutorial/Saved/Config/Windows/GameplayTags.ini" 386
"E:/Unreal/Tutorial/Intermediate/Config/CoalescedSourceConfigs/GameplayTags.ini" 387
"../../../Engine/Content/Maps/Templates/Thumbnails/Default.uasset" 388
"../../../Engine/Content/EditorMaterials/ParticleSystems/PSysThumbnail_NoImage.uasset" 389
"../../../Engine/Content/EditorMaterials/ParticleSystems/PSysThumbnail_OOD.uasset" 390
"../../../Engine/Content/EditorLandscapeResources/DataLayer.uasset" 391
"../../../Engine/Content/EngineDamageTypes/DmgTypeBP_Environmental.uasset" 392
"..\..\..\Engine\Content\Internationalization\icudt53l\numberingSystems.res" 393
"..\..\..\Engine\Content\Internationalization\icudt53l\curr\supplementalData.res" 394
"..\..\..\Engine\Content\Internationalization\icudt53l\curr\pool.res" 395
"..\..\..\Engine\Content\Internationalization\icudt53l\curr\en_CA.res" 396
"..\..\..\Engine\Content\Internationalization\icudt53l\curr\en.res" 397
"..\..\..\Engine\Content\Internationalization\icudt53l\curr\root.res" 398
"../../../Engine/Content/EngineMeshes/Sphere.uasset" 399
"../../../Engine/Content/EngineFonts/RobotoDistanceField.uasset" 400
"../../../Engine/Content/EngineMaterials/DefaultTextMaterialOpaque.uasset" 401
"../../../Engine/Content/EditorResources/S_Trigger.uasset" 402
"../../../Engine/Content/EngineResources/GradientTexture0.uasset" 403
"../../../Engine/Content/EngineResources/Black.uasset" 404
"../../../Engine/Content/EditorMaterials/MatineeGroups/MAT_Groups_Float.uasset" 405
"../../../Engine/Content/EditorMaterials/MatineeGroups/MAT_Groups_Director.uasset" 406
"../../../Engine/Content/EditorMaterials/MatineeGroups/MAT_Groups_Event.uasset" 407
"../../../Engine/Content/EditorMaterials/MatineeGroups/MAT_Groups_Anim.uasset" 408
"../../../Engine/Content/EditorMaterials/MatineeGroups/MAT_Groups_Fade.uasset" 409
"../../../Engine/Content/EditorMaterials/MatineeGroups/MAT_Groups_Move.uasset" 410
"../../../Engine/Content/EditorMaterials/MatineeGroups/MAT_Groups_Slomo.uasset" 411
"../../../Engine/Content/EditorMaterials/MatineeGroups/MAT_ColorTrack.uasset" 412
"../../../Engine/Content/EditorMaterials/MAT_Groups_Toggle.uasset" 413
"../../../Engine/Content/EditorMaterials/MatineeGroups/MAT_Groups_AudioMaster.uasset" 414
"../../../Engine/Content/EditorMaterials/MatineeGroups/MAT_Groups_Sound.uasset" 415
"../../../Engine/Content/EditorMaterials/MatineeGroups/MAT_Groups_Vector.uasset" 416
"../../../Engine/Content/EditorMaterials/MAT_Groups_Visibility.uasset" 417
"../../../Engine/Content/EngineResources/DefaultTextureCube.uasset" 418
"../../../Engine/Content/EngineSounds/Master.uasset" 419
"../../../Engine/Content/EngineSounds/Music.uasset" 420
"../../../Engine/Content/EngineSounds/SFX.uasset" 421
"../../../Engine/Content/EngineSounds/Normal_Attack.uasset" 422
"../../../Engine/Content/EngineSounds/Special_Attack_PSM.uasset" 423
"../../../Engine/Content/EngineSounds/Duck_Normal_Attack_MixMod.uasset" 424
"../../../Engine/Content/EngineSounds/Voice.uasset" 425
"../../../Engine/Content/EngineMeshes/Cylinder.uasset" 426
"../../../Engine/Content/EngineMaterials/DefaultMaterial.uasset" 427
"../../../Engine/Content/EngineTireTypes/DefaultTireType.uasset" 428
"../../../Engine/Content/Editor/Slate/Fonts/FontAwesome.ttf" 429
"../../../Engine/Content/Editor/Slate/Fonts/DroidSansMono.ttf" 430
"../../../Engine/Content/Editor/Slate/Fonts/Roboto-BoldCondensed.ttf" 431
"../../../Engine/Content/Editor/Slate/Fonts/Roboto-Black.ttf" 432
"../../../Engine/Content/Editor/Slate/Fonts/Roboto-Italic.ttf" 433
"../../../Engine/Content/Editor/Slate/Fonts/Roboto-BoldCondensedItalic.ttf" 434
"..\..\..\Engine\Content\Internationalization\icudt53l\coll\ucadata.icu" 435
"..\..\..\Engine\Content\Internationalization\icudt53l\nfc.nrm" 436
"..\..\..\Engine\Content\Internationalization\icudt53l\coll\en.res" 437
"..\..\..\Engine\Content\Internationalization\icudt53l\coll\root.res" 438
"../../../Engine/Content/EngineResources/AICON-Red.uasset" 439
"../../../Engine/Content/EngineResources/AICON-Green.uasset" 440
"../../../Engine/Content/Tutorial/Landscape/Landscape_Manage_Mode.uasset" 441
"../../../Engine/Content/Tutorial/Landscape/TutorialAssets/Landscape.uasset" 442
"../../../Engine/Content/Tutorial/Basics/LevelEditorAttract.uasset" 443
"../../../Engine/Content/Tutorial/ContentIntroCurve.uasset" 444
"../../../Engine/Plugins/2D/Paper2D/Content/MaskedUnlitSpriteMaterial.uasset" 445
"../../../Engine/Plugins/2D/Paper2D/Content/DefaultSpriteMaterial.uasset" 446
"../../../Engine/Plugins/2D/Paper2D/Content/PlaceholderTextures/DummySpriteTexture.uasset" 447
"../../../Engine/Plugins/2D/Paper2D/Content/OpaqueUnlitSpriteMaterial.uasset" 448
"../../../Engine/Plugins/2D/Paper2D/Content/DefaultPaperTerrainMaterial.uasset" 449
"../../../Engine/Plugins/2D/Paper2D/Content/DummySprite.uasset" 450
"../../../Engine/Plugins/2D/Paper2D/Content/DummySpriteTexture.uasset" 451
"C:/Users/Remi/AppData/Local/UnrealEngine/4.10/Saved/Config/Windows/SourceControlSettings.ini" 452
"E:/Unreal/Tutorial/Intermediate/Config/CoalescedSourceConfigs/SourceControlSettings.ini" 453
"E:/Unreal/Tutorial/Saved/Config/Windows/SourceControlSettings.ini" 454
"../../../Engine/Plugins/Runtime/LeapMotionController/Content/LM_CapsuleMesh.uasset" 455
"../../../Engine/Plugins/Runtime/LeapMotionController/Content/LM_TorusMesh.uasset" 456
"../../../Engine/Plugins/Runtime/LeapMotionController/Content/LM_HandColor.uasset" 457
"../../../Engine/Plugins/Runtime/LeapMotionController/Content/LM_PassthroughMaterial.uasset" 458
"../../../Engine/Plugins/Runtime/LeapMotionController/Content/LM_SampleDistortion.uasset" 459
"../../../Engine/Plugins/Runtime/LeapMotionController/Content/LM_TestTexture.uasset" 460
"../../../Engine/Content/BasicShapes/Cube.uasset" 461
"../../../Engine/Content/EngineMaterials/RemoveSurfaceMaterial.uasset" 462
"../../../Engine/Content/EngineDebugMaterials/DebugMeshMaterial.uasset" 463
"../../../Engine/Content/EngineMaterials/M_InvalidLightmapSettings.uasset" 464
"../../../Engine/Content/EngineMaterials/InvalidLightmapSettings.uasset" 465
"../../../Engine/Content/EditorMaterials/GizmoMaterial.uasset" 466
"../../../Engine/Content/EngineMaterials/Good64x64TilingNoiseHighFreq.uasset" 467
"../../../Engine/Content/EngineMaterials/DefaultBokeh.uasset" 468
"../../../Engine/Content/EngineMaterials/PreintegratedSkinBRDF.uasset" 469
"../../../Engine/Content/EngineMaterials/MiniFont.uasset" 470
"../../../Engine/Content/EngineMaterials/WeightMapPlaceholderTexture.uasset" 471
"../../../Engine/Content/EngineMaterials/DefaultWhiteGrid.uasset" 472
"../../../Engine/Content/EngineMaterials/DefaultPhysicalMaterial.uasset" 473
"../../../Engine/Content/EngineFonts/RobotoTiny.uasset" 474
"C:/Users/Remi/AppData/Local/UnrealEngine/4.10/Saved/AutoLoadProject.txt" 475
"E:/Unreal/Tutorial/Intermediate/CachedAssetRegistry.bin" 476
"E:/Unreal/Tutorial/Saved/Cooked/WindowsNoEditor/Tutorial/CookedIniVersion.txt" 477
"../../../Engine/Config/HTML5/HTML5Engine.ini" 478
"../../../Engine/Content/MobileResources/HUD/VirtualJoystick_Thumb.uasset" 479
"E:/Unreal/Tutorial/Content/Game.uasset" 480
"E:/Unreal/Tutorial/Content/Character/CharacterBP.uasset" 481
"E:/Unreal/Tutorial/Content/Character/CharacterAnimBP.uasset" 482
"E:/Unreal/Tutorial/Content/Character/Animations/Jump_End.uasset" 483
"E:/Unreal/Tutorial/Content/Character/HeroTPP_Skeleton.uasset" 484
"E:/Unreal/Tutorial/Content/Character/Animations/Jump_Loop.uasset" 485
"E:/Unreal/Tutorial/Content/Character/Animations/Jump_Start.uasset" 486
"E:/Unreal/Tutorial/Content/Character/Animations/Idle_Walk_Run.uasset" 487
"E:/Unreal/Tutorial/Content/Character/Animations/Idle.uasset" 488
"E:/Unreal/Tutorial/Content/Character/Animations/Run.uasset" 489
"E:/Unreal/Tutorial/Content/Character/Animations/Walk.uasset" 490
"../../../Engine/Content/EditorBlueprintResources/StandardMacros.uasset" 491
"E:/Unreal/Tutorial/Content/Character/HeroTPP.uasset" 492
"E:/Unreal/Tutorial/Content/Character/CharacterMaterial_Inst.uasset" 493
"E:/Unreal/Tutorial/Content/Character/CharacterMaterial.uasset" 494
"E:/Unreal/Tutorial/Content/Character/HeroTPP_PhysicsAsset.uasset" 495
"C:/Users/Remi/AppData/Local/UnrealEngine/Common/DerivedDataCache/8/6/3/MATSM_984AFA3849534FAA8491540B994BD32E_PCD3D_SM5_3__BC5N_DEV_SL_NODBUFE17FB347__6BF9BC1418E748093926E87FE540C90564A976E4.udd" 496
"C:/Users/Remi/AppData/Local/UnrealEngine/Common/DerivedDataCache/8/4/0/MATSM_984AFA3849534FAA8491540B994BD32E_PCD3D_SM4_3__BC5N_DEV_SL_NODBUFE17FB347__B06BB11EC571BA093D764F751F2E65EFB59A82F9.udd" 497
"../../../Engine/Content/EditorResources/BSPVertex.uasset" 498
"../../../Engine/Content/EngineDebugMaterials/GeomMaterial.uasset" 499
"../../../Engine/Content/EngineDebugMaterials/BoneWeightMaterial.uasset" 500
"../../../Engine/Content/EngineDebugMaterials/HeatmapGradient.uasset" 501
"../../../Engine/Content/EditorMaterials/PhAT_JointLimitMaterial.uasset" 502
"../../../Engine/Content/EditorMaterials/PreviewShadowIndicatorMaterial.uasset" 503
"../../../Engine/Content/EditorMaterials/PreviewShadowIndicator.uasset" 504
"../../../Engine/Content/EngineMaterials/EditorBrushMaterial.uasset" 505
"../../../Engine/Content/EditorMeshes/ColorCalibrator/SM_ColorCalibrator.uasset" 506
"../../../Engine/Content/EditorMeshes/ColorCalibrator/M_ChromeBall.uasset" 507
"../../../Engine/Content/EditorMeshes/ColorCalibrator/M_ClearCoat.uasset" 508
"../../../Engine/Content/EditorMeshes/ColorCalibrator/M_ClearCoatBlack.uasset" 509
"../../../Engine/Content/EditorMeshes/ColorCalibrator/M_ColorGrid.uasset" 510
"../../../Engine/Content/EditorMeshes/ColorCalibrator/T_ColorGrid.uasset" 511
"../../../Engine/Content/EditorMeshes/ColorCalibrator/M_GreyBall.uasset" 512
"../../../Engine/Content/MobileResources/HUD/DefaultVirtualJoysticks.uasset" 513
"../../../Engine/Content/MobileResources/HUD/VirtualJoystick_Background.uasset" 514
"../../../Engine/Content/Tutorial/BlueprintTutorials/TutorialAssets/Blueprint_64x.uasset" 515
"../../../Engine/Content/Tutorial/SubEditors/TutorialAssets/icon_Editor_Preferences_General_40x.uasset" 516
"../../../Engine/Content/Tutorial/Paper2D/TutorialAssets/Paper2DSprite_TutorialIcon.uasset" 517
"../../../Engine/Content/Tutorial/SubEditors/TutorialAssets/icon_ShowSkeletalMeshes_40x.uasset" 518
"../../../Engine/Content/Tutorial/Foliage/TutorialAssets/Foliage.uasset" 519
"../../../Engine/Content/Tutorial/SubEditors/StaticMeshEditorTutorial.uasset" 520
"../../../Engine/Content/EngineMeshes/Cube.uasset" 521
"../../../Engine/Content/Tutorial/Basics/LevelEditorOverview.uasset" 522
"../../../Engine/Content/Tutorial/Basics/TutorialAssets/icon_tab_Levels_40x.uasset" 523
"../../../Engine/Content/Tutorial/BlueprintTutorials/BlueprintEditorTutorial.uasset" 524
"../../../Engine/Content/Tutorial/BlueprintTutorials/BlueprintMacroLibrariesEditorOverview.uasset" 525
"../../../Engine/Content/Tutorial/BlueprintTutorials/TutorialAssets/BlueprintMacroLibrary_64x.uasset" 526
"../../../Engine/Content/Tutorial/BlueprintTutorials/TutorialAssets/Tutorial_BP_MacroLib.uasset" 527
"../../../Engine/Content/Tutorial/BlueprintTutorials/BlueprintInterfacesEditorOverview.uasset" 528
"../../../Engine/Content/Tutorial/BlueprintTutorials/TutorialAssets/BlueprintInterface_64x.uasset" 529
"../../../Engine/Content/Tutorial/BlueprintTutorials/TutorialAssets/Tutorial_BP_Interface.uasset" 530
"../../../Engine/Content/Tutorial/BlueprintTutorials/LevelBlueprintEditorOverview.uasset" 531
"../../../Engine/Content/Tutorial/SubEditors/DestructibleMeshEditorTutorial.uasset" 532
"../../../Engine/Content/Tutorial/SubEditors/TutorialAssets/Tutorial_DM.uasset" 533
"../../../Engine/Content/EditorMeshes/EditorCube.uasset" 534
"../../../Engine/Content/Tutorial/SubEditors/MaterialEditorTutorial.uasset" 535
"../../../Engine/Content/Tutorial/SubEditors/TutorialAssets/TutorialMaterial.uasset" 536
"../../../Engine/Content/Tutorial/SubEditors/ParticleSystemEditorTutorial.uasset" 537
"../../../Engine/Content/Tutorial/SubEditors/TutorialAssets/TutorialParticleSystem.uasset" 538
"../../../Engine/Content/Tutorial/SubEditors/TutorialAssets/M_smoke_subUV_blackbody.uasset" 539
"../../../Engine/Content/Tutorial/SubEditors/TutorialAssets/T_SmokeSubUV_8X8.uasset" 540
"../../../Engine/Content/Tutorial/SubEditors/TutorialAssets/T_soft_smoke.uasset" 541
"../../../Engine/Content/Tutorial/SubEditors/PersonaAnimEditorWalkThrough.uasset" 542
"../../../Engine/Content/Tutorial/SubEditors/TutorialAssets/Character/NewBlendSpace1D.uasset" 543
"../../../Engine/Content/Tutorial/SubEditors/TutorialAssets/Character/Tutorial_Idle.uasset" 544
"../../../Engine/Content/Tutorial/SubEditors/TutorialAssets/Character/TutorialTPP_Skeleton.uasset" 545
"../../../Engine/Content/Tutorial/SubEditors/TutorialAssets/Character/Tutorial_Walk_Fwd.uasset" 546
"../../../Engine/Content/Tutorial/SubEditors/TutorialAssets/Character/TutorialTPP.uasset" 547
"../../../Engine/Content/Tutorial/SubEditors/TutorialAssets/Character/TutorialTPP_Mat.uasset" 548
"../../../Engine/Content/Tutorial/SubEditors/TutorialAssets/Character/TutorialTPP_PhysicsAsset.uasset" 549
"../../../Engine/Content/Tutorial/SubEditors/PersonaAnimBlueprintEditorWalkthrough.uasset" 550
"../../../Engine/Content/Tutorial/SubEditors/TutorialAssets/Character/TutorialTPP_AnimBlueprint.uasset" 551
"../../../Engine/Content/Tutorial/SubEditors/TutorialAssets/Character/TutorialCharacter.uasset" 552
"../../../Engine/Content/Tutorial/Paper2D/SpriteEditorTutorial.uasset" 553
"../../../Engine/Content/Tutorial/Paper2D/FlipbookEditorTutorial.uasset" 554
"../../../Engine/Content/Tutorial/Paper2D/TutorialAssets/Paper2DFlipbook_TutorialIcon.uasset" 555
"../../../Engine/Content/Tutorial/Foliage/Foliage_Intro_Tutorial.uasset" 556
"../../../Engine/Content/Tutorial/Foliage/Foliage_Using_The_Tool_Tutorial.uasset" 557
"../../../Engine/Content/Tutorial/Foliage/Foliage_Settings_Tutorial.uasset" 558
"../../../Engine/Content/Tutorial/Landscape/Landscape_Sculpt_Mode.uasset" 559
"../../../Engine/Content/Tutorial/Landscape/Landscape_Painting_Mode.uasset" 560
"../../../Engine/Content/MobileResources/HUD/MobileHUDDirectionPad2.uasset" 561
"../../../Engine/Content/MobileResources/HUD/AnalogHat.uasset" 562
"../../../Engine/Content/MobileResources/T_MobileControls_texture.uasset" 563
"E:/Unreal/Tutorial/Content/StarterContent/Textures/T_Statue_N.uasset" 564
"../../../Engine/Content/MobileResources/HUD/MobileHUDButton2_on.uasset" 565
"E:/Unreal/Tutorial/Content/StarterContent/Textures/T_Tech_Dot_N.uasset" 566
"E:/Unreal/Tutorial/Content/StarterContent/Textures/T_CobbleStone_Rough_D.uasset" 567
"E:/Unreal/Tutorial/Content/StarterContent/Props/SM_Statue.uasset" 568
"E:/Unreal/Tutorial/Content/StarterContent/Props/Materials/M_Statue.uasset" 569
"E:/Unreal/Tutorial/Content/StarterContent/Textures/T_Statue_M.uasset" 570
"E:/Unreal/Tutorial/Content/StarterContent/Props/Materials/M_StatueGlass.uasset" 571
"E:/Unreal/Tutorial/Content/StarterContent/Props/SM_Stairs.uasset" 572
"E:/Unreal/Tutorial/Content/StarterContent/Materials/M_Basic_Floor.uasset" 573
"E:/Unreal/Tutorial/Content/StarterContent/Materials/M_Basic_Wall.uasset" 574
"E:/Unreal/Tutorial/Content/StarterContent/Props/SM_Shelf.uasset" 575
"E:/Unreal/Tutorial/Content/StarterContent/Props/Materials/M_Shelf.uasset" 576
"E:/Unreal/Tutorial/Content/StarterContent/Textures/T_Shelf_M.uasset" 577
"E:/Unreal/Tutorial/Content/StarterContent/Textures/T_Shelf_N.uasset" 578
"C:/Users/Remi/AppData/Local/UnrealEngine/Common/DerivedDataCache/0/9/9/MATSM_984AFA3849534FAA8491540B994BD32E_PCD3D_SM5_3__BC5N_DEV_SL_NODBUFB86AB8BF__A5EAB5BDC38D2FF35EC68FA76471B88AE3F31BB8.udd" 579
"E:/Unreal/Tutorial/Content/StarterContent/Props/SM_Rock.uasset" 580
"E:/Unreal/Tutorial/Content/StarterContent/Props/Materials/M_Rock.uasset" 581
"../../../Engine/Content/Functions/Engine_MaterialFunctions02/Utility/BlendAngleCorrectedNormals.uasset" 582
"E:/Unreal/Tutorial/Content/StarterContent/Textures/T_Detail_Rocky_N.uasset" 583
"E:/Unreal/Tutorial/Content/StarterContent/Textures/T_Rock_Basalt_D.uasset" 584
"E:/Unreal/Tutorial/Content/StarterContent/Textures/T_RockMesh_M.uasset" 585
"E:/Unreal/Tutorial/Content/StarterContent/Textures/T_RockMesh_N.uasset" 586
"E:/Unreal/Tutorial/Content/StarterContent/Props/SM_PillarFrame300.uasset" 587
"E:/Unreal/Tutorial/Content/StarterContent/Props/Materials/M_Frame.uasset" 588
"E:/Unreal/Tutorial/Content/StarterContent/Textures/T_Frame_M.uasset" 589
"E:/Unreal/Tutorial/Content/StarterContent/Textures/T_Frame_N.uasset" 590
"E:/Unreal/Tutorial/Content/StarterContent/Props/SM_PillarFrame.uasset" 591
"E:/Unreal/Tutorial/Content/StarterContent/Props/SM_MatPreviewMesh_02.uasset" 592
"E:/Unreal/Tutorial/Content/StarterContent/Props/Materials/M_MaterialSphere.uasset" 593
"E:/Unreal/Tutorial/Content/StarterContent/Props/Materials/M_MaterialSphere_Plain.uasset" 594
"C:/Users/Remi/AppData/Local/UnrealEngine/Common/DerivedDataCache/4/2/8/MATSM_984AFA3849534FAA8491540B994BD32E_PCD3D_SM5_3__BC5N_DEV_SL_NODBUF3105625A__D2711994B3015569E855A9140C16C403A83C8395.udd" 595
"E:/Unreal/Tutorial/Content/StarterContent/Props/SM_Lamp_Wall.uasset" 596
"E:/Unreal/Tutorial/Content/StarterContent/Props/Materials/M_Lamp.uasset" 597
"E:/Unreal/Tutorial/Content/StarterContent/Textures/T_Lamp_M.uasset" 598
"E:/Unreal/Tutorial/Content/StarterContent/Textures/T_Lamp_N.uasset" 599
"C:/Users/Remi/AppData/Local/UnrealEngine/Common/DerivedDataCache/0/1/2/MATSM_984AFA3849534FAA8491540B994BD32E_PCD3D_SM5_3__BC5N_DEV_SL_NODBUF0E5535AE__5F4F2BE0909188C5E3ECFA896E36E203C9E9DD19.udd" 600
"E:/Unreal/Tutorial/Content/StarterContent/Props/SM_Lamp_Ceiling.uasset" 601
"E:/Unreal/Tutorial/Content/StarterContent/Props/SM_GlassWindow.uasset" 602
"E:/Unreal/Tutorial/Content/StarterContent/Materials/M_Glass.uasset" 603
"E:/Unreal/Tutorial/Content/StarterContent/Props/SM_DoorFrame.uasset" 604
"E:/Unreal/Tutorial/Content/StarterContent/Props/SM_Door.uasset" 605
"E:/Unreal/Tutorial/Content/StarterContent/Props/Materials/M_Door.uasset" 606
"E:/Unreal/Tutorial/Content/StarterContent/Textures/T_Door_M.uasset" 607
"E:/Unreal/Tutorial/Content/StarterContent/Textures/T_Door_N.uasset" 608
"E:/Unreal/Tutorial/Content/StarterContent/Props/SM_Couch.uasset" 609
"E:/Unreal/Tutorial/Content/StarterContent/Props/Materials/M_Chair.uasset" 610
"E:/Unreal/Tutorial/Content/StarterContent/Textures/T_Chair_M.uasset" 611
"E:/Unreal/Tutorial/Content/StarterContent/Textures/T_Chair_N.uasset" 612
"E:/Unreal/Tutorial/Content/StarterContent/Props/SM_CornerFrame.uasset" 613
"E:/Unreal/Tutorial/Content/StarterContent/Props/SM_Chair.uasset" 614
"E:/Unreal/Tutorial/Content/StarterContent/Props/SM_Bush.uasset" 615
"E:/Unreal/Tutorial/Content/StarterContent/Props/Materials/M_Bush.uasset" 616
"E:/Unreal/Tutorial/Content/StarterContent/Textures/T_Bush_D.uasset" 617
"E:/Unreal/Tutorial/Content/StarterContent/Textures/T_Bush_N.uasset" 618
"E:/Unreal/Tutorial/Content/StarterContent/Props/MaterialSphere.uasset" 619
"E:/Unreal/Tutorial/Content/StarterContent/Particles/Materials/M_Spark.uasset" 620
"E:/Unreal/Tutorial/Content/StarterContent/Textures/T_Spark_Core.uasset" 621
"E:/Unreal/Tutorial/Content/StarterContent/Particles/Materials/M_smoke_subUV.uasset" 622
"E:/Unreal/Tutorial/Content/StarterContent/Textures/T_Smoke_SubUV.uasset" 623
"E:/Unreal/Tutorial/Content/StarterContent/Textures/T_Smoke_Tiled_D.uasset" 624
"E:/Unreal/Tutorial/Content/StarterContent/Particles/Materials/M_radial_ramp.uasset" 625
"../../../Engine/Content/Functions/Engine_MaterialFunctions01/Gradient/RadialGradient.uasset" 626
"C:/Users/Remi/AppData/Local/UnrealEngine/Common/DerivedDataCache/3/4/2/MATSM_984AFA3849534FAA8491540B994BD32E_PCD3D_SM5_3__BC5N_DEV_SL_NODBUF7219C449__0D569156E032E2CDCC4DCA0BDCBD42664B92538B.udd" 627
"C:/Users/Remi/AppData/Local/Temp/UnrealShaderWorkingDir/DC23479B487C62BCE26BC2A344C1B715/1/WorkerOutputOnly.out" 628
"C:/Users/Remi/AppData/Local/Temp/UnrealShaderWorkingDir/DC23479B487C62BCE26BC2A344C1B715/0/WorkerOutputOnly.out" 629
"C:/Users/Remi/AppData/Local/Temp/UnrealShaderWorkingDir/DC23479B487C62BCE26BC2A344C1B715/2/WorkerOutputOnly.out" 630
"C:/Users/Remi/AppData/Local/Temp/UnrealShaderWorkingDir/DC23479B487C62BCE26BC2A344C1B715/3/WorkerOutputOnly.out" 631
"E:/Unreal/Tutorial/Content/StarterContent/Materials/M_Water_Ocean.uasset" 632
"E:/Unreal/Tutorial/Content/StarterContent/Textures/T_Perlin_Noise_M.uasset" 633
"E:/Unreal/Tutorial/Content/StarterContent/Textures/T_Water_M.uasset" 634
"E:/Unreal/Tutorial/Content/StarterContent/Textures/T_Water_N.uasset" 635
"C:/Users/Remi/AppData/Local/UnrealEngine/Common/DerivedDataCache/1/0/9/MATSM_984AFA3849534FAA8491540B994BD32E_PCD3D_SM5_3__BC5N_DEV_SL_NODBUF40BCCE00__E4CCD72903CC9F0E37BE1AA7AB888533A1D0D492.udd" 636
"E:/Unreal/Tutorial/Content/StarterContent/Shapes/Shape_Cube.uasset" 637
"E:/Unreal/Tutorial/Content/StarterContent/Shapes/Shape_Cone.uasset" 638
"E:/Unreal/Tutorial/Content/StarterContent/Props/Materials/M_TableRound.uasset" 639
"E:/Unreal/Tutorial/Content/StarterContent/Textures/T_TableRound_M.uasset" 640
"E:/Unreal/Tutorial/Content/StarterContent/Textures/T_TableRound_N.uasset" 641
"E:/Unreal/Tutorial/Content/StarterContent/Props/SM_WindowFrame.uasset" 642
"E:/Unreal/Tutorial/Content/StarterContent/Props/SM_TableRound.uasset" 643
"E:/Unreal/Tutorial/Content/StarterContent/Particles/Materials/M_Radial_Gradient.uasset" 644
"E:/Unreal/Tutorial/Content/StarterContent/Particles/Materials/M_Heat_Distortion.uasset" 645
"C:/Users/Remi/AppData/Local/UnrealEngine/Common/DerivedDataCache/5/4/1/MATSM_984AFA3849534FAA8491540B994BD32E_PCD3D_SM5_3__BC5N_DEV_SL_NODBUF57FB1E88__D0A6C7FA09C7958FA98BDEC68BEBA0BADC3DDDE7.udd" 646
"E:/Unreal/Tutorial/Content/StarterContent/Textures/T_Brick_Clay_New_D.uasset" 647
"../../../Engine/Content/MobileResources/HUD/MobileHUDDirectionStick.uasset" 648
"E:/Unreal/Tutorial/Content/StarterContent/Textures/T_Rock_Sandstone_D.uasset" 649
"E:/Unreal/Tutorial/Content/StarterContent/Materials/M_Concrete_Panels.uasset" 650
"E:/Unreal/Tutorial/Content/StarterContent/Textures/T_Concrete_Panels_D.uasset" 651
"E:/Unreal/Tutorial/Content/StarterContent/Textures/T_Concrete_Panels_N.uasset" 652
"E:/Unreal/Tutorial/Content/StarterContent/Textures/T_MacroVariation.uasset" 653
"E:/Unreal/Tutorial/Content/StarterContent/Materials/M_Concrete_Grime.uasset" 654
"E:/Unreal/Tutorial/Content/StarterContent/Textures/T_Concrete_Grime_D.uasset" 655
"E:/Unreal/Tutorial/Content/StarterContent/Textures/T_Metal_Rust_N.uasset" 656
"E:/Unreal/Tutorial/Content/StarterContent/Materials/M_ColorGrid_LowSpec.uasset" 657
"E:/Unreal/Tutorial/Content/StarterContent/Materials/M_CobbleStone_Smooth.uasset" 658
"E:/Unreal/Tutorial/Content/StarterContent/Textures/T_CobbleStone_Smooth_D.uasset" 659
"E:/Unreal/Tutorial/Content/StarterContent/Textures/T_CobbleStone_Smooth_M.uasset" 660
"E:/Unreal/Tutorial/Content/StarterContent/Textures/T_CobbleStone_Smooth_N.uasset" 661
"E:/Unreal/Tutorial/Content/StarterContent/Textures/T_Gradinet_01.uasset" 662
"E:/Unreal/Tutorial/Content/StarterContent/Textures/T_Rock_Smooth_Granite_D.uasset" 663
"E:/Unreal/Tutorial/Content/StarterContent/Materials/M_CobbleStone_Rough.uasset" 664
"E:/Unreal/Tutorial/Content/StarterContent/Textures/T_CobbleStone_Rough_N.uasset" 665
"E:/Unreal/Tutorial/Content/StarterContent/Materials/M_CobbleStone_Pebble.uasset" 666
"E:/Unreal/Tutorial/Content/StarterContent/Textures/T_CobbleStone_Pebble_D.uasset" 667
"E:/Unreal/Tutorial/Content/StarterContent/Textures/T_CobbleStone_Pebble_M.uasset" 668
"E:/Unreal/Tutorial/Content/StarterContent/Textures/T_CobbleStone_Pebble_N.uasset" 669
"E:/Unreal/Tutorial/Content/StarterContent/Materials/M_Ceramic_Tile_Checker.uasset" 670
"E:/Unreal/Tutorial/Content/StarterContent/Textures/T_Ceramic_Tile_M.uasset" 671
"E:/Unreal/Tutorial/Content/StarterContent/Textures/T_Ceramic_Tile_N.uasset" 672
"E:/Unreal/Tutorial/Content/StarterContent/Textures/T_Rock_Marble_Polished_D.uasset" 673
"E:/Unreal/Tutorial/Content/StarterContent/Materials/M_Brick_Hewn_Stone.uasset" 674
"E:/Unreal/Tutorial/Content/StarterContent/Textures/T_Brick_Hewn_Stone_D.uasset" 675
"E:/Unreal/Tutorial/Content/StarterContent/Textures/T_Brick_Hewn_Stone_M.uasset" 676
"E:/Unreal/Tutorial/Content/StarterContent/Textures/T_Brick_Hewn_Stone_N.uasset" 677
"E:/Unreal/Tutorial/Content/StarterContent/Materials/M_Brick_Cut_Stone.uasset" 678
"E:/Unreal/Tutorial/Content/StarterContent/Textures/T_Brick_Cut_Stone_D.uasset" 679
"E:/Unreal/Tutorial/Content/StarterContent/Textures/T_Brick_Cut_Stone_N.uasset" 680
"E:/Unreal/Tutorial/Content/StarterContent/Materials/M_Brick_Clay_Old.uasset" 681
"E:/Unreal/Tutorial/Content/StarterContent/Textures/T_Brick_Clay_Old_D.uasset" 682
"E:/Unreal/Tutorial/Content/StarterContent/Textures/T_Brick_Clay_Old_N.uasset" 683
"E:/Unreal/Tutorial/Content/StarterContent/Materials/M_Brick_Clay_New.uasset" 684
"E:/Unreal/Tutorial/Content/StarterContent/Textures/T_Brick_Clay_New_M.uasset" 685
"E:/Unreal/Tutorial/Content/StarterContent/Textures/T_Brick_Clay_New_N.uasset" 686
"E:/Unreal/Tutorial/Content/StarterContent/Materials/M_Brick_Clay_Beveled.uasset" 687
"E:/Unreal/Tutorial/Content/StarterContent/Textures/T_Brick_Clay_Beveled_D.uasset" 688
"E:/Unreal/Tutorial/Content/StarterContent/Textures/T_Brick_Clay_Beveled_M.uasset" 689
"E:/Unreal/Tutorial/Content/StarterContent/Textures/T_Brick_Clay_Beveled_N.uasset" 690
"E:/Unreal/Tutorial/Content/StarterContent/Materials/M_AssetPlatform.uasset" 691
"E:/Unreal/Tutorial/Content/StarterContent/HDRI/HDRI_Epic_Courtyard_Daylight.uasset" 692
"E:/Unreal/Tutorial/Content/StarterContent/Materials/M_Wood_Walnut.uasset" 693
"E:/Unreal/Tutorial/Content/StarterContent/Textures/T_Wood_Walnut_D.uasset" 694
"E:/Unreal/Tutorial/Content/StarterContent/Textures/T_Wood_Walnut_N.uasset" 695
"E:/Unreal/Tutorial/Content/StarterContent/Materials/M_Wood_Pine.uasset" 696
"E:/Unreal/Tutorial/Content/StarterContent/Textures/T_Wood_Pine_D.uasset" 697
"E:/Unreal/Tutorial/Content/StarterContent/Textures/T_Wood_Pine_N.uasset" 698
"E:/Unreal/Tutorial/Content/StarterContent/Materials/M_Wood_Oak.uasset" 699
"E:/Unreal/Tutorial/Content/StarterContent/Textures/T_Wood_Oak_D.uasset" 700
"E:/Unreal/Tutorial/Content/StarterContent/Textures/T_Wood_Oak_N.uasset" 701
"E:/Unreal/Tutorial/Content/StarterContent/Materials/M_Wood_Floor_Walnut_Worn.uasset" 702
"../../../Engine/Content/Functions/Engine_MaterialFunctions01/Opacity/AlphaOffset.uasset" 703
"E:/Unreal/Tutorial/Content/StarterContent/Textures/T_Wood_Floor_Walnut_D.uasset" 704
"E:/Unreal/Tutorial/Content/StarterContent/Textures/T_Wood_Floor_Walnut_M.uasset" 705
"E:/Unreal/Tutorial/Content/StarterContent/Textures/T_Wood_Floor_Walnut_N.uasset" 706
"E:/Unreal/Tutorial/Content/StarterContent/Materials/M_Wood_Floor_Walnut_Polished.uasset" 707
"E:/Unreal/Tutorial/Content/StarterContent/Materials/M_Water_Lake.uasset" 708
"C:/Users/Remi/AppData/Local/UnrealEngine/Common/DerivedDataCache/4/4/1/MATSM_984AFA3849534FAA8491540B994BD32E_PCD3D_SM5_3__BC5N_DEV_SL_NODBUFCC3208D8__F2C5757F197FE108A8C03CC0D1EFC1D3E75730CA.udd" 709
"E:/Unreal/Tutorial/Content/StarterContent/Particles/Materials/M_explosion_subUV.uasset" 710
"E:/Unreal/Tutorial/Content/StarterContent/Textures/T_Explosion_SubUV.uasset" 711
"E:/Unreal/Tutorial/Content/StarterContent/Particles/Materials/M_Dust_Particle.uasset" 712
"E:/Unreal/Tutorial/Content/StarterContent/Textures/T_Dust_Particle_D.uasset" 713
"E:/Unreal/Tutorial/Content/StarterContent/Particles/Materials/M_Burst.uasset" 714
"E:/Unreal/Tutorial/Content/StarterContent/Textures/T_Burst_M.uasset" 715
"E:/Unreal/Tutorial/Content/StarterContent/Particles/P_Steam_Lit.uasset" 716
"E:/Unreal/Tutorial/Content/StarterContent/Materials/M_Metal_Gold.uasset" 717
"E:/Unreal/Tutorial/Content/StarterContent/Textures/T_Metal_Gold_D.uasset" 718
"E:/Unreal/Tutorial/Content/StarterContent/Textures/T_Metal_Gold_N.uasset" 719
"E:/Unreal/Tutorial/Content/StarterContent/Materials/M_Metal_Copper.uasset" 720
"E:/Unreal/Tutorial/Content/StarterContent/Textures/T_Metal_Copper_D.uasset" 721
"E:/Unreal/Tutorial/Content/StarterContent/Materials/M_Metal_Chrome.uasset" 722
"E:/Unreal/Tutorial/Content/StarterContent/Materials/M_Metal_Burnished_Steel.uasset" 723
"E:/Unreal/Tutorial/Content/StarterContent/Textures/T_Metal_Aluminum_D.uasset" 724
"E:/Unreal/Tutorial/Content/StarterContent/Materials/M_Metal_Brushed_Nickel.uasset" 725
"E:/Unreal/Tutorial/Content/StarterContent/Materials/M_Ground_Moss.uasset" 726
"E:/Unreal/Tutorial/Content/StarterContent/Textures/T_ground_Moss_D.uasset" 727
"E:/Unreal/Tutorial/Content/StarterContent/Textures/T_Ground_Moss_N.uasset" 728
"E:/Unreal/Tutorial/Content/StarterContent/Materials/M_Ground_Gravel.uasset" 729
"E:/Unreal/Tutorial/Content/StarterContent/Textures/T_Ground_Gravel_D.uasset" 730
"E:/Unreal/Tutorial/Content/StarterContent/Textures/T_Ground_Gravel_N.uasset" 731
"E:/Unreal/Tutorial/Content/StarterContent/Materials/M_Ground_Grass.uasset" 732
"E:/Unreal/Tutorial/Content/StarterContent/Textures/T_Ground_Grass_D.uasset" 733
"E:/Unreal/Tutorial/Content/StarterContent/Textures/T_Ground_Grass_N.uasset" 734
"E:/Unreal/Tutorial/Content/StarterContent/Materials/M_Concrete_Tiles.uasset" 735
"E:/Unreal/Tutorial/Content/StarterContent/Textures/T_Concrete_Tiles_D.uasset" 736
"E:/Unreal/Tutorial/Content/StarterContent/Textures/T_Concrete_Tiles_M.uasset" 737
"E:/Unreal/Tutorial/Content/StarterContent/Textures/T_Concrete_Tiles_N.uasset" 738
"E:/Unreal/Tutorial/Content/StarterContent/Textures/T_Concrete_Tiles_Variation_M.uasset" 739
"E:/Unreal/Tutorial/Content/StarterContent/Materials/M_Concrete_Poured.uasset" 740
"E:/Unreal/Tutorial/Content/StarterContent/Textures/T_Concrete_Poured_D.uasset" 741
"E:/Unreal/Tutorial/Content/StarterContent/Textures/T_Concrete_Poured_N.uasset" 742
"E:/Unreal/Tutorial/Content/StarterContent/Blueprints/Assets/SunlightColorLUT.uasset" 743
"E:/Unreal/Tutorial/Content/StarterContent/Blueprints/Assets/SM_Arrows.uasset" 744
"E:/Unreal/Tutorial/Content/StarterContent/Blueprints/Assets/Skybox.uasset" 745
"../../../Engine/Content/EditorMaterials/Thumbnails/SkySphereMaterial.uasset" 746
"E:/Unreal/Tutorial/Content/StarterContent/Blueprints/Assets/M_LightStage_Skybox_Master.uasset" 747
"../../../Engine/Content/MapTemplates/Sky/DaylightAmbientCubemap.uasset" 748
"E:/Unreal/Tutorial/Content/StarterContent/Blueprints/Assets/M_LightStage_Skybox_HDRI.uasset" 749
"E:/Unreal/Tutorial/Content/StarterContent/Blueprints/Assets/M_LightStage_Skybox_Black.uasset" 750
"E:/Unreal/Tutorial/Content/StarterContent/Blueprints/Assets/M_LightStage_Arrows.uasset" 751
"E:/Unreal/Tutorial/Content/StarterContent/Blueprints/Assets/FogBrightnessLUT.uasset" 752
"E:/Unreal/Tutorial/Content/StarterContent/Blueprints/BP_LightStudio.uasset" 753
"E:/Unreal/Tutorial/Content/StarterContent/Blueprints/Blueprint_WallSconce.uasset" 754
"E:/Unreal/Tutorial/Content/StarterContent/Blueprints/Blueprint_Effect_Steam.uasset" 755
"E:/Unreal/Tutorial/Content/StarterContent/Audio/Steam01_Cue.uasset" 756
"E:/Unreal/Tutorial/Content/StarterContent/Audio/Steam01.uasset" 757
"E:/Unreal/Tutorial/Content/StarterContent/Blueprints/Blueprint_Effect_Sparks.uasset" 758
"E:/Unreal/Tutorial/Content/StarterContent/Audio/Fire_Sparks01_Cue.uasset" 759
"E:/Unreal/Tutorial/Content/StarterContent/Audio/Fire_Sparks01.uasset" 760
"E:/Unreal/Tutorial/Content/StarterContent/Particles/P_Sparks.uasset" 761
"E:/Unreal/Tutorial/Content/StarterContent/Blueprints/Blueprint_Effect_Smoke.uasset" 762
"E:/Unreal/Tutorial/Content/StarterContent/Audio/Smoke01_Cue.uasset" 763
"E:/Unreal/Tutorial/Content/StarterContent/Audio/Smoke01.uasset" 764
"E:/Unreal/Tutorial/Content/StarterContent/Particles/P_Smoke.uasset" 765
"E:/Unreal/Tutorial/Content/StarterContent/Blueprints/Blueprint_Effect_Fire.uasset" 766
"E:/Unreal/Tutorial/Content/StarterContent/Audio/Fire01_Cue.uasset" 767
"E:/Unreal/Tutorial/Content/StarterContent/Audio/Fire01.uasset" 768
"E:/Unreal/Tutorial/Content/StarterContent/Particles/P_Fire.uasset" 769
"E:/Unreal/Tutorial/Content/StarterContent/Particles/Materials/M_Fire_SubUV.uasset" 770
"E:/Unreal/Tutorial/Content/StarterContent/Textures/T_Fire_SubUV.uasset" 771
"E:/Unreal/Tutorial/Content/StarterContent/Textures/T_Fire_Tiled_D.uasset" 772
"E:/Unreal/Tutorial/Content/StarterContent/Blueprints/Blueprint_Effect_Explosion.uasset" 773
"E:/Unreal/Tutorial/Content/StarterContent/Audio/Explosion_Cue.uasset" 774
"E:/Unreal/Tutorial/Content/StarterContent/Audio/Explosion01.uasset" 775
"E:/Unreal/Tutorial/Content/StarterContent/Audio/Explosion02.uasset" 776
"E:/Unreal/Tutorial/Content/StarterContent/Particles/P_Explosion.uasset" 777
"E:/Unreal/Tutorial/Content/StarterContent/Particles/Materials/m_flare_01.uasset" 778
"E:/Unreal/Tutorial/Content/StarterContent/Blueprints/Blueprint_CeilingLight.uasset" 779
"E:/Unreal/Tutorial/Content/StarterContent/Audio/Starter_Wind06.uasset" 780
"E:/Unreal/Tutorial/Content/StarterContent/Audio/Starter_Wind05.uasset" 781
"E:/Unreal/Tutorial/Content/StarterContent/Audio/Starter_Music_Cue.uasset" 782
"E:/Unreal/Tutorial/Content/StarterContent/Audio/Starter_Music01.uasset" 783
"E:/Unreal/Tutorial/Content/StarterContent/Audio/Starter_Birds01.uasset" 784
"E:/Unreal/Tutorial/Content/StarterContent/Audio/Starter_Background_Cue.uasset" 785
"E:/Unreal/Tutorial/Content/StarterContent/Audio/Light02_Cue.uasset" 786
"E:/Unreal/Tutorial/Content/StarterContent/Audio/Light02.uasset" 787
"E:/Unreal/Tutorial/Content/StarterContent/Audio/Light01_Cue.uasset" 788
"E:/Unreal/Tutorial/Content/StarterContent/Audio/Light01.uasset" 789
"E:/Unreal/Tutorial/Content/StarterContent/Audio/Collapse_Cue.uasset" 790
"E:/Unreal/Tutorial/Content/StarterContent/Audio/Collapse01.uasset" 791
"E:/Unreal/Tutorial/Content/StarterContent/Audio/Collapse02.uasset" 792
"E:/Unreal/Tutorial/Content/StarterContent/Architecture/Wall_Window_400x400.uasset" 793
"E:/Unreal/Tutorial/Content/StarterContent/Architecture/Wall_Window_400x300.uasset" 794
"E:/Unreal/Tutorial/Content/StarterContent/Architecture/Wall_Door_400x400.uasset" 795
"E:/Unreal/Tutorial/Content/StarterContent/Architecture/Wall_Door_400x300.uasset" 796
"E:/Unreal/Tutorial/Content/StarterContent/Architecture/Wall_500x500.uasset" 797
"E:/Unreal/Tutorial/Content/StarterContent/Architecture/Wall_400x400.uasset" 798
"E:/Unreal/Tutorial/Content/StarterContent/Architecture/Wall_400x300.uasset" 799
"E:/Unreal/Tutorial/Content/StarterContent/Architecture/Wall_400x200.uasset" 800
"E:/Unreal/Tutorial/Content/StarterContent/Architecture/SM_AssetPlatform.uasset" 801
"E:/Unreal/Tutorial/Content/StarterContent/Architecture/Pillar_50x500.uasset" 802
"E:/Unreal/Tutorial/Content/StarterContent/Architecture/Floor_400x400.uasset" 803
"C:/Users/Remi/AppData/Local/UnrealEngine/Common/DerivedDataCache/9/2/9/PHYSX_1D9C17C451EA4FB88CB7A27536A65DB0_PHYSXPC_F041C11E46D46A3BFA04CAB41E4D6E6__C0342C1F6B7008E0984B6765ADC74C9E3C333598.udd" 804
"C:/Users/Remi/AppData/Local/UnrealEngine/Common/DerivedDataCache/2/1/0/NAVCOLLISION_B89838347A4348138EE337A847529C5C_NAVCOLLISION_X_F041C11E46D46A3BF__63240E01254AE1F4549759978A189E5C71E0AFFC.udd" 805
"E:/Unreal/Tutorial/Content/Character/Animations/PunchingMontage.uasset" 806
"E:/Unreal/Tutorial/Content/Character/Animations/MontageExample_Start.uasset" 807
"E:/Unreal/Tutorial/Content/Character/Animations/MontageExample_Punch_2.uasset" 808
"E:/Unreal/Tutorial/Content/Character/Animations/MontageExample_Punch_1.uasset" 809
"E:/Unreal/Tutorial/Content/Character/Animations/MontageExample_End_2.uasset" 810
"E:/Unreal/Tutorial/Content/Character/Animations/MontageExample_End_1.uasset" 811
"E:/Unreal/Tutorial/Content/Character/M_Template_Master.uasset" 812
"C:/Users/Remi/AppData/Local/UnrealEngine/Common/DerivedDataCache/8/2/4/MATSM_984AFA3849534FAA8491540B994BD32E_PCD3D_SM5_3__BC5N_DEV_SL_NODBUF0455E4B2__1D7BE03CEFBABF50731EB1C42AFBBB58457B6911.udd" 813
"C:/Users/Remi/AppData/Local/UnrealEngine/Common/DerivedDataCache/3/0/3/MATSM_984AFA3849534FAA8491540B994BD32E_PCD3D_SM4_3__BC5N_DEV_SL_NODBUF57FB1E88__F0FECBD3C9BA2341B4280629A3C0F827E2748023.udd" 814
"E:/Unreal/Tutorial/Content/StarterContent/Materials/M_Metal_Rust.uasset" 815
"E:/Unreal/Tutorial/Content/StarterContent/Textures/T_Metal_Rust_D.uasset" 816
"../../../Engine/Content/MobileResources/T_MobileMenu2.uasset" 817
"E:/Unreal/Tutorial/Content/StarterContent/Materials/M_Rock_Slate.uasset" 818
"E:/Unreal/Tutorial/Content/StarterContent/Textures/T_Rock_Slate_D.uasset" 819
"E:/Unreal/Tutorial/Content/StarterContent/Textures/T_Rock_Slate_N.uasset" 820
"E:/Unreal/Tutorial/Content/StarterContent/Materials/M_Rock_Sandstone.uasset" 821
"E:/Unreal/Tutorial/Content/StarterContent/Textures/T_Rock_Sandstone_N.uasset" 822
"E:/Unreal/Tutorial/Content/StarterContent/Materials/M_Rock_Marble_Polished.uasset" 823
"E:/Unreal/Tutorial/Content/StarterContent/Materials/M_Rock_Basalt.uasset" 824
"E:/Unreal/Tutorial/Content/StarterContent/Textures/T_Rock_Basalt_N.uasset" 825
"E:/Unreal/Tutorial/Content/StarterContent/Materials/M_Metal_Steel.uasset" 826
"E:/Unreal/Tutorial/Content/StarterContent/Textures/T_Metal_Steel_D.uasset" 827
"E:/Unreal/Tutorial/Content/StarterContent/Textures/T_Metal_Steel_N.uasset" 828
"../../../Engine/Content/MobileResources/HUD/T_Castle_ThumbstickOutter.uasset" 829
"../../../Engine/Content/MobileResources/HUD/MobileHUDButton3.uasset" 830
"../../../Engine/Content/MobileResources/HUD/MobileHUDButton1_off.uasset" 831
"../../../Engine/Content/Maps/Entry.umap" 832
"../../../Engine/Content/EngineMaterials/DefaultNormal.uasset" 833
"E:/Unreal/Tutorial/Content/StarterContent/Maps/Minimal_Default.umap" 834
"../../../Engine/Content/EngineSky/BP_Sky_Sphere.uasset" 835
"../../../Engine/Content/EngineSky/C_Sky_Cloud_Color.uasset" 836
"../../../Engine/Content/EngineSky/C_Sky_Horizon_Color.uasset" 837
"../../../Engine/Content/EngineSky/C_Sky_Zenith_Color.uasset" 838
"../../../Engine/Content/EngineSky/M_Sky_Panning_Clouds2.uasset" 839
"../../../Engine/Content/EngineSky/T_Sky_Blue.uasset" 840
"../../../Engine/Content/EngineSky/T_Sky_Clouds_M.uasset" 841
"../../../Engine/Content/EngineSky/T_Sky_Stars.uasset" 842
"../../../Engine/Content/EngineSky/SM_SkySphere.uasset" 843
"C:/Users/Remi/AppData/Local/UnrealEngine/Common/DerivedDataCache/8/8/6/PHYSX_1D9C17C451EA4FB88CB7A27536A65DB0_PHYSXPC_BAF69E364DADCDF3ADCF2296D61EA79E__1_0_13123_0.udd" 844
"C:/Users/Remi/AppData/Local/UnrealEngine/Common/DerivedDataCache/5/8/3/REFL_ENC_96DFC022836B48889143E9DF484C3296_064CE2804C0AEB0D8E365587F3585F3A.udd" 845
"C:/Users/Remi/AppData/Local/UnrealEngine/Common/DerivedDataCache/4/5/1/REFL_ENC_96DFC022836B48889143E9DF484C3296_E0B1C7BE44914772374477AFB94EF2CE.udd" 846
"C:/Users/Remi/AppData/Local/UnrealEngine/Common/DerivedDataCache/1/5/6/TEXTURE_814DCC3DC72143F49509781513CB9855_AUTODXT_6B21CBB249DA74852DBFD5B15CB5F__F852832D91693F1F642D713D8201976FD94B05C7.udd" 847
"C:/Users/Remi/AppData/Local/UnrealEngine/Common/DerivedDataCache/8/5/2/TEXTURE_814DCC3DC72143F49509781513CB9855_AUTODXT_6B21CBB249DA74852DBFD5B15CB5F__C7018E32DBF9861968C5E1AD46430F1B821B49E8.udd" 848
"C:/Users/Remi/AppData/Local/UnrealEngine/Common/DerivedDataCache/9/2/1/TEXTURE_814DCC3DC72143F49509781513CB9855_AUTODXT_6B21CBB249DA74852DBFD5B15CB5F__0B92117BF0948E0A596E037A0644DF3F0C7251D5.udd" 849
"C:/Users/Remi/AppData/Local/UnrealEngine/Common/DerivedDataCache/6/9/1/TEXTURE_814DCC3DC72143F49509781513CB9855_AUTODXT_AF781550436823B1F829D594A7E87__DBB30FA79F9B87FB9A2C08855EC64652172DAB0E.udd" 850
"C:/Users/Remi/AppData/Local/UnrealEngine/Common/DerivedDataCache/4/0/3/TEXTURE_814DCC3DC72143F49509781513CB9855_DXT1_B6D54EBF48A7FF0413E93186D07D53E8__E76598D107EFC900B77D4C9CBC5EC49231963EA7.udd" 851
"C:/Users/Remi/AppData/Local/UnrealEngine/Common/DerivedDataCache/8/5/6/TEXTURE_814DCC3DC72143F49509781513CB9855_DXT1_B6D54EBF48A7FF0413E93186D07D53E8__2E4F53EE5E17638981CAC45E8E252D54C2578316.udd" 852
"C:/Users/Remi/AppData/Local/UnrealEngine/Common/DerivedDataCache/4/2/4/TEXTURE_814DCC3DC72143F49509781513CB9855_DXT1_B6D54EBF48A7FF0413E93186D07D53E8__C37AB028407E0496D1DE8A544DEDD4723DF9F40B.udd" 853
"C:/Users/Remi/AppData/Local/UnrealEngine/Common/DerivedDataCache/4/4/2/TEXTURE_814DCC3DC72143F49509781513CB9855_AUTODXT_6B21CBB249DA74852DBFD5B15CB5F__41CE155DD81AD6C8827412AF2BBF96CCAC4A3FDD.udd" 854
"C:/Users/Remi/AppData/Local/UnrealEngine/Common/DerivedDataCache/7/8/3/TEXTURE_814DCC3DC72143F49509781513CB9855_DXT1_B6D54EBF48A7FF0413E93186D07D53E8__CA62A48572666553266BC2DA8CAEC0275D4A1FA4.udd" 855
"C:/Users/Remi/AppData/Local/UnrealEngine/Common/DerivedDataCache/6/5/0/TEXTURE_814DCC3DC72143F49509781513CB9855_DXT1_4D44EDBD415CD21C23E96CB9B49F7204__94DD07D5684F042BAED7582E19ED63F6C5D5DDB2.udd" 856
"C:/Users/Remi/AppData/Local/UnrealEngine/Common/DerivedDataCache/5/4/8/TEXTURE_814DCC3DC72143F49509781513CB9855_G8_C5E16DAB4364B8B81CE430881AB2224F_0__9442255C0C5173326670E3BA6EE99D76EA3AE989.udd" 857
"C:/Users/Remi/AppData/Local/UnrealEngine/Common/DerivedDataCache/6/6/4/TEXTURE_814DCC3DC72143F49509781513CB9855_G8_C552E1054AFF5C9BBE9741B42AB723AD_0__F625E40BE668D6F34BC6B8B55FD900DAF62C30A2.udd" 858
"C:/Users/Remi/AppData/Local/UnrealEngine/Common/DerivedDataCache/2/1/2/TEXTURE_814DCC3DC72143F49509781513CB9855_AUTODXT_F134229C400E77929F4F49941BBE5__5A5747AE7BE48A95E66A7811B5D15EC384BE8D39.udd" 859
"C:/Users/Remi/AppData/Local/UnrealEngine/Common/DerivedDataCache/6/7/9/TEXTURE_814DCC3DC72143F49509781513CB9855_G8_C5E16DAB4364B8B81CE430881AB2224F_0__C1BE2F6310962E62A845741E0997F328FA7FD547.udd" 860
"C:/Users/Remi/AppData/Local/UnrealEngine/Common/DerivedDataCache/7/5/2/TEXTURE_814DCC3DC72143F49509781513CB9855_AUTODXT_F134229C400E77929F4F49941BBE5__308802459724F3D01280AEFE6731173DC9E92354.udd" 861
"C:/Users/Remi/AppData/Local/UnrealEngine/Common/DerivedDataCache/7/4/2/TEXTURE_814DCC3DC72143F49509781513CB9855_AUTODXT_FE6D816F48B0603F1DD4128D20796__76EDC0D7A8983FA16F8160E1D0935DE5A5A4E449.udd" 862
"C:/Users/Remi/AppData/Local/UnrealEngine/Common/DerivedDataCache/3/8/3/TEXTURE_814DCC3DC72143F49509781513CB9855_G8_C5E16DAB4364B8B81CE430881AB2224F_0__AA8A08BDFADA51E6AA0755E3F9E4800BCBC26BD6.udd" 863
"C:/Users/Remi/AppData/Local/UnrealEngine/Common/DerivedDataCache/2/8/1/TEXTURE_814DCC3DC72143F49509781513CB9855_G8_C5E16DAB4364B8B81CE430881AB2224F_0__64AC48D04FDA6C2D31452F6D2578909056AD4B61.udd" 864
"C:/Users/Remi/AppData/Local/UnrealEngine/Common/DerivedDataCache/1/8/1/TEXTURE_814DCC3DC72143F49509781513CB9855_AUTODXT_F134229C400E77929F4F49941BBE5__5E3BB9BE0C44B695095C32B466B8D3E9B7FBC810.udd" 865
"C:/Users/Remi/AppData/Local/UnrealEngine/Common/DerivedDataCache/2/2/2/TEXTURE_814DCC3DC72143F49509781513CB9855_AUTODXT_F134229C400E77929F4F49941BBE5__F52B6F6BDF058D7416F6701A06A118CBD08B3BDB.udd" 866
"../../../Engine/Content/EditorResources/EmptyActor.uasset" 867
"../../../Engine/Content/EditorResources/AudioIcons/S_AudioComponent_AutoActivate.uasset" 868
"E:/Unreal/Tutorial/Content/StarterContent/Materials/M_Tech_Panel.uasset" 869
"E:/Unreal/Tutorial/Content/StarterContent/Textures/T_Tech_Panel_M.uasset" 870
"E:/Unreal/Tutorial/Content/StarterContent/Textures/T_Tech_Panel_N.uasset" 871
"C:/Users/Remi/AppData/Local/UnrealEngine/Common/DerivedDataCache/0/2/6/MATSM_984AFA3849534FAA8491540B994BD32E_PCD3D_SM5_3__BC5N_DEV_SL_NODBUFCFC9D0AA__CBCA2A7A4D91BB5264ECD2A5BF297095C41E62E3.udd" 872
"../../../Engine/Content/MobileResources/HUD/MobileHUDDirectionPad3.uasset" 873
"E:/Unreal/Tutorial/Content/StarterContent/Materials/M_Tech_Hex_Tile.uasset" 874
"E:/Unreal/Tutorial/Content/StarterContent/Textures/T_Tech_Hex_Tile_M.uasset" 875
"E:/Unreal/Tutorial/Content/StarterContent/Textures/T_Tech_Hex_Tile_N.uasset" 876
"E:/Unreal/Tutorial/Content/StarterContent/Materials/M_Tech_Checker_Dot.uasset" 877
"E:/Unreal/Tutorial/Content/StarterContent/Textures/T_Checker_Noise_M.uasset" 878
"E:/Unreal/Tutorial/Content/StarterContent/Textures/T_Single_Tile_N.uasset" 879
"E:/Unreal/Tutorial/Content/StarterContent/Textures/T_Tech_Dot_M.uasset" 880
"../../../Engine/Content/MobileResources/HUD/T_Castle_ThumbstickInner.uasset" 881
"../../../Engine/Content/MobileResources/HUD/MobileHUDButton1_on.uasset" 882
"E:/Unreal/Tutorial/Content/StarterContent/Shapes/Shape_Torus.uasset" 883
"E:/Unreal/Tutorial/Content/StarterContent/Shapes/Shape_Sphere.uasset" 884
"E:/Unreal/Tutorial/Content/StarterContent/Shapes/Shape_QuadPyramid.uasset" 885
"E:/Unreal/Tutorial/Content/StarterContent/Shapes/Shape_Plane.uasset" 886
"E:/Unreal/Tutorial/Content/StarterContent/Shapes/Shape_Pipe_90.uasset" 887
"E:/Unreal/Tutorial/Content/StarterContent/Shapes/Shape_Pipe_180.uasset" 888
"E:/Unreal/Tutorial/Content/StarterContent/Shapes/Shape_Pipe.uasset" 889
"E:/Unreal/Tutorial/Content/StarterContent/Shapes/Shape_NarrowCapsule.uasset" 890
"E:/Unreal/Tutorial/Content/StarterContent/Shapes/Shape_Cylinder.uasset" 891
"E:/Unreal/Tutorial/Content/StarterContent/Maps/StarterMap.umap" 892
"../../../Engine/Content/EngineMaterials/AntiAliasedTextMaterialTranslucent.uasset" 893
"../../../Engine/Content/Functions/Engine_MaterialFunctions03/Procedurals/ComputeFilterWidth.uasset" 894
"E:/Unreal/Tutorial/Content/StarterContent/Materials/M_Tech_Hex_Tile_Pulse.uasset" 895
"E:/Unreal/Tutorial/Content/StarterContent/Particles/P_Ambient_Dust.uasset" 896
"C:/Users/Remi/AppData/Local/UnrealEngine/Common/DerivedDataCache/2/0/8/MATSM_984AFA3849534FAA8491540B994BD32E_PCD3D_SM4_3__BC5N_DEV_SL_NODBUFCC3208D8__2EFAFDA1A50AF293C073F3947837537181D16808.udd" 897
"C:/Users/Remi/AppData/Local/UnrealEngine/Common/DerivedDataCache/7/2/3/MATSM_984AFA3849534FAA8491540B994BD32E_PCD3D_SM4_3__BC5N_DEV_SL_NODBUF40BCCE00__F744325508E2BDEDC0EBE783184D645904AA4817.udd" 898
"C:/Users/Remi/AppData/Local/UnrealEngine/Common/DerivedDataCache/2/5/4/MATSM_984AFA3849534FAA8491540B994BD32E_PCD3D_SM4_3__BC5N_DEV_SL_NODBUF0E5535AE__1B5D8AAA31D707FD5D30AB1C0B61A70E936A2D8D.udd" 899
"../../../Engine/Content/EditorResources/AudioIcons/S_AudioComponent.uasset" 900
"../../../Engine/Content/MobileResources/HUD/LeftVirtualJoystickOnly.uasset" 901
"E:/Unreal/Tutorial/Content/StarterContent/Maps/Advanced_Lighting.umap" 902
"../../../Engine/Content/EditorResources/LightIcons/S_LightError.uasset" 903
"../../../Engine/Content/MobileResources/HUD/MobileHUDButtonFire.uasset" 904
"E:/Unreal/Tutorial/Content/StarterContent/Shapes/Shape_TriPyramid.uasset" 905
"E:/Unreal/Tutorial/Content/StarterContent/Shapes/Shape_Trim_90_Out.uasset" 906
"E:/Unreal/Tutorial/Content/StarterContent/Shapes/Shape_Trim_90_In.uasset" 907
"E:/Unreal/Tutorial/Content/StarterContent/Shapes/Shape_Trim.uasset" 908
"C:/Users/Remi/AppData/Local/UnrealEngine/Common/DerivedDataCache/0/3/8/MATSM_984AFA3849534FAA8491540B994BD32E_PCD3D_SM4_3__BC5N_DEV_SL_NODBUF7219C449__365A6335DEBBD61C1001124AE06FA7D2B1BECFC6.udd" 909
"../../../Engine/Content/MobileResources/HUD/MobileHUDDirectionPad.uasset" 910
"E:/Unreal/Tutorial/Content/StarterContent/Shapes/Shape_Wedge_A.uasset" 911
"E:/Unreal/Tutorial/Content/StarterContent/Shapes/Shape_Tube.uasset" 912
"../../../Engine/Content/MobileResources/HUD/MobileHUDButton2_off.uasset" 913
"E:/Unreal/Tutorial/Content/StarterContent/Shapes/Shape_Wedge_B.uasset" 914
"E:/Unreal/Tutorial/Content/StarterContent/Shapes/Shape_WideCapsule.uasset" 915
"..\..\..\Engine\Content\Internationalization\icudt53l\windowsZones.res" 916
"..\..\..\Engine\Content\Internationalization\icudt53l\zoneinfo64.res" 917
"..\..\..\Engine\Content\Internationalization\icudt53l\keyTypeData.res" 918
"..\..\..\Engine\Content\Internationalization\icudt53l\timezoneTypes.res" 919
"..\..\..\Engine\Content\Internationalization\icudt53l\supplementalData.res" 920
"..\..\..\Engine\Content\Internationalization\icudt53l\likelySubtags.res" 921
