"../../../Engine/Content/Functions/Engine_MaterialFunctions01/Opacity/CameraDepthFade.uasset" 0
"../../../Engine/Content/EngineMaterials/T_Default_Material_Grid_M.uasset" 1
"../../../Engine/Content/EngineMaterials/T_Default_Material_Grid_N.uasset" 2
"../../../Engine/Content/EngineMaterials/DefaultMaterial.uasset" 3
"../../../Engine/Content/EngineMaterials/DefaultDiffuse.uasset" 4
"../../../Engine/Content/EngineMaterials/DefaultNormal.uasset" 5
"../../../Engine/Content/Maps/Entry.umap" 6
"../../../Engine/Content/EditorBlueprintResources/ActorMacros.uasset" 7
"../../../Engine/Content/EditorBlueprintResources/StandardMacros.uasset" 8
"../../../Tutorial/Content/Blueprints/ThirdPersonGameInstane.uasset" 9
"../../../Tutorial/Content/Assets/Character/model1/model1_Body_Diffuse.uasset" 10
"../../../Tutorial/Content/Assets/Character/model1/model1_Body_Normal.uasset" 11
"../../../Tutorial/Content/Assets/Character/model1/model1_Body_Specular.uasset" 12
"../../../Tutorial/Content/Assets/Character/model1/Bodymat.uasset" 13
"../../../Tutorial/Content/Assets/Character/model1/model1_Bottom_Diffuse.uasset" 14
"../../../Tutorial/Content/Assets/Character/model1/model1_Bottom_Normal.uasset" 15
"../../../Tutorial/Content/Assets/Character/model1/model1_Bottom_Specular.uasset" 16
"../../../Tutorial/Content/Assets/Character/model1/Bottommat.uasset" 17
"../../../Tutorial/Content/Assets/Character/model1/model1_Hair_Diffuse.uasset" 18
"../../../Tutorial/Content/Assets/Character/model1/model1_Hair_Normal.uasset" 19
"../../../Tutorial/Content/Assets/Character/model1/model1_Hair_Specular.uasset" 20
"../../../Tutorial/Content/Assets/Character/model1/Hairmat.uasset" 21
"../../../Tutorial/Content/Assets/Character/model1/model1_Shoes_Diffuse.uasset" 22
"../../../Tutorial/Content/Assets/Character/model1/model1_Shoes_Normal.uasset" 23
"../../../Tutorial/Content/Assets/Character/model1/model1_Shoes_Specular.uasset" 24
"../../../Tutorial/Content/Assets/Character/model1/Shoesmat.uasset" 25
"../../../Tutorial/Content/Assets/Character/model1/model1_Top_Diffuse.uasset" 26
"../../../Tutorial/Content/Assets/Character/model1/model1_Top_Normal.uasset" 27
"../../../Tutorial/Content/Assets/Character/model1/model1_Top_Specular.uasset" 28
"../../../Tutorial/Content/Assets/Character/model1/Topmat.uasset" 29
"../../../Tutorial/Content/Assets/Character/model1/model1_PhysicsAsset.uasset" 30
"../../../Tutorial/Content/Assets/Character/model1/model1.uasset" 31
"../../../Tutorial/Content/Assets/Character/common/m_character_skeleton.uasset" 32
"../../../Tutorial/Content/Assets/Character/common/animation/neutral_idle.uasset" 33
"../../../Tutorial/Content/Assets/Character/common/animation/running.uasset" 34
"../../../Tutorial/Content/Assets/Character/common/animation/walking.uasset" 35
"../../../Tutorial/Content/Assets/Character/common/animation/idle_to_run.uasset" 36
"../../../Tutorial/Content/Assets/Character/common/m_character_anim_bp.uasset" 37
"../../../Tutorial/Content/Character/CharacterMaterial.uasset" 38
"../../../Tutorial/Content/Character/CharacterMaterial_Inst.uasset" 39
"../../../Tutorial/Content/Character/HeroTPP_PhysicsAsset.uasset" 40
"../../../Tutorial/Content/Character/HeroTPP.uasset" 41
"../../../Engine/Content/Functions/Engine_MaterialFunctions01/Texturing/DetailTexturing.uasset" 42
"../../../Tutorial/Content/Assets/Props/weapons/weapon_skorpion/D.uasset" 43
"../../../Tutorial/Content/Assets/Props/weapons/weapon_skorpion/G.uasset" 44
"../../../Tutorial/Content/Assets/Props/weapons/weapon_skorpion/N.uasset" 45
"../../../Tutorial/Content/Assets/Props/weapons/weapon_skorpion/S.uasset" 46
"../../../Tutorial/Content/Assets/Props/weapons/weapon_skorpion/default_material.uasset" 47
"../../../Tutorial/Content/Assets/Props/weapons/weapon_skorpion/skorpion.uasset" 48
"../../../Tutorial/Content/Character/HeroTPP_Skeleton.uasset" 49
"../../../Tutorial/Content/Character/Animations/Jump_End.uasset" 50
"../../../Tutorial/Content/Character/Animations/Jump_Loop.uasset" 51
"../../../Tutorial/Content/Character/Animations/Jump_Start.uasset" 52
"../../../Tutorial/Content/Character/Animations/Idle.uasset" 53
"../../../Tutorial/Content/Character/Animations/Run.uasset" 54
"../../../Tutorial/Content/Character/Animations/Walk.uasset" 55
"../../../Tutorial/Content/Character/Animations/Idle_Walk_Run.uasset" 56
"../../../Tutorial/Content/Character/CharacterAnimBP.uasset" 57
"../../../Tutorial/Content/Assets/Character/model2/model2_Body_Diffuse.uasset" 58
"../../../Tutorial/Content/Assets/Character/model2/model2_Body_Normal.uasset" 59
"../../../Tutorial/Content/Assets/Character/model2/model2_Body_Specular.uasset" 60
"../../../Tutorial/Content/Assets/Character/model2/Bodymat.uasset" 61
"../../../Tutorial/Content/Assets/Character/model2/Bodymat_eyelashes.uasset" 62
"../../../Tutorial/Content/Assets/Character/model2/model2_Bottom_Diffuse.uasset" 63
"../../../Tutorial/Content/Assets/Character/model2/model2_Bottom_Normal.uasset" 64
"../../../Tutorial/Content/Assets/Character/model2/model2_Bottom_Specular.uasset" 65
"../../../Tutorial/Content/Assets/Character/model2/Bottommat.uasset" 66
"../../../Tutorial/Content/Assets/Character/model2/model2_Hair_Diffuse.uasset" 67
"../../../Tutorial/Content/Assets/Character/model2/model2_Hair_Normal.uasset" 68
"../../../Tutorial/Content/Assets/Character/model2/model2_Hair_Specular.uasset" 69
"../../../Tutorial/Content/Assets/Character/model2/Hairmat.uasset" 70
"../../../Tutorial/Content/Assets/Character/model2/model2_Top_Diffuse.uasset" 71
"../../../Tutorial/Content/Assets/Character/model2/model2_Top_Normal.uasset" 72
"../../../Tutorial/Content/Assets/Character/model2/model2_Top_Specular.uasset" 73
"../../../Tutorial/Content/Assets/Character/model2/Topmat.uasset" 74
"../../../Tutorial/Content/Assets/Character/model2/model2_PhysicsAsset.uasset" 75
"../../../Tutorial/Content/Assets/Character/model2/model2.uasset" 76
"../../../Tutorial/Content/StarterContent/Audio/Explosion01.uasset" 77
"../../../Tutorial/Content/Character/CharacterBP.uasset" 78
"../../../Tutorial/Content/UI/HUD.uasset" 79
"../../../Tutorial/Content/Blueprints/ThirdPersonController.uasset" 80
"../../../Tutorial/Content/Game.uasset" 81
"../../../Tutorial/Content/StarterContent/Textures/T_Wood_Pine_D.uasset" 82
"../../../Tutorial/Content/UI/MainMenu.uasset" 83
"../../../Tutorial/Content/Levels/Main.umap" 84
"../../../Engine/Content/EngineFonts/Roboto.uasset" 85
"../../../Engine/Content/Functions/Engine_MaterialFunctions01/Shading/PowerToRoughness.uasset" 86
"../../../Engine/Content/Functions/Engine_MaterialFunctions01/Shading/ConvertFromDiffSpec.uasset" 87
"../../../Engine/Content/EngineMaterials/DefaultDeferredDecalMaterial.uasset" 88
"../../../Engine/Content/EngineMaterials/DefaultLightFunctionMaterial.uasset" 89
"../../../Engine/Content/Functions/Engine_MaterialFunctions02/Utility/BreakOutFloat2Components.uasset" 90
"../../../Engine/Content/EngineMaterials/DefaultPostProcessMaterial.uasset" 91
"../../../Engine/Content/EngineResources/DefaultTexture.uasset" 92
"../../../Engine/Content/Functions/Engine_MaterialFunctions02/Texturing/ScreenAlignedUVs.uasset" 93
"../../../Engine/Content/EngineResources/WhiteSquareTexture.uasset" 94
"../../../Engine/Content/EngineMaterials/Widget3DPassThrough.uasset" 95
"../../../Engine/Content/EngineMaterials/Widget3DPassThrough_Translucent.uasset" 96
"../../../Engine/Content/EngineMaterials/Widget3DPassThrough_Translucent_OneSided.uasset" 97
"../../../Engine/Content/EngineMaterials/Widget3DPassThrough_Opaque.uasset" 98
"../../../Engine/Content/EngineMaterials/Widget3DPassThrough_Opaque_OneSided.uasset" 99
"../../../Engine/Content/EngineMaterials/Widget3DPassThrough_Masked.uasset" 100
"../../../Engine/Content/EngineMaterials/Widget3DPassThrough_Masked_OneSided.uasset" 101
"../../../Engine/Content/EditorResources/S_Actor.uasset" 102
"../../../Engine/Content/Maps/Templates/Thumbnails/Default.uasset" 103
"../../../Engine/Content/EditorMaterials/ParticleSystems/PSysThumbnail_NoImage.uasset" 104
"../../../Engine/Content/EditorMaterials/ParticleSystems/PSysThumbnail_OOD.uasset" 105
"../../../Engine/Content/EditorLandscapeResources/DataLayer.uasset" 106
"../../../Engine/Content/EngineDamageTypes/DmgTypeBP_Environmental.uasset" 107
"../../../Engine/Content/EngineMeshes/Sphere.uasset" 108
"../../../Engine/Content/EngineFonts/RobotoDistanceField.uasset" 109
"../../../Engine/Content/EngineMaterials/DefaultTextMaterialOpaque.uasset" 110
"../../../Engine/Content/EditorResources/S_Trigger.uasset" 111
"../../../Engine/Content/EngineResources/GradientTexture0.uasset" 112
"../../../Engine/Content/EngineResources/Black.uasset" 113
"../../../Engine/Content/EditorMaterials/MatineeGroups/MAT_Groups_Float.uasset" 114
"../../../Engine/Content/EditorMaterials/MatineeGroups/MAT_Groups_Director.uasset" 115
"../../../Engine/Content/EditorMaterials/MatineeGroups/MAT_Groups_Event.uasset" 116
"../../../Engine/Content/EditorMaterials/MatineeGroups/MAT_Groups_Anim.uasset" 117
"../../../Engine/Content/EditorMaterials/MatineeGroups/MAT_Groups_Fade.uasset" 118
"../../../Engine/Content/EditorMaterials/MatineeGroups/MAT_Groups_Move.uasset" 119
"../../../Engine/Content/EditorMaterials/MatineeGroups/MAT_Groups_Slomo.uasset" 120
"../../../Engine/Content/EditorMaterials/MatineeGroups/MAT_ColorTrack.uasset" 121
"../../../Engine/Content/EditorMaterials/MAT_Groups_Toggle.uasset" 122
"../../../Engine/Content/EditorMaterials/MatineeGroups/MAT_Groups_AudioMaster.uasset" 123
"../../../Engine/Content/EditorMaterials/MatineeGroups/MAT_Groups_Sound.uasset" 124
"../../../Engine/Content/EditorMaterials/MatineeGroups/MAT_Groups_Vector.uasset" 125
"../../../Engine/Content/EditorMaterials/MAT_Groups_Visibility.uasset" 126
"../../../Engine/Content/EngineResources/DefaultTextureCube.uasset" 127
"../../../Engine/Content/EngineMeshes/Cylinder.uasset" 128
"../../../Engine/Content/EngineTireTypes/DefaultTireType.uasset" 129
"../../../Engine/Content/EngineResources/AICON-Red.uasset" 130
"../../../Engine/Content/EngineResources/AICON-Green.uasset" 131
"../../../Engine/Content/Tutorial/Landscape/TutorialAssets/Landscape.uasset" 132
"../../../Engine/Content/Tutorial/Landscape/Landscape_Painting_Mode.uasset" 133
"../../../Engine/Content/Tutorial/Landscape/Landscape_Sculpt_Mode.uasset" 134
"../../../Engine/Content/Tutorial/Landscape/Landscape_Manage_Mode.uasset" 135
"../../../Engine/Content/Tutorial/Basics/LevelEditorAttract.uasset" 136
"../../../Engine/Content/Tutorial/ContentIntroCurve.uasset" 137
"../../../Engine/Plugins/2D/Paper2D/Content/PlaceholderTextures/DummySpriteTexture.uasset" 138
"../../../Engine/Plugins/2D/Paper2D/Content/DefaultSpriteMaterial.uasset" 139
"../../../Engine/Plugins/2D/Paper2D/Content/MaskedUnlitSpriteMaterial.uasset" 140
"../../../Engine/Plugins/2D/Paper2D/Content/OpaqueUnlitSpriteMaterial.uasset" 141
"../../../Engine/Plugins/2D/Paper2D/Content/DummySpriteTexture.uasset" 142
"../../../Engine/Plugins/2D/Paper2D/Content/DummySprite.uasset" 143
"../../../Engine/Plugins/2D/Paper2D/Content/DefaultPaperTerrainMaterial.uasset" 144
"../../../Engine/Plugins/Runtime/LeapMotionController/Content/LM_CapsuleMesh.uasset" 145
"../../../Engine/Plugins/Runtime/LeapMotionController/Content/LM_TorusMesh.uasset" 146
"../../../Engine/Plugins/Runtime/LeapMotionController/Content/LM_HandColor.uasset" 147
"../../../Engine/Plugins/Runtime/LeapMotionController/Content/LM_SampleDistortion.uasset" 148
"../../../Engine/Plugins/Runtime/LeapMotionController/Content/LM_TestTexture.uasset" 149
"../../../Engine/Plugins/Runtime/LeapMotionController/Content/LM_PassthroughMaterial.uasset" 150
"../../../Engine/Content/EngineMaterials/WorldGridMaterial.uasset" 151
"../../../Engine/Content/BasicShapes/Cube.uasset" 152
"../../../Engine/Content/EngineMaterials/RemoveSurfaceMaterial.uasset" 153
"../../../Engine/Content/EngineDebugMaterials/DebugMeshMaterial.uasset" 154
"../../../Engine/Content/EngineMaterials/InvalidLightmapSettings.uasset" 155
"../../../Engine/Content/EngineMaterials/M_InvalidLightmapSettings.uasset" 156
"../../../Engine/Content/EditorMaterials/GizmoMaterial.uasset" 157
"../../../Engine/Content/EngineMaterials/Good64x64TilingNoiseHighFreq.uasset" 158
"../../../Engine/Content/EngineMaterials/DefaultBokeh.uasset" 159
"../../../Engine/Content/EngineMaterials/PreintegratedSkinBRDF.uasset" 160
"../../../Engine/Content/EngineMaterials/MiniFont.uasset" 161
"../../../Engine/Content/EngineMaterials/WeightMapPlaceholderTexture.uasset" 162
"../../../Engine/Content/EngineMaterials/DefaultWhiteGrid.uasset" 163
"../../../Engine/Content/EngineMaterials/DefaultPhysicalMaterial.uasset" 164
"../../../Engine/Content/EngineFonts/RobotoTiny.uasset" 165
"../../../Engine/Content/MobileResources/HUD/AnalogHat.uasset" 166
"../../../Engine/Content/MobileResources/HUD/VirtualJoystick_Background.uasset" 167
"../../../Engine/Content/MobileResources/HUD/VirtualJoystick_Thumb.uasset" 168
"../../../Engine/Content/MobileResources/HUD/DefaultVirtualJoysticks.uasset" 169
"../../../Engine/Content/MobileResources/HUD/LeftVirtualJoystickOnly.uasset" 170
"../../../Engine/Content/MobileResources/HUD/T_Castle_ThumbstickOutter.uasset" 171
"../../../Engine/Content/MobileResources/T_MobileControls_texture.uasset" 172
"../../../Engine/Content/MobileResources/HUD/MobileHUDButton2_off.uasset" 173
"../../../Engine/Content/MobileResources/HUD/MobileHUDButton1_on.uasset" 174
"../../../Engine/Content/MobileResources/HUD/T_Castle_ThumbstickInner.uasset" 175
"../../../Engine/Content/MobileResources/HUD/MobileHUDDirectionPad2.uasset" 176
"../../../Engine/Content/MobileResources/HUD/MobileHUDDirectionPad.uasset" 177
"../../../Engine/Content/MobileResources/HUD/MobileHUDButton1_off.uasset" 178
"../../../Engine/Content/MobileResources/HUD/MobileHUDDirectionPad3.uasset" 179
"../../../Engine/Content/MobileResources/HUD/MobileHUDButtonFire.uasset" 180
"../../../Engine/Content/MobileResources/T_MobileMenu2.uasset" 181
"../../../Engine/Content/MobileResources/HUD/MobileHUDButton2_on.uasset" 182
"../../../Engine/Content/MobileResources/HUD/MobileHUDButton3.uasset" 183
"../../../Engine/Content/MobileResources/HUD/MobileHUDDirectionStick.uasset" 184
"../../../Engine/Content/EditorMaterials/PhAT_JointLimitMaterial.uasset" 185
"../../../Engine/Content/EditorMaterials/PreviewShadowIndicator.uasset" 186
"../../../Engine/Content/EditorMaterials/PreviewShadowIndicatorMaterial.uasset" 187
"../../../Engine/Content/EditorMeshes/ColorCalibrator/M_ChromeBall.uasset" 188
"../../../Engine/Content/EditorMeshes/ColorCalibrator/M_ClearCoat.uasset" 189
"../../../Engine/Content/EditorMeshes/ColorCalibrator/M_ClearCoatBlack.uasset" 190
"../../../Engine/Content/EditorMeshes/ColorCalibrator/T_ColorGrid.uasset" 191
"../../../Engine/Content/EditorMeshes/ColorCalibrator/M_ColorGrid.uasset" 192
"../../../Engine/Content/EditorMeshes/ColorCalibrator/M_GreyBall.uasset" 193
"../../../Engine/Content/EditorMeshes/ColorCalibrator/SM_ColorCalibrator.uasset" 194
"../../../Engine/Content/EditorResources/BSPVertex.uasset" 195
"../../../Engine/Content/EngineDebugMaterials/HeatmapGradient.uasset" 196
"../../../Engine/Content/EngineDebugMaterials/BoneWeightMaterial.uasset" 197
"../../../Engine/Content/EngineDebugMaterials/GeomMaterial.uasset" 198
"../../../Engine/Content/EngineMaterials/EditorBrushMaterial.uasset" 199
"../../../Engine/Content/Tutorial/Basics/TutorialAssets/icon_tab_Levels_40x.uasset" 200
"../../../Engine/Content/Tutorial/Basics/LevelEditorOverview.uasset" 201
"../../../Engine/Content/Tutorial/BlueprintTutorials/TutorialAssets/Blueprint_64x.uasset" 202
"../../../Engine/Content/Tutorial/BlueprintTutorials/BlueprintEditorTutorial.uasset" 203
"../../../Engine/Content/Tutorial/BlueprintTutorials/TutorialAssets/BlueprintInterface_64x.uasset" 204
"../../../Engine/Content/Tutorial/BlueprintTutorials/TutorialAssets/Tutorial_BP_Interface.uasset" 205
"../../../Engine/Content/Tutorial/BlueprintTutorials/BlueprintInterfacesEditorOverview.uasset" 206
"../../../Engine/Content/Tutorial/BlueprintTutorials/TutorialAssets/BlueprintMacroLibrary_64x.uasset" 207
"../../../Engine/Content/Tutorial/BlueprintTutorials/TutorialAssets/Tutorial_BP_MacroLib.uasset" 208
"../../../Engine/Content/Tutorial/BlueprintTutorials/BlueprintMacroLibrariesEditorOverview.uasset" 209
"../../../Engine/Content/Tutorial/BlueprintTutorials/LevelBlueprintEditorOverview.uasset" 210
"../../../Engine/Content/Tutorial/Foliage/TutorialAssets/Foliage.uasset" 211
"../../../Engine/Content/Tutorial/Foliage/Foliage_Settings_Tutorial.uasset" 212
"../../../Engine/Content/Tutorial/Foliage/Foliage_Using_The_Tool_Tutorial.uasset" 213
"../../../Engine/Content/Tutorial/Foliage/Foliage_Intro_Tutorial.uasset" 214
"../../../Engine/Content/Tutorial/Paper2D/TutorialAssets/Paper2DFlipbook_TutorialIcon.uasset" 215
"../../../Engine/Content/Tutorial/Paper2D/FlipbookEditorTutorial.uasset" 216
"../../../Engine/Content/Tutorial/Paper2D/TutorialAssets/Paper2DSprite_TutorialIcon.uasset" 217
"../../../Engine/Content/Tutorial/Paper2D/SpriteEditorTutorial.uasset" 218
"../../../Engine/Content/EditorMeshes/EditorCube.uasset" 219
"../../../Engine/Content/Tutorial/SubEditors/TutorialAssets/Tutorial_DM.uasset" 220
"../../../Engine/Content/Tutorial/SubEditors/DestructibleMeshEditorTutorial.uasset" 221
"../../../Engine/Content/Tutorial/SubEditors/TutorialAssets/TutorialMaterial.uasset" 222
"../../../Engine/Content/Tutorial/SubEditors/MaterialEditorTutorial.uasset" 223
"../../../Engine/Content/Tutorial/SubEditors/TutorialAssets/T_SmokeSubUV_8X8.uasset" 224
"../../../Engine/Content/Tutorial/SubEditors/TutorialAssets/T_soft_smoke.uasset" 225
"../../../Engine/Content/Tutorial/SubEditors/TutorialAssets/M_smoke_subUV_blackbody.uasset" 226
"../../../Engine/Content/Tutorial/SubEditors/TutorialAssets/TutorialParticleSystem.uasset" 227
"../../../Engine/Content/Tutorial/SubEditors/ParticleSystemEditorTutorial.uasset" 228
"../../../Engine/Content/Tutorial/SubEditors/TutorialAssets/icon_ShowSkeletalMeshes_40x.uasset" 229
"../../../Engine/Content/Tutorial/SubEditors/TutorialAssets/Character/TutorialTPP_Mat.uasset" 230
"../../../Engine/Content/Tutorial/SubEditors/TutorialAssets/Character/TutorialTPP_PhysicsAsset.uasset" 231
"../../../Engine/Content/Tutorial/SubEditors/TutorialAssets/Character/TutorialTPP.uasset" 232
"../../../Engine/Content/Tutorial/SubEditors/TutorialAssets/Character/TutorialTPP_Skeleton.uasset" 233
"../../../Engine/Content/Tutorial/SubEditors/TutorialAssets/Character/Tutorial_Idle.uasset" 234
"../../../Engine/Content/Tutorial/SubEditors/TutorialAssets/Character/Tutorial_Walk_Fwd.uasset" 235
"../../../Engine/Content/Tutorial/SubEditors/TutorialAssets/Character/NewBlendSpace1D.uasset" 236
"../../../Engine/Content/Tutorial/SubEditors/TutorialAssets/Character/TutorialCharacter.uasset" 237
"../../../Engine/Content/Tutorial/SubEditors/TutorialAssets/Character/TutorialTPP_AnimBlueprint.uasset" 238
"../../../Engine/Content/Tutorial/SubEditors/PersonaAnimBlueprintEditorWalkthrough.uasset" 239
"../../../Engine/Content/Tutorial/SubEditors/PersonaAnimEditorWalkthrough.uasset" 240
"../../../Engine/Content/EngineMeshes/Cube.uasset" 241
"../../../Engine/Content/Tutorial/SubEditors/StaticMeshEditorTutorial.uasset" 242
"../../../Engine/Content/Tutorial/SubEditors/TutorialAssets/icon_Editor_Preferences_General_40x.uasset" 243
