"E:/Unreal/3D-FPS/Tutorial.uproject" 1
"../../../Engine/Plugins/2D/Paper2D/Paper2D.uplugin" 2
"../../../Engine/Plugins/Blendables/LightPropagationVolume/LightPropagationVolume.uplugin" 3
"../../../Engine/Plugins/Developer/BlankPlugin/BlankPlugin.uplugin" 4
"../../../Engine/Plugins/Developer/CodeLiteSourceCodeAccess/CodeLiteSourceCodeAccess.uplugin" 5
"../../../Engine/Plugins/Developer/GitSourceControl/GitSourceControl.uplugin" 6
"../../../Engine/Plugins/Developer/KDevelopSourceCodeAccess/KDevelopSourceCodeAccess.uplugin" 7
"../../../Engine/Plugins/Developer/NullSourceCodeAccess/NullSourceCodeAccess.uplugin" 8
"../../../Engine/Plugins/Developer/OneSkyLocalizationService/OneSkyLocalizationService.uplugin" 9
"../../../Engine/Plugins/Developer/PerforceSourceControl/PerforceSourceControl.uplugin" 10
"../../../Engine/Plugins/Developer/SubversionSourceControl/SubversionSourceControl.uplugin" 11
"../../../Engine/Plugins/Developer/UObjectPlugin/UObjectPlugin.uplugin" 12
"../../../Engine/Plugins/Developer/VisualStudioSourceCodeAccess/VisualStudioSourceCodeAccess.uplugin" 13
"../../../Engine/Plugins/Developer/XCodeSourceCodeAccess/XCodeSourceCodeAccess.uplugin" 14
"../../../Engine/Plugins/Editor/EpicSurvey/EpicSurvey.uplugin" 15
"../../../Engine/Plugins/Editor/MacGraphicsSwitching/MacGraphicsSwitching.uplugin" 16
"../../../Engine/Plugins/Editor/PluginBrowser/PluginBrowser.uplugin" 17
"../../../Engine/Plugins/Editor/SpeedTreeImporter/SpeedTreeImporter.uplugin" 18
"../../../Engine/Plugins/Experimental/BlueprintStats/BlueprintStats.uplugin" 19
"../../../Engine/Plugins/Experimental/CharacterAI/CharacterAI.uplugin" 20
"../../../Engine/Plugins/Experimental/CodeEditor/CodeEditor.uplugin" 21
"../../../Engine/Plugins/Experimental/CodeView/CodeView.uplugin" 22
"../../../Engine/Plugins/Experimental/HTML5Networking/HTML5Networking.uplugin" 23
"../../../Engine/Plugins/Experimental/LiveEditor/LiveEditor.uplugin" 24
"../../../Engine/Plugins/Experimental/Phya/Phya.uplugin" 25
"../../../Engine/Plugins/Experimental/SimpleHMD/SimpleHMD.uplugin" 26
"../../../Engine/Plugins/Experimental/StructBox/StructBox.uplugin" 27
"../../../Engine/Plugins/Media/AndroidMedia/AndroidMedia.uplugin" 28
"../../../Engine/Plugins/Media/AvfMedia/AvfMedia.uplugin" 29
"../../../Engine/Plugins/Media/MediaPlayerEditor/MediaPlayerEditor.uplugin" 30
"../../../Engine/Plugins/Media/WmfMedia/WmfMedia.uplugin" 31
"../../../Engine/Plugins/Messaging/MessagingDebugger/MessagingDebugger.uplugin" 32
"../../../Engine/Plugins/Messaging/UdpMessaging/UdpMessaging.uplugin" 33
"../../../Engine/Plugins/MovieScene/LevelSequenceEditor/LevelSequenceEditor.uplugin" 34
"../../../Engine/Plugins/NetcodeUnitTest/NetcodeUnitTest/NetcodeUnitTest.uplugin" 35
"../../../Engine/Plugins/NetcodeUnitTest/NUTUnrealEngine4/NUTUnrealEngine4.uplugin" 36
"../../../Engine/Plugins/Runtime/Advertising/IOSTapJoy/IOSTapJoy.uplugin" 37
"../../../Engine/Plugins/Runtime/Analytics/AnalyticsBlueprintLibrary/AnalyticsBlueprintLibrary.uplugin" 38
"../../../Engine/Plugins/Runtime/Analytics/AnalyticsMulticast/AnalyticsMulticast.uplugin" 39
"../../../Engine/Plugins/Runtime/Analytics/Apsalar/IOSApsalar/IOSApsalar.uplugin" 40
"../../../Engine/Plugins/Runtime/Analytics/FileLogging/FileLogging.uplugin" 41
"../../../Engine/Plugins/Runtime/Analytics/Flurry/IOSFlurry/IOSFlurry.uplugin" 42
"../../../Engine/Plugins/Runtime/AndroidDeviceProfileSelector/AndroidDeviceProfileSelector.uplugin" 43
"../../../Engine/Plugins/Runtime/AndroidMoviePlayer/AndroidMoviePlayer.uplugin" 44
"../../../Engine/Plugins/Runtime/AppleMoviePlayer/AppleMoviePlayer.uplugin" 45
"../../../Engine/Plugins/Runtime/ArchVisCharacter/ArchVisCharacter.uplugin" 46
"../../../Engine/Plugins/Runtime/CableComponent/CableComponent.uplugin" 47
"../../../Engine/Plugins/Runtime/CustomMeshComponent/CustomMeshComponent.uplugin" 48
"../../../Engine/Plugins/Runtime/ExampleDeviceProfileSelector/ExampleDeviceProfileSelector.uplugin" 49
"../../../Engine/Plugins/Runtime/GearVR/GearVR.uplugin" 50
"../../../Engine/Plugins/Runtime/IOSDeviceProfileSelector/IOSDeviceProfileSelector.uplugin" 51
"../../../Engine/Plugins/Runtime/LeapMotionController/LeapMotionController.uplugin" 52
"../../../Engine/Plugins/Runtime/LinuxDeviceProfileSelector/LinuxDeviceProfileSelector.uplugin" 53
"../../../Engine/Plugins/Runtime/LiveEditorListenServer/LiveEditorListenServer.uplugin" 54
"../../../Engine/Plugins/Runtime/OculusAudio/OculusAudio.uplugin" 55
"../../../Engine/Plugins/Runtime/OculusInput/OculusInput.uplugin" 56
"../../../Engine/Plugins/Runtime/OculusLibrary/OculusLibrary.uplugin" 57
"../../../Engine/Plugins/Runtime/OculusRift/OculusRift.uplugin" 58
"../../../Engine/Plugins/Runtime/ProceduralMeshComponent/ProceduralMeshComponent.uplugin" 59
"../../../Engine/Plugins/Runtime/SoundMod/SoundMod.uplugin" 60
"../../../Engine/Plugins/Runtime/SoundVisualizations/SoundVisualizations.uplugin" 61
"../../../Engine/Plugins/Runtime/Steam/SteamController/SteamController.uplugin" 62
"../../../Engine/Plugins/Runtime/Steam/SteamVR/SteamVR.uplugin" 63
"../../../Engine/Plugins/Runtime/WebBrowserWidget/WebBrowserWidget.uplugin" 64
"../../../Engine/Plugins/Runtime/WindowsDeviceProfileSelector/WindowsDeviceProfileSelector.uplugin" 65
"../../../Engine/Plugins/Runtime/WindowsMoviePlayer/WindowsMoviePlayer.uplugin" 66
"../../../Engine/Plugins/ScriptGeneratorPlugin/ScriptGeneratorPlugin.uplugin" 67
"../../../Engine/Plugins/ScriptPlugin/ScriptPlugin.uplugin" 68
"../../../Engine/Plugins/Slate/SlateRemote/SlateRemote.uplugin" 69
"..\..\..\Engine\Content\Internationalization\icudt53l\cnvalias.icu" 70
"..\..\..\Engine\Content\Internationalization\icudt53l\en_US_POSIX.res" 71
"..\..\..\Engine\Content\Internationalization\icudt53l\pool.res" 72
"..\..\..\Engine\Content\Internationalization\icudt53l\en_US.res" 73
"..\..\..\Engine\Content\Internationalization\icudt53l\en.res" 74
"..\..\..\Engine\Content\Internationalization\icudt53l\root.res" 75
"..\..\..\Engine\Content\Internationalization\icudt53l\en_CA.res" 76
"C:/Users/Remi/AppData/Local/UnrealEngine/4.10/Saved/Config/Windows/Manifest.ini" 77
"../../../Engine/Config/Base.ini" 78
"../../../Engine/Config/BaseEngine.ini" 79
"E:/Unreal/3D-FPS/Config/DefaultEngine.ini" 80
"../../../Engine/Config/Windows/WindowsEngine.ini" 81
"E:/Unreal/3D-FPS/Saved/Config/Windows/Engine.ini" 82
"E:/Unreal/3D-FPS/Intermediate/Config/CoalescedSourceConfigs/Engine.ini" 83
"../../../Engine/Config/BaseGame.ini" 84
"E:/Unreal/3D-FPS/Config/DefaultGame.ini" 85
"E:/Unreal/3D-FPS/Saved/Config/Windows/Game.ini" 86
"E:/Unreal/3D-FPS/Intermediate/Config/CoalescedSourceConfigs/Game.ini" 87
"../../../Engine/Config/BaseInput.ini" 88
"E:/Unreal/3D-FPS/Config/DefaultInput.ini" 89
"E:/Unreal/3D-FPS/Saved/Config/Windows/Input.ini" 90
"E:/Unreal/3D-FPS/Intermediate/Config/CoalescedSourceConfigs/Input.ini" 91
"../../../Engine/Config/BaseEditor.ini" 92
"E:/Unreal/3D-FPS/Config/DefaultEditor.ini" 93
"E:/Unreal/3D-FPS/Saved/Config/Windows/Editor.ini" 94
"E:/Unreal/3D-FPS/Intermediate/Config/CoalescedSourceConfigs/Editor.ini" 95
"../../../Engine/Config/BaseEditorPerProjectUserSettings.ini" 96
"E:/Unreal/3D-FPS/Saved/Config/Windows/EditorPerProjectUserSettings.ini" 97
"E:/Unreal/3D-FPS/Intermediate/Config/CoalescedSourceConfigs/EditorPerProjectUserSettings.ini" 98
"../../../Engine/Config/BaseEditorSettings.ini" 99
"C:/Users/Remi/AppData/Local/UnrealEngine/4.10/Saved/Config/Windows/EditorSettings.ini" 100
"E:/Unreal/3D-FPS/Intermediate/Config/CoalescedSourceConfigs/EditorSettings.ini" 101
"../../../Engine/Config/BaseEditorLayout.ini" 102
"C:/Users/Remi/AppData/Local/UnrealEngine/4.10/Saved/Config/Windows/EditorLayout.ini" 103
"E:/Unreal/3D-FPS/Intermediate/Config/CoalescedSourceConfigs/EditorLayout.ini" 104
"../../../Engine/Config/BaseEditorKeyBindings.ini" 105
"C:/Users/Remi/AppData/Local/UnrealEngine/4.10/Saved/Config/Windows/EditorKeyBindings.ini" 106
"E:/Unreal/3D-FPS/Intermediate/Config/CoalescedSourceConfigs/EditorKeyBindings.ini" 107
"../../../Engine/Config/BaseCompat.ini" 108
"E:/Unreal/3D-FPS/Saved/Config/Windows/Compat.ini" 109
"E:/Unreal/3D-FPS/Intermediate/Config/CoalescedSourceConfigs/Compat.ini" 110
"../../../Engine/Config/BaseLightmass.ini" 111
"E:/Unreal/3D-FPS/Saved/Config/Windows/Lightmass.ini" 112
"E:/Unreal/3D-FPS/Intermediate/Config/CoalescedSourceConfigs/Lightmass.ini" 113
"../../../Engine/Config/BaseScalability.ini" 114
"E:/Unreal/3D-FPS/Saved/Config/Windows/Scalability.ini" 115
"E:/Unreal/3D-FPS/Intermediate/Config/CoalescedSourceConfigs/Scalability.ini" 116
"E:/Unreal/3D-FPS/Saved/Config/Windows/GameUserSettings.ini" 117
"E:/Unreal/3D-FPS/Intermediate/Config/CoalescedSourceConfigs/GameUserSettings.ini" 118
"../../../Engine/Config/BaseDeviceProfiles.ini" 119
"E:/Unreal/3D-FPS/Saved/Config/Windows/DeviceProfiles.ini" 120
"E:/Unreal/3D-FPS/Intermediate/Config/CoalescedSourceConfigs/DeviceProfiles.ini" 121
"../../../Engine/Config/ConsoleVariables.ini" 122
"..\..\..\Engine\Content\Internationalization\icudt53l\es.res" 123
"..\..\..\Engine\Content\Internationalization\icudt53l\ja.res" 124
"..\..\..\Engine\Content\Internationalization\icudt53l\ko.res" 125
"..\..\..\Engine\Content\Internationalization\icudt53l\pt_BR.res" 126
"..\..\..\Engine\Content\Internationalization\icudt53l\pt.res" 127
"..\..\..\Engine\Content\Internationalization\icudt53l\zh_CN.res" 128
"..\..\..\Engine\Content\Internationalization\icudt53l\zh_Hans_CN.res" 129
"..\..\..\Engine\Content\Internationalization\icudt53l\zh_Hans.res" 130
"..\..\..\Engine\Content\Internationalization\icudt53l\zh.res" 131
"D:/Programs/Epic Games/4.10/Engine/Content/Localization/Editor/en/Editor.locres" 132
"D:/Programs/Epic Games/4.10/Engine/Content/Localization/EditorTutorials/en/EditorTutorials.locres" 133
"D:/Programs/Epic Games/4.10/Engine/Content/Localization/Keywords/en/Keywords.locres" 134
"D:/Programs/Epic Games/4.10/Engine/Content/Localization/Category/en/Category.locres" 135
"D:/Programs/Epic Games/4.10/Engine/Content/Localization/ToolTips/en/ToolTips.locres" 136
"D:/Programs/Epic Games/4.10/Engine/Content/Localization/PropertyNames/en/PropertyNames.locres" 137
"D:/Programs/Epic Games/4.10/Engine/Content/Localization/Engine/en/Engine.locres" 138
"../../../Engine/Content/Slate/Fonts/Roboto-Regular.ttf" 139
"../../../Engine/Content/Slate/Fonts/DroidSansMono.ttf" 140
"../../../Engine/Content/Slate/Fonts/Roboto-Bold.ttf" 141
"../../../Engine/Content/Slate/Fonts/Roboto-Light.ttf" 142
"D:/Programs/Epic Games/4.10/Engine/Binaries/Win64/../../../Engine/Shaders/ParticleSpriteVertexFactory.usf" 143
"D:/Programs/Epic Games/4.10/Engine/Binaries/Win64/../../../Engine/Shaders/VertexFactoryCommon.usf" 144
"D:/Programs/Epic Games/4.10/Engine/Binaries/Win64/../../../Engine/Shaders/Common.usf" 145
"D:/Programs/Epic Games/4.10/Engine/Binaries/Win64/../../../Engine/Shaders/MetalCommon.usf" 146
"D:/Programs/Epic Games/4.10/Engine/Binaries/Win64/../../../Engine/Shaders/ShaderVersion.usf" 147
"D:/Programs/Epic Games/4.10/Engine/Binaries/Win64/../../../Engine/Shaders/CommonViewUniformBuffer.usf" 148
"D:/Programs/Epic Games/4.10/Engine/Binaries/Win64/../../../Engine/Shaders/Definitions.usf" 149
"D:/Programs/Epic Games/4.10/Engine/Binaries/Win64/../../../Engine/Shaders/Random.usf" 150
"D:/Programs/Epic Games/4.10/Engine/Binaries/Win64/../../../Engine/Shaders/ParticleVertexFactoryCommon.usf" 151
"D:/Programs/Epic Games/4.10/Engine/Binaries/Win64/../../../Engine/Shaders/ParticleGPUSpriteVertexFactory.usf" 152
"D:/Programs/Epic Games/4.10/Engine/Binaries/Win64/../../../Engine/Shaders/ParticleBeamTrailVertexFactory.usf" 153
"D:/Programs/Epic Games/4.10/Engine/Binaries/Win64/../../../Engine/Shaders/LocalVertexFactory.usf" 154
"D:/Programs/Epic Games/4.10/Engine/Binaries/Win64/../../../Engine/Shaders/LocalVertexFactoryCommon.usf" 155
"D:/Programs/Epic Games/4.10/Engine/Binaries/Win64/../../../Engine/Shaders/VectorFieldVisualizationVertexFactory.usf" 156
"D:/Programs/Epic Games/4.10/Engine/Binaries/Win64/../../../Engine/Shaders/MeshParticleVertexFactory.usf" 157
"D:/Programs/Epic Games/4.10/Engine/Binaries/Win64/../../../Engine/Shaders/GpuSkinVertexFactory.usf" 158
"D:/Programs/Epic Games/4.10/Engine/Binaries/Win64/../../../Engine/Shaders/GpuSkinCacheCommon.usf" 159
"D:/Programs/Epic Games/4.10/Engine/Binaries/Win64/../../../Engine/Shaders/LandscapeVertexFactory.usf" 160
"D:/Programs/Epic Games/4.10/Engine/Binaries/Win64/../../../Engine/Shaders/SlateElementPixelShader.usf" 161
"D:/Programs/Epic Games/4.10/Engine/Binaries/Win64/../../../Engine/Shaders/GammaCorrectionCommon.usf" 162
"D:/Programs/Epic Games/4.10/Engine/Binaries/Win64/../../../Engine/Shaders/MaterialTemplate.usf" 163
"D:/Programs/Epic Games/4.10/Engine/Binaries/Win64/../../../Engine/Shaders/DepthOfFieldCommon.usf" 164
"D:/Programs/Epic Games/4.10/Engine/Binaries/Win64/../../../Engine/Shaders/GlobalDistanceFieldShared.usf" 165
"D:/Programs/Epic Games/4.10/Engine/Binaries/Win64/../../../Engine/Shaders/SpeedTreeCommon.usf" 166
"D:/Programs/Epic Games/4.10/Engine/Binaries/Win64/../../../Engine/Shaders/AtmosphereCommon.usf" 167
"D:/Programs/Epic Games/4.10/Engine/Binaries/Win64/../../../Engine/Shaders/PaniniProjection.usf" 168
"D:/Programs/Epic Games/4.10/Engine/Binaries/Win64/../../../Engine/Shaders/EyeAdaptationCommon.usf" 169
"D:/Programs/Epic Games/4.10/Engine/Binaries/Win64/../../../Engine/Shaders/PostProcessCommon.usf" 170
"D:/Programs/Epic Games/4.10/Engine/Binaries/Win64/../../../Engine/Shaders/DeferredShadingCommon.usf" 171
"D:/Programs/Epic Games/4.10/Engine/Binaries/Win64/../../../Engine/Shaders/LightAccumulator.usf" 172
"D:/Programs/Epic Games/4.10/Engine/Binaries/Win64/../../../Engine/Shaders/SlateVertexShader.usf" 173
"D:/Programs/Epic Games/4.10/Engine/Binaries/Win64/../../../Engine/Shaders/ParticleSortKeyGen.usf" 174
"D:/Programs/Epic Games/4.10/Engine/Binaries/Win64/../../../Engine/Shaders/ParticleBoundsShader.usf" 175
"D:/Programs/Epic Games/4.10/Engine/Binaries/Win64/../../../Engine/Shaders/ParticleSimVisualizeShader.usf" 176
"D:/Programs/Epic Games/4.10/Engine/Binaries/Win64/../../../Engine/Shaders/ParticleInjectionShader.usf" 177
"D:/Programs/Epic Games/4.10/Engine/Binaries/Win64/../../../Engine/Shaders/ParticleSimulationShader.usf" 178
"D:/Programs/Epic Games/4.10/Engine/Binaries/Win64/../../../Engine/Shaders/ParticleCurveInjectionShader.usf" 179
"D:/Programs/Epic Games/4.10/Engine/Binaries/Win64/../../../Engine/Shaders/VectorFieldCompositeShaders.usf" 180
"D:/Programs/Epic Games/4.10/Engine/Binaries/Win64/../../../Engine/Shaders/UpdateTextureShaders.usf" 181
"D:/Programs/Epic Games/4.10/Engine/Binaries/Win64/../../../Engine/Shaders/SimpleElementColorChannelMaskPixelShader.usf" 182
"D:/Programs/Epic Games/4.10/Engine/Binaries/Win64/../../../Engine/Shaders/SimpleElementPixelShader.usf" 183
"D:/Programs/Epic Games/4.10/Engine/Binaries/Win64/../../../Engine/Shaders/ColorUtils.usf" 184
"D:/Programs/Epic Games/4.10/Engine/Binaries/Win64/../../../Engine/Shaders/IESLightProfilesCommon.usf" 185
"D:/Programs/Epic Games/4.10/Engine/Binaries/Win64/../../../Engine/Shaders/SimpleElementHitProxyPixelShader.usf" 186
"D:/Programs/Epic Games/4.10/Engine/Binaries/Win64/../../../Engine/Shaders/SimpleElementVertexShader.usf" 187
"D:/Programs/Epic Games/4.10/Engine/Binaries/Win64/../../../Engine/Shaders/ScreenVertexShader.usf" 188
"D:/Programs/Epic Games/4.10/Engine/Binaries/Win64/../../../Engine/Shaders/ScreenPixelShader.usf" 189
"D:/Programs/Epic Games/4.10/Engine/Binaries/Win64/../../../Engine/Shaders/RadixSortShaders.usf" 190
"D:/Programs/Epic Games/4.10/Engine/Binaries/Win64/../../../Engine/Shaders/GpuSkinCacheComputeShader.usf" 191
"D:/Programs/Epic Games/4.10/Engine/Binaries/Win64/../../../Engine/Shaders/NullPixelShader.usf" 192
"D:/Programs/Epic Games/4.10/Engine/Binaries/Win64/../../../Engine/Shaders/LandscapeGrassWeight.usf" 193
"D:/Programs/Epic Games/4.10/Engine/Binaries/Win64/../../../Engine/Shaders/VisualizeTexture.usf" 194
"D:/Programs/Epic Games/4.10/Engine/Binaries/Win64/../../../Engine/Shaders/ScreenSpaceReflections.usf" 195
"D:/Programs/Epic Games/4.10/Engine/Binaries/Win64/../../../Engine/Shaders/BRDF.usf" 196
"D:/Programs/Epic Games/4.10/Engine/Binaries/Win64/../../../Engine/Shaders/MonteCarlo.usf" 197
"D:/Programs/Epic Games/4.10/Engine/Binaries/Win64/../../../Engine/Shaders/ScreenSpaceRayCast.usf" 198
"D:/Programs/Epic Games/4.10/Engine/Binaries/Win64/../../../Engine/Shaders/FilterVertexShader.usf" 199
"D:/Programs/Epic Games/4.10/Engine/Binaries/Win64/../../../Engine/Shaders/FilterPixelShader.usf" 200
"D:/Programs/Epic Games/4.10/Engine/Binaries/Win64/../../../Engine/Shaders/PostProcessVisualizeHDR.usf" 201
"D:/Programs/Epic Games/4.10/Engine/Binaries/Win64/../../../Engine/Shaders/PostProcessHistogramCommon.usf" 202
"D:/Programs/Epic Games/4.10/Engine/Binaries/Win64/../../../Engine/Shaders/TonemapCommon.usf" 203
"D:/Programs/Epic Games/4.10/Engine/Binaries/Win64/../../../Engine/Shaders/ACES.usf" 204
"D:/Programs/Epic Games/4.10/Engine/Binaries/Win64/../../../Engine/Shaders/MiniFontCommon.usf" 205
"D:/Programs/Epic Games/4.10/Engine/Binaries/Win64/../../../Engine/Shaders/PostProcessVisualizeBuffer.usf" 206
"D:/Programs/Epic Games/4.10/Engine/Binaries/Win64/../../../Engine/Shaders/PostProcessUpscale.usf" 207
"D:/Programs/Epic Games/4.10/Engine/Binaries/Win64/../../../Engine/Shaders/PostProcessTonemap.usf" 208
"D:/Programs/Epic Games/4.10/Engine/Binaries/Win64/../../../Engine/Shaders/PostProcessTestImage.usf" 209
"D:/Programs/Epic Games/4.10/Engine/Binaries/Win64/../../../Engine/Shaders/PostProcessTemporalAA.usf" 210
"D:/Programs/Epic Games/4.10/Engine/Binaries/Win64/../../../Engine/Shaders/PostProcessTemporalCommon.usf" 211
"D:/Programs/Epic Games/4.10/Engine/Binaries/Win64/../../../Engine/Shaders/PostProcessSubsurface.usf" 212
"D:/Programs/Epic Games/4.10/Engine/Binaries/Win64/../../../Engine/Shaders/SeparableSSS.usf" 213
"D:/Programs/Epic Games/4.10/Engine/Binaries/Win64/../../../Engine/Shaders/PostProcessSelectionOutline.usf" 214
"D:/Programs/Epic Games/4.10/Engine/Binaries/Win64/../../../Engine/Shaders/PostProcessSceneColorFringe.usf" 215
"D:/Programs/Epic Games/4.10/Engine/Binaries/Win64/../../../Engine/Shaders/PostProcessNoiseBlur.usf" 216
"D:/Programs/Epic Games/4.10/Engine/Binaries/Win64/../../../Engine/Shaders/PostProcessMotionBlur.usf" 217
"D:/Programs/Epic Games/4.10/Engine/Binaries/Win64/../../../Engine/Shaders/FastMath.usf" 218
"D:/Programs/Epic Games/4.10/Engine/Binaries/Win64/../../../Engine/Shaders/PostProcessVelocityFlatten.usf" 219
"D:/Programs/Epic Games/4.10/Engine/Binaries/Win64/../../../Engine/Shaders/PostProcessMobile.usf" 220
"D:/Programs/Epic Games/4.10/Engine/Binaries/Win64/../../../Engine/Shaders/PostProcessMaterialShaders.usf" 221
"D:/Programs/Epic Games/4.10/Engine/Binaries/Win64/../../../Engine/Shaders/PostProcessLensFlares.usf" 222
"D:/Programs/Epic Games/4.10/Engine/Binaries/Win64/../../../Engine/Shaders/PostProcessLensBlur.usf" 223
"D:/Programs/Epic Games/4.10/Engine/Binaries/Win64/../../../Engine/Shaders/PostProcessBloom.usf" 224
"D:/Programs/Epic Games/4.10/Engine/Binaries/Win64/../../../Engine/Shaders/PostProcessHMD.usf" 225
"D:/Programs/Epic Games/4.10/Engine/Binaries/Win64/../../../Engine/Shaders/PostProcessHistogramReduce.usf" 226
"D:/Programs/Epic Games/4.10/Engine/Binaries/Win64/../../../Engine/Shaders/PostProcessHistogram.usf" 227
"D:/Programs/Epic Games/4.10/Engine/Binaries/Win64/../../../Engine/Shaders/PostProcessHierarchical.usf" 228
"D:/Programs/Epic Games/4.10/Engine/Binaries/Win64/../../../Engine/Shaders/PostProcessGBufferHints.usf" 229
"D:/Programs/Epic Games/4.10/Engine/Binaries/Win64/../../../Engine/Shaders/PostProcessEyeAdaptation.usf" 230
"D:/Programs/Epic Games/4.10/Engine/Binaries/Win64/../../../Engine/Shaders/PostProcessDownsample.usf" 231
"D:/Programs/Epic Games/4.10/Engine/Binaries/Win64/../../../Engine/Shaders/PostProcessDOF.usf" 232
"D:/Programs/Epic Games/4.10/Engine/Binaries/Win64/../../../Engine/Shaders/PostProcessCompositeEditorPrimitives.usf" 233
"D:/Programs/Epic Games/4.10/Engine/Binaries/Win64/../../../Engine/Shaders/PostProcessCombineLUTs.usf" 234
"D:/Programs/Epic Games/4.10/Engine/Binaries/Win64/../../../Engine/Shaders/PostProcessCircleDOF.usf" 235
"D:/Programs/Epic Games/4.10/Engine/Binaries/Win64/../../../Engine/Shaders/CircleDOFCommon.usf" 236
"D:/Programs/Epic Games/4.10/Engine/Binaries/Win64/../../../Engine/Shaders/PostProcessBusyWait.usf" 237
"D:/Programs/Epic Games/4.10/Engine/Binaries/Win64/../../../Engine/Shaders/PostProcessBokehDOF.usf" 238
"D:/Programs/Epic Games/4.10/Engine/Binaries/Win64/../../../Engine/Shaders/PostProcessVisualizeDOF.usf" 239
"D:/Programs/Epic Games/4.10/Engine/Binaries/Win64/../../../Engine/Shaders/FXAAShader.usf" 240
"D:/Programs/Epic Games/4.10/Engine/Binaries/Win64/../../../Engine/Shaders/Fxaa3_11.usf" 241
"D:/Programs/Epic Games/4.10/Engine/Binaries/Win64/../../../Engine/Shaders/PostProcessPassThrough.usf" 242
"D:/Programs/Epic Games/4.10/Engine/Binaries/Win64/../../../Engine/Shaders/PostProcessLpvIndirect.usf" 243
"D:/Programs/Epic Games/4.10/Engine/Binaries/Win64/../../../Engine/Shaders/DeferredLightingCommon.usf" 244
"D:/Programs/Epic Games/4.10/Engine/Binaries/Win64/../../../Engine/Shaders/DynamicLightingCommon.usf" 245
"D:/Programs/Epic Games/4.10/Engine/Binaries/Win64/../../../Engine/Shaders/ShadingModels.usf" 246
"D:/Programs/Epic Games/4.10/Engine/Binaries/Win64/../../../Engine/Shaders/LPVFinalPass.usf" 247
"D:/Programs/Epic Games/4.10/Engine/Binaries/Win64/../../../Engine/Shaders/LPVCommon.usf" 248
"D:/Programs/Epic Games/4.10/Engine/Binaries/Win64/../../../Engine/Shaders/DeferredDecal.usf" 249
"D:/Programs/Epic Games/4.10/Engine/Binaries/Win64/../../../Engine/Shaders/PostProcessAmbientOcclusion.usf" 250
"D:/Programs/Epic Games/4.10/Engine/Binaries/Win64/../../../Engine/Shaders/PostProcessAmbient.usf" 251
"D:/Programs/Epic Games/4.10/Engine/Binaries/Win64/../../../Engine/Shaders/CubemapCommon.usf" 252
"D:/Programs/Epic Games/4.10/Engine/Binaries/Win64/../../../Engine/Shaders/VelocityShader.usf" 253
"D:/Programs/Epic Games/4.10/Engine/Binaries/Win64/../../../Engine/Shaders/VelocityCommon.usf" 254
"D:/Programs/Epic Games/4.10/Engine/Binaries/Win64/../../../Engine/Shaders/Tessellation.usf" 255
"D:/Programs/Epic Games/4.10/Engine/Binaries/Win64/../../../Engine/Shaders/FlatTessellation.usf" 256
"D:/Programs/Epic Games/4.10/Engine/Binaries/Win64/../../../Engine/Shaders/PNTriangles.usf" 257
"D:/Programs/Epic Games/4.10/Engine/Binaries/Win64/../../../Engine/Shaders/TranslucentLightingShaders.usf" 258
"D:/Programs/Epic Games/4.10/Engine/Binaries/Win64/../../../Engine/Shaders/SHCommon.usf" 259
"D:/Programs/Epic Games/4.10/Engine/Binaries/Win64/../../../Engine/Shaders/ShadowProjectionCommon.usf" 260
"D:/Programs/Epic Games/4.10/Engine/Binaries/Win64/../../../Engine/Shaders/TranslucentLightInjectionShaders.usf" 261
"D:/Programs/Epic Games/4.10/Engine/Binaries/Win64/../../../Engine/Shaders/LightFunctionCommon.usf" 262
"D:/Programs/Epic Games/4.10/Engine/Binaries/Win64/../../../Engine/Shaders/TranslucentShadowDepthShaders.usf" 263
"D:/Programs/Epic Games/4.10/Engine/Binaries/Win64/../../../Engine/Shaders/ShadowDepthCommon.usf" 264
"D:/Programs/Epic Games/4.10/Engine/Binaries/Win64/../../../Engine/Shaders/TiledDeferredLightShaders.usf" 265
"D:/Programs/Epic Games/4.10/Engine/Binaries/Win64/../../../Engine/Shaders/SurfelTree.usf" 266
"D:/Programs/Epic Games/4.10/Engine/Binaries/Win64/../../../Engine/Shaders/DistanceFieldLightingShared.usf" 267
"D:/Programs/Epic Games/4.10/Engine/Binaries/Win64/../../../Engine/Shaders/SurfelMaterialShared.usf" 268
"D:/Programs/Epic Games/4.10/Engine/Binaries/Win64/../../../Engine/Shaders/DistanceFieldAOShared.usf" 269
"D:/Programs/Epic Games/4.10/Engine/Binaries/Win64/../../../Engine/Shaders/ShadowProjectionPixelShader.usf" 270
"D:/Programs/Epic Games/4.10/Engine/Binaries/Win64/../../../Engine/Shaders/ShadowFilteringCommon.usf" 271
"D:/Programs/Epic Games/4.10/Engine/Binaries/Win64/../../../Engine/Shaders/ShadowProjectionVertexShader.usf" 272
"D:/Programs/Epic Games/4.10/Engine/Binaries/Win64/../../../Engine/Shaders/ShadowDepthPixelShader.usf" 273
"D:/Programs/Epic Games/4.10/Engine/Binaries/Win64/../../../Engine/Shaders/LPVWriteVplCommon.usf" 274
"D:/Programs/Epic Games/4.10/Engine/Binaries/Win64/../../../Engine/Shaders/LPVWriteCommon.usf" 275
"D:/Programs/Epic Games/4.10/Engine/Binaries/Win64/../../../Engine/Shaders/ShadowDepthVertexShader.usf" 276
"D:/Programs/Epic Games/4.10/Engine/Binaries/Win64/../../../Engine/Shaders/ShaderComplexityApplyPixelShader.usf" 277
"D:/Programs/Epic Games/4.10/Engine/Binaries/Win64/../../../Engine/Shaders/ShaderComplexityApplyVertexShader.usf" 278
"D:/Programs/Epic Games/4.10/Engine/Binaries/Win64/../../../Engine/Shaders/ShaderComplexityAccumulatePixelShader.usf" 279
"D:/Programs/Epic Games/4.10/Engine/Binaries/Win64/../../../Engine/Shaders/HZBOcclusion.usf" 280
"D:/Programs/Epic Games/4.10/Engine/Binaries/Win64/../../../Engine/Shaders/OcclusionQueryVertexShader.usf" 281
"D:/Programs/Epic Games/4.10/Engine/Binaries/Win64/../../../Engine/Shaders/HitProxyPixelShader.usf" 282
"D:/Programs/Epic Games/4.10/Engine/Binaries/Win64/../../../Engine/Shaders/HitProxyVertexShader.usf" 283
"D:/Programs/Epic Games/4.10/Engine/Binaries/Win64/../../../Engine/Shaders/ReflectionEnvironmentShaders.usf" 284
"D:/Programs/Epic Games/4.10/Engine/Binaries/Win64/../../../Engine/Shaders/ReflectionEnvironmentShared.usf" 285
"D:/Programs/Epic Games/4.10/Engine/Binaries/Win64/../../../Engine/Shaders/SkyLightingShared.usf" 286
"D:/Programs/Epic Games/4.10/Engine/Binaries/Win64/../../../Engine/Shaders/ReflectionEnvironmentComputeShaders.usf" 287
"D:/Programs/Epic Games/4.10/Engine/Binaries/Win64/../../../Engine/Shaders/LightShaftShader.usf" 288
"D:/Programs/Epic Games/4.10/Engine/Binaries/Win64/../../../Engine/Shaders/StationaryLightOverlapShaders.usf" 289
"D:/Programs/Epic Games/4.10/Engine/Binaries/Win64/../../../Engine/Shaders/DeferredLightPixelShaders.usf" 290
"D:/Programs/Epic Games/4.10/Engine/Binaries/Win64/../../../Engine/Shaders/DeferredLightVertexShaders.usf" 291
"D:/Programs/Epic Games/4.10/Engine/Binaries/Win64/../../../Engine/Shaders/LPVVisualise.usf" 292
"D:/Programs/Epic Games/4.10/Engine/Binaries/Win64/../../../Engine/Shaders/LPVGeometryVolumeCommon.usf" 293
"D:/Programs/Epic Games/4.10/Engine/Binaries/Win64/../../../Engine/Shaders/LPVDirectLightInject.usf" 294
"D:/Programs/Epic Games/4.10/Engine/Binaries/Win64/../../../Engine/Shaders/LPVPropagate.usf" 295
"D:/Programs/Epic Games/4.10/Engine/Binaries/Win64/../../../Engine/Shaders/LPVPacking.usf" 296
"D:/Programs/Epic Games/4.10/Engine/Binaries/Win64/../../../Engine/Shaders/LPVBuildGeometryVolume.usf" 297
"D:/Programs/Epic Games/4.10/Engine/Binaries/Win64/../../../Engine/Shaders/LpvDirectionalOcclusion.usf" 298
"D:/Programs/Epic Games/4.10/Engine/Binaries/Win64/../../../Engine/Shaders/LPVInject_AccumulateVplLists.usf" 299
"D:/Programs/Epic Games/4.10/Engine/Binaries/Win64/../../../Engine/Shaders/LPVInject_GenerateVplLists.usf" 300
"D:/Programs/Epic Games/4.10/Engine/Binaries/Win64/../../../Engine/Shaders/LPVClearLists.usf" 301
"D:/Programs/Epic Games/4.10/Engine/Binaries/Win64/../../../Engine/Shaders/LPVClear.usf" 302
"D:/Programs/Epic Games/4.10/Engine/Binaries/Win64/../../../Engine/Shaders/LightMapDensityShader.usf" 303
"D:/Programs/Epic Games/4.10/Engine/Binaries/Win64/../../../Engine/Shaders/LightFunctionPixelShader.usf" 304
"D:/Programs/Epic Games/4.10/Engine/Binaries/Win64/../../../Engine/Shaders/LightFunctionVertexShader.usf" 305
"D:/Programs/Epic Games/4.10/Engine/Binaries/Win64/../../../Engine/Shaders/HeightfieldLighting.usf" 306
"D:/Programs/Epic Games/4.10/Engine/Binaries/Win64/../../../Engine/Shaders/DistanceFieldShadowingShared.usf" 307
"D:/Programs/Epic Games/4.10/Engine/Binaries/Win64/../../../Engine/Shaders/HdrCustomResolveShaders.usf" 308
"D:/Programs/Epic Games/4.10/Engine/Binaries/Win64/../../../Engine/Shaders/GPUBenchmark.usf" 309
"D:/Programs/Epic Games/4.10/Engine/Binaries/Win64/../../../Engine/Shaders/GlobalDistanceField.usf" 310
"D:/Programs/Epic Games/4.10/Engine/Binaries/Win64/../../../Engine/Shaders/GammaCorrection.usf" 311
"D:/Programs/Epic Games/4.10/Engine/Binaries/Win64/../../../Engine/Shaders/BasePassForForwardShadingPixelShader.usf" 312
"D:/Programs/Epic Games/4.10/Engine/Binaries/Win64/../../../Engine/Shaders/BasePassForForwardShadingCommon.usf" 313
"D:/Programs/Epic Games/4.10/Engine/Binaries/Win64/../../../Engine/Shaders/LightmapCommon.usf" 314
"D:/Programs/Epic Games/4.10/Engine/Binaries/Win64/../../../Engine/Shaders/BasePassForForwardShadingVertexShader.usf" 315
"D:/Programs/Epic Games/4.10/Engine/Binaries/Win64/../../../Engine/Shaders/HeightFogCommon.usf" 316
"D:/Programs/Epic Games/4.10/Engine/Binaries/Win64/../../../Engine/Shaders/HeightFogPixelShader.usf" 317
"D:/Programs/Epic Games/4.10/Engine/Binaries/Win64/../../../Engine/Shaders/HeightFogVertexShader.usf" 318
"D:/Programs/Epic Games/4.10/Engine/Binaries/Win64/../../../Engine/Shaders/DistortAccumulatePS.usf" 319
"D:/Programs/Epic Games/4.10/Engine/Binaries/Win64/../../../Engine/Shaders/DistortAccumulateVS.usf" 320
"D:/Programs/Epic Games/4.10/Engine/Binaries/Win64/../../../Engine/Shaders/DistortApplyScreenPS.usf" 321
"D:/Programs/Epic Games/4.10/Engine/Binaries/Win64/../../../Engine/Shaders/DistanceFieldSurfaceCacheLighting.usf" 322
"D:/Programs/Epic Games/4.10/Engine/Binaries/Win64/../../../Engine/Shaders/SkyLighting.usf" 323
"D:/Programs/Epic Games/4.10/Engine/Binaries/Win64/../../../Engine/Shaders/DistanceFieldSurfaceCacheLightingCompute.usf" 324
"D:/Programs/Epic Games/4.10/Engine/Binaries/Win64/../../../Engine/Shaders/DistanceFieldShadowing.usf" 325
"D:/Programs/Epic Games/4.10/Engine/Binaries/Win64/../../../Engine/Shaders/DistanceFieldScreenGridLighting.usf" 326
"D:/Programs/Epic Games/4.10/Engine/Binaries/Win64/../../../Engine/Shaders/DistanceFieldLightingPost.usf" 327
"D:/Programs/Epic Games/4.10/Engine/Binaries/Win64/../../../Engine/Shaders/DistanceFieldGlobalIllumination.usf" 328
"D:/Programs/Epic Games/4.10/Engine/Binaries/Win64/../../../Engine/Shaders/DepthOnlyPixelShader.usf" 329
"D:/Programs/Epic Games/4.10/Engine/Binaries/Win64/../../../Engine/Shaders/DepthOnlyVertexShader.usf" 330
"D:/Programs/Epic Games/4.10/Engine/Binaries/Win64/../../../Engine/Shaders/PositionOnlyDepthVertexShader.usf" 331
"D:/Programs/Epic Games/4.10/Engine/Binaries/Win64/../../../Engine/Shaders/DownsampleDepthPixelShader.usf" 332
"D:/Programs/Epic Games/4.10/Engine/Binaries/Win64/../../../Engine/Shaders/EvaluateSurfelMaterial.usf" 333
"D:/Programs/Epic Games/4.10/Engine/Binaries/Win64/../../../Engine/Shaders/ConvertToUniformMesh.usf" 334
"D:/Programs/Epic Games/4.10/Engine/Binaries/Win64/../../../Engine/Shaders/BasePassPixelShader.usf" 335
"D:/Programs/Epic Games/4.10/Engine/Binaries/Win64/../../../Engine/Shaders/BasePassCommon.usf" 336
"D:/Programs/Epic Games/4.10/Engine/Binaries/Win64/../../../Engine/Shaders/ForEachLight.usf" 337
"D:/Programs/Epic Games/4.10/Engine/Binaries/Win64/../../../Engine/Shaders/BasePassVertexShader.usf" 338
"D:/Programs/Epic Games/4.10/Engine/Binaries/Win64/../../../Engine/Shaders/BasePassVertexCommon.usf" 339
"D:/Programs/Epic Games/4.10/Engine/Binaries/Win64/../../../Engine/Shaders/BasePassTessellationShaders.usf" 340
"D:/Programs/Epic Games/4.10/Engine/Binaries/Win64/../../../Engine/Shaders/AtmospherePrecompute.usf" 341
"D:/Programs/Epic Games/4.10/Engine/Binaries/Win64/../../../Engine/Shaders/AtmospherePrecomputeCommon.usf" 342
"D:/Programs/Epic Games/4.10/Engine/Binaries/Win64/../../../Engine/Shaders/AtmospherePrecomputeInscatter.usf" 343
"D:/Programs/Epic Games/4.10/Engine/Binaries/Win64/../../../Engine/Shaders/AtmosphericFogShader.usf" 344
"D:/Programs/Epic Games/4.10/Engine/Binaries/Win64/../../../Engine/Shaders/ResolveVertexShader.usf" 345
"D:/Programs/Epic Games/4.10/Engine/Binaries/Win64/../../../Engine/Shaders/ResolvePixelShader.usf" 346
"D:/Programs/Epic Games/4.10/Engine/Binaries/Win64/../../../Engine/Shaders/OneColorShader.usf" 347
"D:/Programs/Epic Games/4.10/Engine/Binaries/Win64/../../../Engine/Shaders/MediaShaders.usf" 348
"D:/Programs/Epic Games/4.10/Engine/Binaries/Win64/../../../Engine/Shaders/ClearReplacementShaders.usf" 349
"D:/Programs/Epic Games/4.10/Engine/Binaries/Win64/../../../Engine/Shaders/SimpleElementTexture2DPreviewPixelShader.usf" 350
"D:/Programs/Epic Games/4.10/Engine/Binaries/Win64/../../../Engine/Shaders/SimpleElementNormalMapPixelShader.usf" 351
"D:/Programs/Epic Games/4.10/Engine/Binaries/Win64/../../../Engine/Shaders/meshpaintdilatepixelshader.usf" 352
"D:/Programs/Epic Games/4.10/Engine/Binaries/Win64/../../../Engine/Shaders/meshpaintdilatevertexshader.usf" 353
"D:/Programs/Epic Games/4.10/Engine/Binaries/Win64/../../../Engine/Shaders/MeshPaintPixelShader.usf" 354
"D:/Programs/Epic Games/4.10/Engine/Binaries/Win64/../../../Engine/Shaders/MeshPaintVertexShader.usf" 355
"../../../Engine/Config/Android/AndroidEngine.ini" 356
"../../../Engine/Config/IOS/IOSEngine.ini" 357
"../../../Engine/Config/Linux/LinuxEngine.ini" 358
"C:/Users/Remi/AppData/Local/UnrealEngine/4.10/DerivedDataCache/Boot.ddc" 359
"../../../Engine/DerivedDataCache/Compressed.ddp" 360
"../../../Engine/Content/EngineFonts/Roboto.uasset" 361
"../../../Engine/Content/EngineMaterials/Widget3DPassThrough_Translucent.uasset" 362
"../../../Engine/Content/EngineMaterials/Widget3DPassThrough.uasset" 363
"../../../Engine/Content/Functions/Engine_MaterialFunctions02/Texturing/ScreenAlignedUVs.uasset" 364
"../../../Engine/Content/EngineResources/WhiteSquareTexture.uasset" 365
"../../../Engine/Content/Functions/Engine_MaterialFunctions01/Shading/PowerToRoughness.uasset" 366
"../../../Engine/Content/Functions/Engine_MaterialFunctions01/Shading/ConvertFromDiffSpec.uasset" 367
"../../../Engine/Content/EngineMaterials/WorldGridMaterial.uasset" 368
"../../../Engine/Content/Functions/Engine_MaterialFunctions01/Opacity/CameraDepthFade.uasset" 369
"../../../Engine/Content/EngineMaterials/T_Default_Material_Grid_M.uasset" 370
"../../../Engine/Content/EngineMaterials/T_Default_Material_Grid_N.uasset" 371
"../../../Engine/Content/EngineMaterials/DefaultDeferredDecalMaterial.uasset" 372
"../../../Engine/Content/EngineMaterials/DefaultDiffuse.uasset" 373
"../../../Engine/Content/EngineMaterials/DefaultLightFunctionMaterial.uasset" 374
"../../../Engine/Content/EngineMaterials/DefaultPostProcessMaterial.uasset" 375
"../../../Engine/Content/Functions/Engine_MaterialFunctions02/Utility/BreakOutFloat2Components.uasset" 376
"../../../Engine/Content/EngineResources/DefaultTexture.uasset" 377
"C:/Users/Remi/AppData/Local/UnrealEngine/Common/DerivedDataCache/7/6/3/MATSM_984AFA3849534FAA8491540B994BD32E_GLSL_ES2_WEBGL_3857__BC5N_DEV_SL_NODBUF__2370FEAF48932ED114F1A70D1D37D74C37181A43.udd" 378
"C:/Users/Remi/AppData/Local/UnrealEngine/Common/DerivedDataCache/8/1/7/MATSM_984AFA3849534FAA8491540B994BD32E_GLSL_ES2_WEBGL_3857__BC5N_DEV_SL_NODBUF__0D9C7417567744F8DEA2BF1858BE14EDFF141845.udd" 379
"C:/Users/Remi/AppData/Local/UnrealEngine/Common/DerivedDataCache/5/1/2/MATSM_984AFA3849534FAA8491540B994BD32E_GLSL_ES2_WEBGL_3857__BC5N_DEV_SL_NODBUF__3A7C4EC09FF5538AE4450262BEF961F31A84550A.udd" 380
"C:/Users/Remi/AppData/Local/UnrealEngine/Common/DerivedDataCache/5/4/0/MATSM_984AFA3849534FAA8491540B994BD32E_GLSL_ES2_WEBGL_3857__BC5N_DEV_SL_NODBUF__EC9A8FD3B0F1D817A32487F6CCD2045AAF6FE397.udd" 381
"C:/Users/Remi/AppData/Local/UnrealEngine/Common/DerivedDataCache/9/2/1/MATSM_984AFA3849534FAA8491540B994BD32E_GLSL_ES2_WEBGL_3857__BC5N_DEV_SL_NODBUF__1A77C8E2681D98504D27BA8A27E384C23E50F2AF.udd" 382
"../../../Engine/Content/EngineMaterials/Widget3DPassThrough_Translucent_OneSided.uasset" 383
"C:/Users/Remi/AppData/Local/UnrealEngine/Common/DerivedDataCache/8/0/1/MATSM_984AFA3849534FAA8491540B994BD32E_GLSL_ES2_WEBGL_3857__BC5N_DEV_SL_NODBUF__5E3B2112FDF32645952694A668DC715DE0A1186C.udd" 384
"../../../Engine/Content/EngineMaterials/Widget3DPassThrough_Opaque.uasset" 385
"C:/Users/Remi/AppData/Local/UnrealEngine/Common/DerivedDataCache/5/3/2/MATSM_984AFA3849534FAA8491540B994BD32E_GLSL_ES2_WEBGL_3857__BC5N_DEV_SL_NODBUF__7450C16021A8E5535C7B066CF96837220E51F577.udd" 386
"../../../Engine/Content/EngineMaterials/Widget3DPassThrough_Opaque_OneSided.uasset" 387
"../../../Engine/Content/EngineMaterials/Widget3DPassThrough_Masked.uasset" 388
"C:/Users/Remi/AppData/Local/UnrealEngine/Common/DerivedDataCache/6/5/8/MATSM_984AFA3849534FAA8491540B994BD32E_GLSL_ES2_WEBGL_3857__BC5N_DEV_SL_NODBUF__9FFE30ACE9B03BDD7638868A5E37CD6E38C251C0.udd" 389
"../../../Engine/Content/EngineMaterials/Widget3DPassThrough_Masked_OneSided.uasset" 390
"C:/Users/Remi/AppData/Local/UnrealEngine/Common/DerivedDataCache/5/2/2/MATSM_984AFA3849534FAA8491540B994BD32E_GLSL_ES2_WEBGL_3857__BC5N_DEV_SL_NODBUF__CC1CEF8E1968E9F3E9F8D2AF9EF010566AA0A167.udd" 391
"../../../Engine/Content/EditorResources/S_Actor.uasset" 392
"E:/Unreal/3D-FPS/Saved/Config/Windows/TemplateDefs.ini" 393
"E:/Unreal/3D-FPS/Intermediate/Config/CoalescedSourceConfigs/TemplateDefs.ini" 394
"E:/Unreal/3D-FPS/Saved/Config/Windows/GameplayTags.ini" 395
"E:/Unreal/3D-FPS/Intermediate/Config/CoalescedSourceConfigs/GameplayTags.ini" 396
"../../../Engine/Content/Maps/Templates/Thumbnails/Default.uasset" 397
"../../../Engine/Content/EditorMaterials/ParticleSystems/PSysThumbnail_NoImage.uasset" 398
"../../../Engine/Content/EditorMaterials/ParticleSystems/PSysThumbnail_OOD.uasset" 399
"../../../Engine/Content/EditorLandscapeResources/DataLayer.uasset" 400
"../../../Engine/Content/EngineDamageTypes/DmgTypeBP_Environmental.uasset" 401
"..\..\..\Engine\Content\Internationalization\icudt53l\numberingSystems.res" 402
"..\..\..\Engine\Content\Internationalization\icudt53l\curr\supplementalData.res" 403
"..\..\..\Engine\Content\Internationalization\icudt53l\curr\pool.res" 404
"..\..\..\Engine\Content\Internationalization\icudt53l\curr\en_CA.res" 405
"..\..\..\Engine\Content\Internationalization\icudt53l\curr\en.res" 406
"..\..\..\Engine\Content\Internationalization\icudt53l\curr\root.res" 407
"../../../Engine/Content/EngineMeshes/Sphere.uasset" 408
"../../../Engine/Content/EngineFonts/RobotoDistanceField.uasset" 409
"../../../Engine/Content/EngineMaterials/DefaultTextMaterialOpaque.uasset" 410
"../../../Engine/Content/EditorResources/S_Trigger.uasset" 411
"../../../Engine/Content/EngineResources/GradientTexture0.uasset" 412
"../../../Engine/Content/EngineResources/Black.uasset" 413
"../../../Engine/Content/EditorMaterials/MatineeGroups/MAT_Groups_Float.uasset" 414
"../../../Engine/Content/EditorMaterials/MatineeGroups/MAT_Groups_Director.uasset" 415
"../../../Engine/Content/EditorMaterials/MatineeGroups/MAT_Groups_Event.uasset" 416
"../../../Engine/Content/EditorMaterials/MatineeGroups/MAT_Groups_Anim.uasset" 417
"../../../Engine/Content/EditorMaterials/MatineeGroups/MAT_Groups_Fade.uasset" 418
"../../../Engine/Content/EditorMaterials/MatineeGroups/MAT_Groups_Move.uasset" 419
"../../../Engine/Content/EditorMaterials/MatineeGroups/MAT_Groups_Slomo.uasset" 420
"../../../Engine/Content/EditorMaterials/MatineeGroups/MAT_ColorTrack.uasset" 421
"../../../Engine/Content/EditorMaterials/MAT_Groups_Toggle.uasset" 422
"../../../Engine/Content/EditorMaterials/MatineeGroups/MAT_Groups_AudioMaster.uasset" 423
"../../../Engine/Content/EditorMaterials/MatineeGroups/MAT_Groups_Sound.uasset" 424
"../../../Engine/Content/EditorMaterials/MatineeGroups/MAT_Groups_Vector.uasset" 425
"../../../Engine/Content/EditorMaterials/MAT_Groups_Visibility.uasset" 426
"../../../Engine/Content/EngineResources/DefaultTextureCube.uasset" 427
"../../../Engine/Content/EngineSounds/Master.uasset" 428
"../../../Engine/Content/EngineSounds/Music.uasset" 429
"../../../Engine/Content/EngineSounds/SFX.uasset" 430
"../../../Engine/Content/EngineSounds/Normal_Attack.uasset" 431
"../../../Engine/Content/EngineSounds/Special_Attack_PSM.uasset" 432
"../../../Engine/Content/EngineSounds/Duck_Normal_Attack_MixMod.uasset" 433
"../../../Engine/Content/EngineSounds/Voice.uasset" 434
"../../../Engine/Content/EngineMeshes/Cylinder.uasset" 435
"../../../Engine/Content/EngineMaterials/DefaultMaterial.uasset" 436
"C:/Users/Remi/AppData/Local/UnrealEngine/Common/DerivedDataCache/7/5/4/MATSM_984AFA3849534FAA8491540B994BD32E_GLSL_ES2_WEBGL_3857__BC5N_DEV_SL_NODBUF__3D2BE9EE3CE31ACCD5302F8376E094933CCC35B7.udd" 437
"../../../Engine/Content/EngineTireTypes/DefaultTireType.uasset" 438
"../../../Engine/Content/Editor/Slate/Fonts/FontAwesome.ttf" 439
"../../../Engine/Content/Editor/Slate/Fonts/DroidSansMono.ttf" 440
"../../../Engine/Content/Editor/Slate/Fonts/Roboto-BoldCondensed.ttf" 441
"../../../Engine/Content/Editor/Slate/Fonts/Roboto-Black.ttf" 442
"../../../Engine/Content/Editor/Slate/Fonts/Roboto-Italic.ttf" 443
"../../../Engine/Content/Editor/Slate/Fonts/Roboto-BoldCondensedItalic.ttf" 444
"..\..\..\Engine\Content\Internationalization\icudt53l\coll\ucadata.icu" 445
"..\..\..\Engine\Content\Internationalization\icudt53l\nfc.nrm" 446
"..\..\..\Engine\Content\Internationalization\icudt53l\coll\en.res" 447
"..\..\..\Engine\Content\Internationalization\icudt53l\coll\root.res" 448
"../../../Engine/Content/EngineResources/AICON-Red.uasset" 449
"../../../Engine/Content/EngineResources/AICON-Green.uasset" 450
"../../../Engine/Content/Tutorial/Landscape/Landscape_Manage_Mode.uasset" 451
"../../../Engine/Content/Tutorial/Landscape/TutorialAssets/Landscape.uasset" 452
"../../../Engine/Content/Tutorial/Basics/LevelEditorAttract.uasset" 453
"../../../Engine/Content/Tutorial/Landscape/Landscape_Painting_Mode.uasset" 454
"../../../Engine/Content/Tutorial/ContentIntroCurve.uasset" 455
"../../../Engine/Plugins/2D/Paper2D/Content/MaskedUnlitSpriteMaterial.uasset" 456
"../../../Engine/Plugins/2D/Paper2D/Content/DefaultSpriteMaterial.uasset" 457
"../../../Engine/Plugins/2D/Paper2D/Content/PlaceholderTextures/DummySpriteTexture.uasset" 458
"C:/Users/Remi/AppData/Local/UnrealEngine/Common/DerivedDataCache/9/8/7/MATSM_984AFA3849534FAA8491540B994BD32E_GLSL_ES2_WEBGL_3857__BC5N_DEV_SL_NODBUF__DD3D76B2E4480C1143C34EB3F794EA7F8D1DAC40.udd" 459
"../../../Engine/Plugins/2D/Paper2D/Content/OpaqueUnlitSpriteMaterial.uasset" 460
"../../../Engine/Plugins/2D/Paper2D/Content/DefaultPaperTerrainMaterial.uasset" 461
"../../../Engine/Plugins/2D/Paper2D/Content/DummySprite.uasset" 462
"../../../Engine/Plugins/2D/Paper2D/Content/DummySpriteTexture.uasset" 463
"C:/Users/Remi/AppData/Local/UnrealEngine/4.10/Saved/Config/Windows/SourceControlSettings.ini" 464
"E:/Unreal/3D-FPS/Intermediate/Config/CoalescedSourceConfigs/SourceControlSettings.ini" 465
"E:/Unreal/3D-FPS/Saved/Config/Windows/SourceControlSettings.ini" 466
"../../../Engine/Plugins/Runtime/LeapMotionController/Content/LM_CapsuleMesh.uasset" 467
"../../../Engine/Plugins/Runtime/LeapMotionController/Content/LM_TorusMesh.uasset" 468
"../../../Engine/Plugins/Runtime/LeapMotionController/Content/LM_HandColor.uasset" 469
"C:/Users/Remi/AppData/Local/UnrealEngine/Common/DerivedDataCache/5/8/7/MATSM_984AFA3849534FAA8491540B994BD32E_GLSL_ES2_WEBGL_3857__BC5N_DEV_SL_NODBUF__56DBB0EFD49DCE667BD4287702DCF9032B1807DA.udd" 470
"../../../Engine/Plugins/Runtime/LeapMotionController/Content/LM_PassthroughMaterial.uasset" 471
"../../../Engine/Plugins/Runtime/LeapMotionController/Content/LM_SampleDistortion.uasset" 472
"../../../Engine/Plugins/Runtime/LeapMotionController/Content/LM_TestTexture.uasset" 473
"../../../Engine/Content/BasicShapes/Cube.uasset" 474
"../../../Engine/Content/EngineMaterials/RemoveSurfaceMaterial.uasset" 475
"../../../Engine/Content/EngineDebugMaterials/DebugMeshMaterial.uasset" 476
"../../../Engine/Content/EngineMaterials/M_InvalidLightmapSettings.uasset" 477
"../../../Engine/Content/EngineMaterials/InvalidLightmapSettings.uasset" 478
"../../../Engine/Content/EditorMaterials/GizmoMaterial.uasset" 479
"../../../Engine/Content/EngineMaterials/Good64x64TilingNoiseHighFreq.uasset" 480
"../../../Engine/Content/EngineMaterials/DefaultBokeh.uasset" 481
"../../../Engine/Content/EngineMaterials/PreintegratedSkinBRDF.uasset" 482
"../../../Engine/Content/EngineMaterials/MiniFont.uasset" 483
"../../../Engine/Content/EngineMaterials/WeightMapPlaceholderTexture.uasset" 484
"../../../Engine/Content/EngineMaterials/DefaultWhiteGrid.uasset" 485
"../../../Engine/Content/EngineMaterials/DefaultPhysicalMaterial.uasset" 486
"../../../Engine/Content/EngineFonts/RobotoTiny.uasset" 487
"C:/Users/Remi/AppData/Local/UnrealEngine/4.10/Saved/AutoLoadProject.txt" 488
"E:/Unreal/3D-FPS/Intermediate/CachedAssetRegistry.bin" 489
"E:/Unreal/3D-FPS/Saved/Cooked/HTML5/Tutorial/CookedIniVersion.txt" 490
"../../../Engine/Config/HTML5/HTML5Engine.ini" 491
"C:/Users/Remi/AppData/Local/Temp/UnrealShaderWorkingDir/7CC819484718D3728B49F0BA6EF3D828/0/WorkerOutputOnly.out" 492
"C:/Users/Remi/AppData/Local/UnrealEngine/Common/DerivedDataCache/2/4/5/GSM_AF1606FCEC214373844D2B6CF9DF71C8_GLSL_ES2_WEBGL_3857__BC5N_DEV_SL_NODBUF_T__54BDDCDA1E50CBC273BC514E108603347CFEE044.udd" 493
"../../../Engine/Content/MobileResources/HUD/VirtualJoystick_Thumb.uasset" 494
"E:/Unreal/3D-FPS/Content/Blueprints/ThirdPersonGameInstane.uasset" 495
"../../../Engine/Content/EditorBlueprintResources/StandardMacros.uasset" 496
"E:/Unreal/3D-FPS/Content/Game.uasset" 497
"E:/Unreal/3D-FPS/Content/Blueprints/ThirdPersonController.uasset" 498
"../../../Engine/Content/EditorBlueprintResources/ActorMacros.uasset" 499
"E:/Unreal/3D-FPS/Content/Character/CharacterBP.uasset" 500
"E:/Unreal/3D-FPS/Content/Assets/Character/common/m_character_anim_bp.uasset" 501
"E:/Unreal/3D-FPS/Content/Assets/Character/common/animation/idle_to_run.uasset" 502
"E:/Unreal/3D-FPS/Content/Assets/Character/common/animation/neutral_idle.uasset" 503
"E:/Unreal/3D-FPS/Content/Assets/Character/common/m_character_skeleton.uasset" 504
"E:/Unreal/3D-FPS/Content/Assets/Character/common/animation/running.uasset" 505
"E:/Unreal/3D-FPS/Content/Assets/Character/common/animation/walking.uasset" 506
"E:/Unreal/3D-FPS/Content/Character/CharacterAnimBP.uasset" 507
"E:/Unreal/3D-FPS/Content/Character/Animations/Jump_End.uasset" 508
"E:/Unreal/3D-FPS/Content/Character/HeroTPP_Skeleton.uasset" 509
"E:/Unreal/3D-FPS/Content/Character/Animations/Jump_Loop.uasset" 510
"E:/Unreal/3D-FPS/Content/Character/Animations/Jump_Start.uasset" 511
"E:/Unreal/3D-FPS/Content/Character/Animations/Idle_Walk_Run.uasset" 512
"E:/Unreal/3D-FPS/Content/Character/Animations/Idle.uasset" 513
"E:/Unreal/3D-FPS/Content/Character/Animations/Run.uasset" 514
"E:/Unreal/3D-FPS/Content/Character/Animations/Walk.uasset" 515
"E:/Unreal/3D-FPS/Content/Assets/Character/model1/model1.uasset" 516
"E:/Unreal/3D-FPS/Content/Assets/Character/model1/Bodymat.uasset" 517
"E:/Unreal/3D-FPS/Content/Assets/Character/model1/model1_Body_Diffuse.uasset" 518
"E:/Unreal/3D-FPS/Content/Assets/Character/model1/model1_Body_Normal.uasset" 519
"E:/Unreal/3D-FPS/Content/Assets/Character/model1/model1_Body_Specular.uasset" 520
"E:/Unreal/3D-FPS/Content/Assets/Character/model1/Bottommat.uasset" 521
"E:/Unreal/3D-FPS/Content/Assets/Character/model1/model1_Bottom_Diffuse.uasset" 522
"E:/Unreal/3D-FPS/Content/Assets/Character/model1/model1_Bottom_Normal.uasset" 523
"E:/Unreal/3D-FPS/Content/Assets/Character/model1/model1_Bottom_Specular.uasset" 524
"E:/Unreal/3D-FPS/Content/Assets/Character/model1/Hairmat.uasset" 525
"E:/Unreal/3D-FPS/Content/Assets/Character/model1/model1_Hair_Diffuse.uasset" 526
"E:/Unreal/3D-FPS/Content/Assets/Character/model1/model1_Hair_Normal.uasset" 527
"E:/Unreal/3D-FPS/Content/Assets/Character/model1/model1_Hair_Specular.uasset" 528
"E:/Unreal/3D-FPS/Content/Assets/Character/model1/Shoesmat.uasset" 529
"E:/Unreal/3D-FPS/Content/Assets/Character/model1/model1_Shoes_Diffuse.uasset" 530
"E:/Unreal/3D-FPS/Content/Assets/Character/model1/model1_Shoes_Normal.uasset" 531
"E:/Unreal/3D-FPS/Content/Assets/Character/model1/model1_Shoes_Specular.uasset" 532
"E:/Unreal/3D-FPS/Content/Assets/Character/model1/Topmat.uasset" 533
"E:/Unreal/3D-FPS/Content/Assets/Character/model1/model1_Top_Diffuse.uasset" 534
"E:/Unreal/3D-FPS/Content/Assets/Character/model1/model1_Top_Normal.uasset" 535
"E:/Unreal/3D-FPS/Content/Assets/Character/model1/model1_Top_Specular.uasset" 536
"E:/Unreal/3D-FPS/Content/Assets/Character/model1/model1_PhysicsAsset.uasset" 537
"E:/Unreal/3D-FPS/Content/Assets/Character/model2/model2.uasset" 538
"E:/Unreal/3D-FPS/Content/Assets/Character/model2/Bodymat.uasset" 539
"E:/Unreal/3D-FPS/Content/Assets/Character/model2/model2_Body_Diffuse.uasset" 540
"E:/Unreal/3D-FPS/Content/Assets/Character/model2/model2_Body_Normal.uasset" 541
"E:/Unreal/3D-FPS/Content/Assets/Character/model2/model2_Body_Specular.uasset" 542
"E:/Unreal/3D-FPS/Content/Assets/Character/model2/Bodymat_eyelashes.uasset" 543
"E:/Unreal/3D-FPS/Content/Assets/Character/model2/Bottommat.uasset" 544
"E:/Unreal/3D-FPS/Content/Assets/Character/model2/model2_Bottom_Diffuse.uasset" 545
"E:/Unreal/3D-FPS/Content/Assets/Character/model2/model2_Bottom_Normal.uasset" 546
"E:/Unreal/3D-FPS/Content/Assets/Character/model2/model2_Bottom_Specular.uasset" 547
"E:/Unreal/3D-FPS/Content/Assets/Character/model2/Hairmat.uasset" 548
"E:/Unreal/3D-FPS/Content/Assets/Character/model2/model2_Hair_Diffuse.uasset" 549
"E:/Unreal/3D-FPS/Content/Assets/Character/model2/model2_Hair_Normal.uasset" 550
"E:/Unreal/3D-FPS/Content/Assets/Character/model2/model2_Hair_Specular.uasset" 551
"E:/Unreal/3D-FPS/Content/Assets/Character/model2/Topmat.uasset" 552
"E:/Unreal/3D-FPS/Content/Assets/Character/model2/model2_Top_Diffuse.uasset" 553
"E:/Unreal/3D-FPS/Content/Assets/Character/model2/model2_Top_Normal.uasset" 554
"E:/Unreal/3D-FPS/Content/Assets/Character/model2/model2_Top_Specular.uasset" 555
"E:/Unreal/3D-FPS/Content/Assets/Character/model2/model2_PhysicsAsset.uasset" 556
"E:/Unreal/3D-FPS/Content/Assets/Props/weapons/weapon_skorpion/skorpion.uasset" 557
"E:/Unreal/3D-FPS/Content/Assets/Props/weapons/weapon_skorpion/default_material.uasset" 558
"../../../Engine/Content/Functions/Engine_MaterialFunctions01/Texturing/DetailTexturing.uasset" 559
"E:/Unreal/3D-FPS/Content/Assets/Props/weapons/weapon_skorpion/D.uasset" 560
"E:/Unreal/3D-FPS/Content/Assets/Props/weapons/weapon_skorpion/G.uasset" 561
"E:/Unreal/3D-FPS/Content/Assets/Props/weapons/weapon_skorpion/N.uasset" 562
"E:/Unreal/3D-FPS/Content/Assets/Props/weapons/weapon_skorpion/S.uasset" 563
"E:/Unreal/3D-FPS/Content/Character/HeroTPP.uasset" 564
"E:/Unreal/3D-FPS/Content/Character/CharacterMaterial_Inst.uasset" 565
"E:/Unreal/3D-FPS/Content/Character/CharacterMaterial.uasset" 566
"E:/Unreal/3D-FPS/Content/Character/HeroTPP_PhysicsAsset.uasset" 567
"E:/Unreal/3D-FPS/Content/StarterContent/Audio/Explosion01.uasset" 568
"E:/Unreal/3D-FPS/Content/UI/HUD.uasset" 569
"C:/Users/Remi/AppData/Local/UnrealEngine/Common/DerivedDataCache/5/3/5/STATICMESH_46A8778361B442A9523C54440EA1E9D_8C68575CEF434CA8A9E1DA4AED8A47BB_FC__A18645E5470256852C48AD48B8CF2FE7715031E0.udd" 570
"C:/Users/Remi/AppData/Local/UnrealEngine/Common/DerivedDataCache/1/2/2/PHYSX_1D9C17C451EA4FB88CB7A27536A65DB0_PHYSXPC_272A15D64EA57CDF8640E0B9614248E__B7700C9B12A3A863C0DCE8FB0CD0B799263A59FF.udd" 571
"C:/Users/Remi/AppData/Local/UnrealEngine/Common/DerivedDataCache/1/0/7/NAVCOLLISION_B89838347A4348138EE337A847529C5C_NAVCOLLISION_X_272A15D64EA57CDF8__39C967FA50A28EDDEE4230703557782461B9FD8D.udd" 572
"C:/Users/Remi/AppData/Local/UnrealEngine/Common/DerivedDataCache/8/1/9/MATSM_984AFA3849534FAA8491540B994BD32E_GLSL_ES2_WEBGL_3857__BC5N_DEV_SL_NODBUF__F7BCC70767BCF85C164874790333B54639F419AC.udd" 573
"../../../Engine/Content/EditorResources/BSPVertex.uasset" 574
"../../../Engine/Content/EngineDebugMaterials/GeomMaterial.uasset" 575
"../../../Engine/Content/EngineDebugMaterials/BoneWeightMaterial.uasset" 576
"../../../Engine/Content/EngineDebugMaterials/HeatmapGradient.uasset" 577
"../../../Engine/Content/EditorMaterials/PhAT_JointLimitMaterial.uasset" 578
"../../../Engine/Content/EditorMaterials/PreviewShadowIndicatorMaterial.uasset" 579
"../../../Engine/Content/EditorMaterials/PreviewShadowIndicator.uasset" 580
"../../../Engine/Content/EngineMaterials/EditorBrushMaterial.uasset" 581
"../../../Engine/Content/EditorMeshes/ColorCalibrator/SM_ColorCalibrator.uasset" 582
"../../../Engine/Content/EditorMeshes/ColorCalibrator/M_ChromeBall.uasset" 583
"../../../Engine/Content/EditorMeshes/ColorCalibrator/M_ClearCoat.uasset" 584
"../../../Engine/Content/EditorMeshes/ColorCalibrator/M_ClearCoatBlack.uasset" 585
"../../../Engine/Content/EditorMeshes/ColorCalibrator/M_ColorGrid.uasset" 586
"../../../Engine/Content/EditorMeshes/ColorCalibrator/T_ColorGrid.uasset" 587
"../../../Engine/Content/EditorMeshes/ColorCalibrator/M_GreyBall.uasset" 588
"../../../Engine/Content/MobileResources/HUD/DefaultVirtualJoysticks.uasset" 589
"../../../Engine/Content/MobileResources/HUD/VirtualJoystick_Background.uasset" 590
"../../../Engine/Content/Tutorial/BlueprintTutorials/TutorialAssets/Blueprint_64x.uasset" 591
"../../../Engine/Content/Tutorial/SubEditors/TutorialAssets/icon_Editor_Preferences_General_40x.uasset" 592
"../../../Engine/Content/Tutorial/Paper2D/TutorialAssets/Paper2DSprite_TutorialIcon.uasset" 593
"../../../Engine/Content/Tutorial/SubEditors/TutorialAssets/icon_ShowSkeletalMeshes_40x.uasset" 594
"../../../Engine/Content/Tutorial/Foliage/TutorialAssets/Foliage.uasset" 595
"../../../Engine/Content/Tutorial/SubEditors/StaticMeshEditorTutorial.uasset" 596
"../../../Engine/Content/EngineMeshes/Cube.uasset" 597
"../../../Engine/Content/Tutorial/Basics/LevelEditorOverview.uasset" 598
"../../../Engine/Content/Tutorial/Basics/TutorialAssets/icon_tab_Levels_40x.uasset" 599
"../../../Engine/Content/Tutorial/BlueprintTutorials/BlueprintEditorTutorial.uasset" 600
"../../../Engine/Content/Tutorial/BlueprintTutorials/BlueprintMacroLibrariesEditorOverview.uasset" 601
"../../../Engine/Content/Tutorial/BlueprintTutorials/TutorialAssets/BlueprintMacroLibrary_64x.uasset" 602
"../../../Engine/Content/Tutorial/BlueprintTutorials/TutorialAssets/Tutorial_BP_MacroLib.uasset" 603
"../../../Engine/Content/Tutorial/BlueprintTutorials/BlueprintInterfacesEditorOverview.uasset" 604
"../../../Engine/Content/Tutorial/BlueprintTutorials/TutorialAssets/BlueprintInterface_64x.uasset" 605
"../../../Engine/Content/Tutorial/BlueprintTutorials/TutorialAssets/Tutorial_BP_Interface.uasset" 606
"../../../Engine/Content/Tutorial/BlueprintTutorials/LevelBlueprintEditorOverview.uasset" 607
"../../../Engine/Content/Tutorial/SubEditors/DestructibleMeshEditorTutorial.uasset" 608
"../../../Engine/Content/Tutorial/SubEditors/TutorialAssets/Tutorial_DM.uasset" 609
"../../../Engine/Content/EditorMeshes/EditorCube.uasset" 610
"../../../Engine/Content/Tutorial/SubEditors/MaterialEditorTutorial.uasset" 611
"../../../Engine/Content/Tutorial/SubEditors/TutorialAssets/TutorialMaterial.uasset" 612
"../../../Engine/Content/Tutorial/SubEditors/ParticleSystemEditorTutorial.uasset" 613
"../../../Engine/Content/Tutorial/SubEditors/TutorialAssets/TutorialParticleSystem.uasset" 614
"../../../Engine/Content/Tutorial/SubEditors/TutorialAssets/M_smoke_subUV_blackbody.uasset" 615
"../../../Engine/Content/Tutorial/SubEditors/TutorialAssets/T_SmokeSubUV_8X8.uasset" 616
"../../../Engine/Content/Tutorial/SubEditors/TutorialAssets/T_soft_smoke.uasset" 617
"../../../Engine/Content/Tutorial/SubEditors/PersonaAnimEditorWalkThrough.uasset" 618
"../../../Engine/Content/Tutorial/SubEditors/TutorialAssets/Character/NewBlendSpace1D.uasset" 619
"../../../Engine/Content/Tutorial/SubEditors/TutorialAssets/Character/Tutorial_Idle.uasset" 620
"../../../Engine/Content/Tutorial/SubEditors/TutorialAssets/Character/TutorialTPP_Skeleton.uasset" 621
"../../../Engine/Content/Tutorial/SubEditors/TutorialAssets/Character/Tutorial_Walk_Fwd.uasset" 622
"../../../Engine/Content/Tutorial/SubEditors/TutorialAssets/Character/TutorialTPP.uasset" 623
"../../../Engine/Content/Tutorial/SubEditors/TutorialAssets/Character/TutorialTPP_Mat.uasset" 624
"../../../Engine/Content/Tutorial/SubEditors/TutorialAssets/Character/TutorialTPP_PhysicsAsset.uasset" 625
"../../../Engine/Content/Tutorial/SubEditors/PersonaAnimBlueprintEditorWalkthrough.uasset" 626
"../../../Engine/Content/Tutorial/SubEditors/TutorialAssets/Character/TutorialTPP_AnimBlueprint.uasset" 627
"../../../Engine/Content/Tutorial/SubEditors/TutorialAssets/Character/TutorialCharacter.uasset" 628
"../../../Engine/Content/Tutorial/Paper2D/SpriteEditorTutorial.uasset" 629
"../../../Engine/Content/Tutorial/Paper2D/FlipbookEditorTutorial.uasset" 630
"../../../Engine/Content/Tutorial/Paper2D/TutorialAssets/Paper2DFlipbook_TutorialIcon.uasset" 631
"../../../Engine/Content/Tutorial/Foliage/Foliage_Intro_Tutorial.uasset" 632
"../../../Engine/Content/Tutorial/Foliage/Foliage_Using_The_Tool_Tutorial.uasset" 633
"../../../Engine/Content/Tutorial/Foliage/Foliage_Settings_Tutorial.uasset" 634
"../../../Engine/Content/Tutorial/Landscape/Landscape_Sculpt_Mode.uasset" 635
"C:/Users/Remi/AppData/Local/UnrealEngine/Common/DerivedDataCache/2/5/4/TEXTURE_814DCC3DC72143F49509781513CB9855_RGBA8_2303080240B4FBC995EC43ABAA9A8C6__E24BE315BC7E38AAC851A0D9B18BDF6554E250F9.udd" 636
"C:/Users/Remi/AppData/Local/UnrealEngine/Common/DerivedDataCache/9/3/5/TEXTURE_814DCC3DC72143F49509781513CB9855_DXT5_565E0359430950FA252A118AF8521636__2EAA8DF17A4A6BDA26F27CE43AFDEEACA0FE4D59.udd" 637
"C:/Users/Remi/AppData/Local/UnrealEngine/Common/DerivedDataCache/1/6/9/TEXTURE_814DCC3DC72143F49509781513CB9855_DXT5_565E0359430950FA252A118AF8521636__3A5ED170B54AFC8A67B8289FC3E9EBD65EF14DB6.udd" 638
"C:/Users/Remi/AppData/Local/UnrealEngine/Common/DerivedDataCache/1/2/1/TEXTURE_814DCC3DC72143F49509781513CB9855_DXT5_565E0359430950FA252A118AF8521636__2074CC5FEF49050A29DD420D261F012D43FDF3D2.udd" 639
"C:/Users/Remi/AppData/Local/Temp/UnrealShaderWorkingDir/7CC819484718D3728B49F0BA6EF3D828/2/WorkerOutputOnly.out" 640
"C:/Users/Remi/AppData/Local/UnrealEngine/Common/DerivedDataCache/6/1/2/TEXTURE_814DCC3DC72143F49509781513CB9855_RGBA8_B19E8D43472CA8B277E8CCA8993996A__AE0CB2D3DAB09AE46189CF339B18FCF6C66AB4C2.udd" 641
"C:/Users/Remi/AppData/Local/Temp/UnrealShaderWorkingDir/7CC819484718D3728B49F0BA6EF3D828/1/WorkerOutputOnly.out" 642
"C:/Users/Remi/AppData/Local/Temp/UnrealShaderWorkingDir/7CC819484718D3728B49F0BA6EF3D828/4/WorkerOutputOnly.out" 643
"C:/Users/Remi/AppData/Local/Temp/UnrealShaderWorkingDir/7CC819484718D3728B49F0BA6EF3D828/3/WorkerOutputOnly.out" 644
"C:/Users/Remi/AppData/Local/UnrealEngine/Common/DerivedDataCache/7/3/3/TEXTURE_814DCC3DC72143F49509781513CB9855_AUTODXT_51454A3A42FA323D99D1628331744__FC8204512EC56763F51AD2D937EAA5D8DF83A84F.udd" 645
"C:/Users/Remi/AppData/Local/UnrealEngine/Common/DerivedDataCache/8/6/4/TEXTURE_814DCC3DC72143F49509781513CB9855_AUTODXT_51454A3A42FA323D99D1628331744__3CD8AE7E6622B30C3058ACEF435D5B8EE452E037.udd" 646
"C:/Users/Remi/AppData/Local/UnrealEngine/Common/DerivedDataCache/3/7/2/TEXTURE_814DCC3DC72143F49509781513CB9855_AUTODXT_51454A3A42FA323D99D1628331744__D4DFE2E88A08B2F73EA1FC041E3F801BC4943B3E.udd" 647
"C:/Users/Remi/AppData/Local/UnrealEngine/Common/DerivedDataCache/3/3/7/TEXTURE_814DCC3DC72143F49509781513CB9855_AUTODXT_51454A3A42FA323D99D1628331744__D0A111809A1BE453A4AF67CAC989347889B9863A.udd" 648
"C:/Users/Remi/AppData/Local/UnrealEngine/Common/DerivedDataCache/2/9/2/TEXTURE_814DCC3DC72143F49509781513CB9855_AUTODXT_51454A3A42FA323D99D1628331744__C527DADC05709F92342C3A4EBA28C07075A04A54.udd" 649
"C:/Users/Remi/AppData/Local/UnrealEngine/Common/DerivedDataCache/3/4/2/TEXTURE_814DCC3DC72143F49509781513CB9855_AUTODXT_ABA95D114ED0BC14AE9369AF6690F__7E2D1128C5FAF3990E7B083740EB5228B7C3EEEC.udd" 650
"C:/Users/Remi/AppData/Local/UnrealEngine/Common/DerivedDataCache/5/7/2/TEXTURE_814DCC3DC72143F49509781513CB9855_AUTODXT_ABA95D114ED0BC14AE9369AF6690F__D52A2B678834EA5BF2A51583D154BB5EAAABAFAA.udd" 651
"C:/Users/Remi/AppData/Local/UnrealEngine/Common/DerivedDataCache/6/5/2/TEXTURE_814DCC3DC72143F49509781513CB9855_AUTODXT_ABA95D114ED0BC14AE9369AF6690F__43A02D1FC2E1ED00C545C1D88CD6E091243EBE6F.udd" 652
"C:/Users/Remi/AppData/Local/UnrealEngine/Common/DerivedDataCache/9/1/9/TEXTURE_814DCC3DC72143F49509781513CB9855_AUTODXT_ABA95D114ED0BC14AE9369AF6690F__D6425DC2761134E558CC18F4C6B90B3F1B10ECD3.udd" 653
"C:/Users/Remi/AppData/Local/UnrealEngine/Common/DerivedDataCache/6/7/5/TEXTURE_814DCC3DC72143F49509781513CB9855_AUTODXT_ABA95D114ED0BC14AE9369AF6690F__F9B4258A2984145EC58D7DBD4BAC30D1E5458FE2.udd" 654
"C:/Users/Remi/AppData/Local/UnrealEngine/Common/DerivedDataCache/0/1/6/TEXTURE_814DCC3DC72143F49509781513CB9855_AUTODXT_6256A48241A9BF4556FA12981C137__A875FEC9BDF5503C8DBBD085EE88FE52AED9CB6B.udd" 655
"C:/Users/Remi/AppData/Local/UnrealEngine/Common/DerivedDataCache/7/6/5/TEXTURE_814DCC3DC72143F49509781513CB9855_AUTODXT_6256A48241A9BF4556FA12981C137__DB075B7A70FFE5D7232D31CD3C87AB12EDE7930A.udd" 656
"C:/Users/Remi/AppData/Local/UnrealEngine/Common/DerivedDataCache/2/5/3/TEXTURE_814DCC3DC72143F49509781513CB9855_AUTODXT_6256A48241A9BF4556FA12981C137__5C0A36AF49D7D67CD925175EC33A31A2D5097BDD.udd" 657
"C:/Users/Remi/AppData/Local/UnrealEngine/Common/DerivedDataCache/9/9/0/TEXTURE_814DCC3DC72143F49509781513CB9855_AUTODXT_6256A48241A9BF4556FA12981C137__755EE26D05FD6D06ED1385EEA6C4E20F76E32D4E.udd" 658
"C:/Users/Remi/AppData/Local/UnrealEngine/Common/DerivedDataCache/2/5/5/TEXTURE_814DCC3DC72143F49509781513CB9855_AUTODXT_AC6EE7D4450AB67D89E75FA1B6230__CC065A68B02407ACE69860ED096963B28479AE2C.udd" 659
"C:/Users/Remi/AppData/Local/UnrealEngine/Common/DerivedDataCache/1/9/4/TEXTURE_814DCC3DC72143F49509781513CB9855_AUTODXT_AC6EE7D4450AB67D89E75FA1B6230__D466CEA2A9C17788BE26C91A7484F05083D99447.udd" 660
"C:/Users/Remi/AppData/Local/UnrealEngine/Common/DerivedDataCache/6/5/5/TEXTURE_814DCC3DC72143F49509781513CB9855_AUTODXT_AC6EE7D4450AB67D89E75FA1B6230__AAB17C5A84FE558A37087D53F3CBAC7518458B47.udd" 661
"C:/Users/Remi/AppData/Local/UnrealEngine/Common/DerivedDataCache/7/9/8/TEXTURE_814DCC3DC72143F49509781513CB9855_AUTODXT_AC6EE7D4450AB67D89E75FA1B6230__3602B7148A1EDDF8150B7DAD474DEB2B86EDEF28.udd" 662
"C:/Users/Remi/AppData/Local/UnrealEngine/Common/DerivedDataCache/8/7/1/TEXTURE_814DCC3DC72143F49509781513CB9855_AUTODXT_257E274C47FE1BC3A19C959DD18BC__00491C087D6DAA2851B10A34D938907AB26D50B4.udd" 663
"C:/Users/Remi/AppData/Local/UnrealEngine/Common/DerivedDataCache/3/9/0/TEXTURE_814DCC3DC72143F49509781513CB9855_AUTODXT_257E274C47FE1BC3A19C959DD18BC__083D858F859AF8F77591F69ED484B4C3CC3270A8.udd" 664
"C:/Users/Remi/AppData/Local/UnrealEngine/Common/DerivedDataCache/2/3/9/TEXTURE_814DCC3DC72143F49509781513CB9855_AUTODXT_257E274C47FE1BC3A19C959DD18BC__083451C734EED6A4160262F3B841078B77BED178.udd" 665
"C:/Users/Remi/AppData/Local/UnrealEngine/Common/DerivedDataCache/0/3/1/TEXTURE_814DCC3DC72143F49509781513CB9855_AUTODXT_257E274C47FE1BC3A19C959DD18BC__3BE3804819A4D548A76A5F86B1F575D50E9BA516.udd" 666
"C:/Users/Remi/AppData/Local/UnrealEngine/Common/DerivedDataCache/1/6/9/TEXTURE_814DCC3DC72143F49509781513CB9855_AUTODXT_78A7691C43873DF21BA589B930D5D__AEC8E57ED1826544E07F9DA0EBBA87160A776307.udd" 667
"C:/Users/Remi/AppData/Local/UnrealEngine/Common/DerivedDataCache/8/4/8/TEXTURE_814DCC3DC72143F49509781513CB9855_AUTODXT_78A7691C43873DF21BA589B930D5D__DC395A25CF45FCB2F2699D2F7C21A68A224BCC65.udd" 668
"C:/Users/Remi/AppData/Local/UnrealEngine/Common/DerivedDataCache/4/5/4/TEXTURE_814DCC3DC72143F49509781513CB9855_AUTODXT_78A7691C43873DF21BA589B930D5D__E077920CE4F92B2ECCD9F7B75596B50E50682C6B.udd" 669
"C:/Users/Remi/AppData/Local/UnrealEngine/Common/DerivedDataCache/9/8/0/TEXTURE_814DCC3DC72143F49509781513CB9855_AUTODXT_78A7691C43873DF21BA589B930D5D__80FF33D8DB2BCE231138F421F6856CB7940DD481.udd" 670
"C:/Users/Remi/AppData/Local/UnrealEngine/Common/DerivedDataCache/5/7/5/TEXTURE_814DCC3DC72143F49509781513CB9855_AUTODXT_22B00ECC4D1848B677174492CADDD__06D647B5B4EE59AB0702D812CC4DD9A330FBE348.udd" 671
"C:/Users/Remi/AppData/Local/UnrealEngine/Common/DerivedDataCache/6/8/8/TEXTURE_814DCC3DC72143F49509781513CB9855_AUTODXT_22B00ECC4D1848B677174492CADDD__B4E91C44D5AB368E4D0658FDB186E37F476AB63C.udd" 672
"C:/Users/Remi/AppData/Local/UnrealEngine/Common/DerivedDataCache/5/8/0/TEXTURE_814DCC3DC72143F49509781513CB9855_AUTODXT_22B00ECC4D1848B677174492CADDD__1B3BB49C92979E11E58EDC70470A322F2BC7F91D.udd" 673
"C:/Users/Remi/AppData/Local/UnrealEngine/Common/DerivedDataCache/4/7/9/TEXTURE_814DCC3DC72143F49509781513CB9855_AUTODXT_22B00ECC4D1848B677174492CADDD__E7F34E5143F0B980DF3FEB18157351F2035DFCA3.udd" 674
"C:/Users/Remi/AppData/Local/UnrealEngine/Common/DerivedDataCache/7/5/5/TEXTURE_814DCC3DC72143F49509781513CB9855_AUTODXT_AC5B34654E4209C7EEF516A177255__C0EC4B5A0386D8A9C3D34EB50544B70D7521EA8A.udd" 675
"C:/Users/Remi/AppData/Local/UnrealEngine/Common/DerivedDataCache/8/2/8/TEXTURE_814DCC3DC72143F49509781513CB9855_AUTODXT_AC5B34654E4209C7EEF516A177255__BE28014DB77E4F5446C2B8F2107231D4781C7FE4.udd" 676
"C:/Users/Remi/AppData/Local/UnrealEngine/Common/DerivedDataCache/3/9/2/TEXTURE_814DCC3DC72143F49509781513CB9855_AUTODXT_AC5B34654E4209C7EEF516A177255__2827AF09FCEE47C90CC004E657BBBAC79D0B2A38.udd" 677
"C:/Users/Remi/AppData/Local/UnrealEngine/Common/DerivedDataCache/9/1/6/TEXTURE_814DCC3DC72143F49509781513CB9855_AUTODXT_AC5B34654E4209C7EEF516A177255__55F91E510F4F1417A8AF5AACD4373EC23A4BBDCB.udd" 678
"C:/Users/Remi/AppData/Local/UnrealEngine/Common/DerivedDataCache/2/6/7/TEXTURE_814DCC3DC72143F49509781513CB9855_AUTODXT_6759644D4ABE60D2D59DB9A283F42__2BEFBDC62A8175DF245102B5D07A8584B09E9C61.udd" 679
"C:/Users/Remi/AppData/Local/UnrealEngine/Common/DerivedDataCache/3/1/5/TEXTURE_814DCC3DC72143F49509781513CB9855_AUTODXT_6759644D4ABE60D2D59DB9A283F42__32BA91AF028DFB157B14DCE880D21672F48A816D.udd" 680
"C:/Users/Remi/AppData/Local/UnrealEngine/Common/DerivedDataCache/1/8/6/TEXTURE_814DCC3DC72143F49509781513CB9855_AUTODXT_6759644D4ABE60D2D59DB9A283F42__AF7EAA8B07BD5920805B99AF5EDCFE3DDFD0071B.udd" 681
"C:/Users/Remi/AppData/Local/UnrealEngine/Common/DerivedDataCache/2/7/6/TEXTURE_814DCC3DC72143F49509781513CB9855_AUTODXT_6759644D4ABE60D2D59DB9A283F42__7E621E49A0FC8AAF61988F4E010119FDA40F7869.udd" 682
"C:/Users/Remi/AppData/Local/UnrealEngine/Common/DerivedDataCache/4/1/1/TEXTURE_814DCC3DC72143F49509781513CB9855_AUTODXT_FB6A76C34E5B9107FB1B469766F09__06BDF7CCFC43C5AA932DC17B478594DE5B36B842.udd" 683
"C:/Users/Remi/AppData/Local/UnrealEngine/Common/DerivedDataCache/6/8/4/TEXTURE_814DCC3DC72143F49509781513CB9855_AUTODXT_FB6A76C34E5B9107FB1B469766F09__66ADA42178D555D80EEE22EAA761891F77EB67D5.udd" 684
"C:/Users/Remi/AppData/Local/UnrealEngine/Common/DerivedDataCache/5/2/4/TEXTURE_814DCC3DC72143F49509781513CB9855_AUTODXT_FB6A76C34E5B9107FB1B469766F09__EA67283420988B68ABF2E5B543E0BE06DF0D0E19.udd" 685
"C:/Users/Remi/AppData/Local/UnrealEngine/Common/DerivedDataCache/5/1/0/TEXTURE_814DCC3DC72143F49509781513CB9855_AUTODXT_FB6A76C34E5B9107FB1B469766F09__9B2E3D2F13E7957B95DEF42D098C27BCDB3268D9.udd" 686
"C:/Users/Remi/AppData/Local/UnrealEngine/Common/DerivedDataCache/9/4/7/TEXTURE_814DCC3DC72143F49509781513CB9855_AUTODXT_F58E56834A63D496F34391841B7BC__F6327AB54057297302532382DD419FD12D27F026.udd" 687
"C:/Users/Remi/AppData/Local/UnrealEngine/Common/DerivedDataCache/0/8/7/TEXTURE_814DCC3DC72143F49509781513CB9855_AUTODXT_F58E56834A63D496F34391841B7BC__7932F52D701E173D5923A84F6EC45AB4A210506B.udd" 688
"C:/Users/Remi/AppData/Local/UnrealEngine/Common/DerivedDataCache/9/1/0/TEXTURE_814DCC3DC72143F49509781513CB9855_AUTODXT_F58E56834A63D496F34391841B7BC__F8980A13032D637C963761706941F3558A0DFC5B.udd" 689
"C:/Users/Remi/AppData/Local/UnrealEngine/Common/DerivedDataCache/5/4/0/TEXTURE_814DCC3DC72143F49509781513CB9855_AUTODXT_F58E56834A63D496F34391841B7BC__5D02B4FCFC66FB8819080199DDE3C2D167EF6E87.udd" 690
"C:/Users/Remi/AppData/Local/UnrealEngine/Common/DerivedDataCache/5/1/0/TEXTURE_814DCC3DC72143F49509781513CB9855_AUTODXT_F58E56834A63D496F34391841B7BC__C5DA843DD3B1FE22C7EBA28223A0E8C4CCCFA2FF.udd" 691
"C:/Users/Remi/AppData/Local/UnrealEngine/Common/DerivedDataCache/8/0/9/TEXTURE_814DCC3DC72143F49509781513CB9855_AUTODXT_1577E9F64892B701223127B785FEE__1ADDF6E69120698E22035218973A59DC96709ED6.udd" 692
"C:/Users/Remi/AppData/Local/UnrealEngine/Common/DerivedDataCache/5/8/1/TEXTURE_814DCC3DC72143F49509781513CB9855_AUTODXT_1577E9F64892B701223127B785FEE__FBE29FBB6230641A3444735079F32547A77BAF1D.udd" 693
"C:/Users/Remi/AppData/Local/UnrealEngine/Common/DerivedDataCache/2/6/9/TEXTURE_814DCC3DC72143F49509781513CB9855_AUTODXT_1577E9F64892B701223127B785FEE__D0FD41E39360D6E5770FCCC14CC6F6677D466775.udd" 694
"C:/Users/Remi/AppData/Local/UnrealEngine/Common/DerivedDataCache/2/7/7/TEXTURE_814DCC3DC72143F49509781513CB9855_AUTODXT_1577E9F64892B701223127B785FEE__F9520E1BA740EDFCA98F01CD6E3E6B1FFEC92618.udd" 695
"C:/Users/Remi/AppData/Local/UnrealEngine/Common/DerivedDataCache/1/9/3/TEXTURE_814DCC3DC72143F49509781513CB9855_AUTODXT_1577E9F64892B701223127B785FEE__3A4B6047FF843C91CFACFDD19DF5BBDF32228173.udd" 696
"C:/Users/Remi/AppData/Local/UnrealEngine/Common/DerivedDataCache/0/7/2/TEXTURE_814DCC3DC72143F49509781513CB9855_AUTODXT_9C71B0EA4700BCAC297A91A11A27A__38F47D9A8F01A0B7304646763BDE53835695FB84.udd" 697
"C:/Users/Remi/AppData/Local/UnrealEngine/Common/DerivedDataCache/6/9/3/TEXTURE_814DCC3DC72143F49509781513CB9855_AUTODXT_9C71B0EA4700BCAC297A91A11A27A__0A6BD2ACEB10BBFC2A5EBF357F931F17D04AE43D.udd" 698
"C:/Users/Remi/AppData/Local/UnrealEngine/Common/DerivedDataCache/4/3/6/TEXTURE_814DCC3DC72143F49509781513CB9855_AUTODXT_9C71B0EA4700BCAC297A91A11A27A__6677DEDF41E851E89048EEFAAE54707054A7655F.udd" 699
"C:/Users/Remi/AppData/Local/UnrealEngine/Common/DerivedDataCache/9/3/7/TEXTURE_814DCC3DC72143F49509781513CB9855_AUTODXT_9C71B0EA4700BCAC297A91A11A27A__34CC4DB49D8DC4454FFBB2E9372BB50430B5A1E9.udd" 700
"C:/Users/Remi/AppData/Local/UnrealEngine/Common/DerivedDataCache/9/2/2/TEXTURE_814DCC3DC72143F49509781513CB9855_AUTODXT_88C8FE3E4F0B54D71C791098008BF__8C5E9F6D734A195BAE39E27A411EEEBA6DAF8885.udd" 701
"C:/Users/Remi/AppData/Local/UnrealEngine/Common/DerivedDataCache/1/3/6/TEXTURE_814DCC3DC72143F49509781513CB9855_AUTODXT_88C8FE3E4F0B54D71C791098008BF__24A97C7C72A9EF0DDD57E12E0FF7E6C4407E8F7B.udd" 702
"C:/Users/Remi/AppData/Local/UnrealEngine/Common/DerivedDataCache/7/6/4/TEXTURE_814DCC3DC72143F49509781513CB9855_AUTODXT_88C8FE3E4F0B54D71C791098008BF__F34473700A3C1D4F749E6D7A8CC550934E52BD46.udd" 703
"C:/Users/Remi/AppData/Local/UnrealEngine/Common/DerivedDataCache/8/3/3/TEXTURE_814DCC3DC72143F49509781513CB9855_AUTODXT_88C8FE3E4F0B54D71C791098008BF__C2880AF72D79780857F8FDD5837141470002296B.udd" 704
"C:/Users/Remi/AppData/Local/UnrealEngine/Common/DerivedDataCache/3/0/8/TEXTURE_814DCC3DC72143F49509781513CB9855_AUTODXT_3F41B9E84250079A215BC5B34C530__BFB7A34ACA03D5992E97B221FEB14D2464C759E8.udd" 705
"C:/Users/Remi/AppData/Local/UnrealEngine/Common/DerivedDataCache/4/4/4/TEXTURE_814DCC3DC72143F49509781513CB9855_AUTODXT_3F41B9E84250079A215BC5B34C530__38D04324A2AD2DCD9881EB404112EAAFE9D36E8A.udd" 706
"C:/Users/Remi/AppData/Local/UnrealEngine/Common/DerivedDataCache/8/4/2/TEXTURE_814DCC3DC72143F49509781513CB9855_AUTODXT_3F41B9E84250079A215BC5B34C530__987BB789AB0210BE9CC09C201DF5C0F1E5452FCD.udd" 707
"C:/Users/Remi/AppData/Local/UnrealEngine/Common/DerivedDataCache/4/4/7/TEXTURE_814DCC3DC72143F49509781513CB9855_AUTODXT_3F41B9E84250079A215BC5B34C530__C097F0CB5131C424EF8F10D5F7928464BBC7DD15.udd" 708
"C:/Users/Remi/AppData/Local/UnrealEngine/Common/DerivedDataCache/0/3/0/TEXTURE_814DCC3DC72143F49509781513CB9855_AUTODXT_BBEA1A3948D9A35B5D629591F10BE__D7FA6D160A134DF076315182FF0BD3801451F7AE.udd" 709
"C:/Users/Remi/AppData/Local/UnrealEngine/Common/DerivedDataCache/1/6/4/TEXTURE_814DCC3DC72143F49509781513CB9855_AUTODXT_BBEA1A3948D9A35B5D629591F10BE__60FABC0FE6C91C387FE6C8D1ABEB611FCC9C4410.udd" 710
"C:/Users/Remi/AppData/Local/UnrealEngine/Common/DerivedDataCache/6/9/2/TEXTURE_814DCC3DC72143F49509781513CB9855_AUTODXT_BBEA1A3948D9A35B5D629591F10BE__D074ED2FF6A8B44C47D8326674B01165F4A0A257.udd" 711
"C:/Users/Remi/AppData/Local/UnrealEngine/Common/DerivedDataCache/6/5/9/TEXTURE_814DCC3DC72143F49509781513CB9855_AUTODXT_BBEA1A3948D9A35B5D629591F10BE__CA64994D4504E8064493EA845426FF49092A60C4.udd" 712
"C:/Users/Remi/AppData/Local/UnrealEngine/Common/DerivedDataCache/5/9/5/TEXTURE_814DCC3DC72143F49509781513CB9855_AUTODXT_A3D55E8A4BE9659F8D9733B87BC1C__941A3541B2398005F4CDF2300786254B03BB75D4.udd" 713
"C:/Users/Remi/AppData/Local/UnrealEngine/Common/DerivedDataCache/1/7/7/TEXTURE_814DCC3DC72143F49509781513CB9855_AUTODXT_A3D55E8A4BE9659F8D9733B87BC1C__CA3A723456546B07A29EF9EE2EA66268D2729062.udd" 714
"C:/Users/Remi/AppData/Local/UnrealEngine/Common/DerivedDataCache/4/1/8/TEXTURE_814DCC3DC72143F49509781513CB9855_AUTODXT_A3D55E8A4BE9659F8D9733B87BC1C__7F58C9B691BC7E4066278980D3ABDCE08005BF9E.udd" 715
"C:/Users/Remi/AppData/Local/UnrealEngine/Common/DerivedDataCache/0/8/1/TEXTURE_814DCC3DC72143F49509781513CB9855_AUTODXT_A3D55E8A4BE9659F8D9733B87BC1C__2BA80234EBBC9F06F62EE06886DB438B48F2B67C.udd" 716
"C:/Users/Remi/AppData/Local/UnrealEngine/Common/DerivedDataCache/2/8/2/TEXTURE_814DCC3DC72143F49509781513CB9855_AUTODXT_4A17E000457BA3280D37C39ABF309__227D0AE4E6EEB825D33DF1F56D4D688DDBCABA6E.udd" 717
"C:/Users/Remi/AppData/Local/UnrealEngine/Common/DerivedDataCache/3/7/9/TEXTURE_814DCC3DC72143F49509781513CB9855_AUTODXT_4A17E000457BA3280D37C39ABF309__8B20AB35C4F27EB1D0C31D0514AA4816E0F1758E.udd" 718
"C:/Users/Remi/AppData/Local/UnrealEngine/Common/DerivedDataCache/4/9/3/TEXTURE_814DCC3DC72143F49509781513CB9855_AUTODXT_4A17E000457BA3280D37C39ABF309__64A1BB38A59F951925AA6165CEFD8559888D0549.udd" 719
"C:/Users/Remi/AppData/Local/UnrealEngine/Common/DerivedDataCache/7/1/4/TEXTURE_814DCC3DC72143F49509781513CB9855_AUTODXT_4A17E000457BA3280D37C39ABF309__1AB9916240ED066F3FBAF80252873CB67CDDC5A7.udd" 720
"C:/Users/Remi/AppData/Local/UnrealEngine/Common/DerivedDataCache/4/8/8/TEXTURE_814DCC3DC72143F49509781513CB9855_AUTODXT_6B6C8D374FD9ED280DD75A8C18E78__FDE81C63683016B31D93164B2D3FC5B4B08C1487.udd" 721
"C:/Users/Remi/AppData/Local/UnrealEngine/Common/DerivedDataCache/1/2/2/TEXTURE_814DCC3DC72143F49509781513CB9855_AUTODXT_6B6C8D374FD9ED280DD75A8C18E78__C7FFF588E1C923E4789755ED540C5AA8B2726F02.udd" 722
"C:/Users/Remi/AppData/Local/UnrealEngine/Common/DerivedDataCache/3/2/5/TEXTURE_814DCC3DC72143F49509781513CB9855_AUTODXT_6B6C8D374FD9ED280DD75A8C18E78__E79AB7070481296C90757F213889BCECDADD5503.udd" 723
"C:/Users/Remi/AppData/Local/UnrealEngine/Common/DerivedDataCache/1/5/1/TEXTURE_814DCC3DC72143F49509781513CB9855_AUTODXT_6B6C8D374FD9ED280DD75A8C18E78__27FD3B77C245F364CF4F66B5990D50A79F055271.udd" 724
"C:/Users/Remi/AppData/Local/UnrealEngine/Common/DerivedDataCache/3/0/6/TEXTURE_814DCC3DC72143F49509781513CB9855_AUTODXT_6B6C8D374FD9ED280DD75A8C18E78__38F136646B916967143544F89E7F85A3C571AA16.udd" 725
"C:/Users/Remi/AppData/Local/UnrealEngine/Common/DerivedDataCache/9/6/1/TEXTURE_814DCC3DC72143F49509781513CB9855_AUTODXT_6B6C8D374FD9ED280DD75A8C18E78__66660A64DE0F5D33D3C98AA0AD9BE3506D87E093.udd" 726
"C:/Users/Remi/AppData/Local/UnrealEngine/Common/DerivedDataCache/7/8/6/TEXTURE_814DCC3DC72143F49509781513CB9855_AUTODXT_6B6C8D374FD9ED280DD75A8C18E78__7841D3E8AE761E84321FE2A86A1342746DC1499C.udd" 727
"C:/Users/Remi/AppData/Local/UnrealEngine/Common/DerivedDataCache/9/7/3/TEXTURE_814DCC3DC72143F49509781513CB9855_AUTODXT_009E4B784EB545AEF4B55B96A0F4E__19AD8379C4D546EC1C6DFC565C592C7048E69EC9.udd" 728
"C:/Users/Remi/AppData/Local/UnrealEngine/Common/DerivedDataCache/1/7/7/TEXTURE_814DCC3DC72143F49509781513CB9855_AUTODXT_009E4B784EB545AEF4B55B96A0F4E__570B0C02ED19EEAF992ADEA0889F1CA377F40BC9.udd" 729
"C:/Users/Remi/AppData/Local/UnrealEngine/Common/DerivedDataCache/5/2/1/TEXTURE_814DCC3DC72143F49509781513CB9855_AUTODXT_009E4B784EB545AEF4B55B96A0F4E__8B6DC36E1E090789F4F08C8976EC7C28C202EC7B.udd" 730
"C:/Users/Remi/AppData/Local/UnrealEngine/Common/DerivedDataCache/4/1/8/TEXTURE_814DCC3DC72143F49509781513CB9855_AUTODXT_009E4B784EB545AEF4B55B96A0F4E__C0255F8EF2004251508ECDB56A80B032250D428B.udd" 731
"C:/Users/Remi/AppData/Local/UnrealEngine/Common/DerivedDataCache/2/3/4/TEXTURE_814DCC3DC72143F49509781513CB9855_AUTODXT_009E4B784EB545AEF4B55B96A0F4E__798C1663890DBF4670D6FC0DEA6C32EC4F1C32D5.udd" 732
"C:/Users/Remi/AppData/Local/UnrealEngine/Common/DerivedDataCache/4/9/3/TEXTURE_814DCC3DC72143F49509781513CB9855_AUTODXT_009E4B784EB545AEF4B55B96A0F4E__6156482D5B8F05AFFE426EDF774DF8FEB83E5373.udd" 733
"C:/Users/Remi/AppData/Local/UnrealEngine/Common/DerivedDataCache/6/5/2/TEXTURE_814DCC3DC72143F49509781513CB9855_AUTODXT_009E4B784EB545AEF4B55B96A0F4E__6C6E8EAFA78CAAEAD8A45AC884A70946A8E34C90.udd" 734
"C:/Users/Remi/AppData/Local/UnrealEngine/Common/DerivedDataCache/3/0/5/TEXTURE_814DCC3DC72143F49509781513CB9855_DXT5_F157B9BA41986E1B0340FBB856BB3BC7__3C69135123ABF60E8780031F18AC8A4187DBDD20.udd" 735
"C:/Users/Remi/AppData/Local/UnrealEngine/Common/DerivedDataCache/9/1/3/TEXTURE_814DCC3DC72143F49509781513CB9855_DXT5_F157B9BA41986E1B0340FBB856BB3BC7__6C45AFBDE51548620195368922C5DADF06FA4581.udd" 736
"C:/Users/Remi/AppData/Local/UnrealEngine/Common/DerivedDataCache/4/7/6/TEXTURE_814DCC3DC72143F49509781513CB9855_DXT5_F157B9BA41986E1B0340FBB856BB3BC7__C253E4284E1EC5D674D786BBF4446399F87FD5FA.udd" 737
"C:/Users/Remi/AppData/Local/UnrealEngine/Common/DerivedDataCache/0/1/9/TEXTURE_814DCC3DC72143F49509781513CB9855_DXT5_F157B9BA41986E1B0340FBB856BB3BC7__CB6A2037BE433B02E124FED84D9787E24641AC6A.udd" 738
"C:/Users/Remi/AppData/Local/UnrealEngine/Common/DerivedDataCache/7/5/9/TEXTURE_814DCC3DC72143F49509781513CB9855_DXT5_F157B9BA41986E1B0340FBB856BB3BC7__0CE96CF6A6904F1D369B8A36F7F256573CAC9362.udd" 739
"C:/Users/Remi/AppData/Local/UnrealEngine/Common/DerivedDataCache/0/6/4/TEXTURE_814DCC3DC72143F49509781513CB9855_AUTODXT_C40057FB4CD4CD214884DC855936C__C9C35EACCBD6DBB437A3EFA97AA8141AB0F9E909.udd" 740
"C:/Users/Remi/AppData/Local/UnrealEngine/Common/DerivedDataCache/9/6/5/TEXTURE_814DCC3DC72143F49509781513CB9855_AUTODXT_C40057FB4CD4CD214884DC855936C__1A73D970821FEB0DCF7BDD207C5F155B65EC3B1A.udd" 741
"C:/Users/Remi/AppData/Local/UnrealEngine/Common/DerivedDataCache/6/9/7/TEXTURE_814DCC3DC72143F49509781513CB9855_AUTODXT_C40057FB4CD4CD214884DC855936C__968481169DA5487B4204A8A52FD85664B662BA9A.udd" 742
"C:/Users/Remi/AppData/Local/UnrealEngine/Common/DerivedDataCache/6/2/4/TEXTURE_814DCC3DC72143F49509781513CB9855_AUTODXT_C40057FB4CD4CD214884DC855936C__9A9ADDDAB3FB6DD53E1C22335EC7C44F69455617.udd" 743
"C:/Users/Remi/AppData/Local/UnrealEngine/Common/DerivedDataCache/1/0/3/TEXTURE_814DCC3DC72143F49509781513CB9855_AUTODXT_C40057FB4CD4CD214884DC855936C__4E95AE455655CA8D1D6935CF8F2C6A8E71463F9B.udd" 744
"C:/Users/Remi/AppData/Local/UnrealEngine/Common/DerivedDataCache/7/2/4/TEXTURE_814DCC3DC72143F49509781513CB9855_AUTODXT_C40057FB4CD4CD214884DC855936C__8611F36A6057FA1DAB5FF5414230F40902080DBB.udd" 745
"C:/Users/Remi/AppData/Local/UnrealEngine/Common/DerivedDataCache/1/3/0/TEXTURE_814DCC3DC72143F49509781513CB9855_AUTODXT_C40057FB4CD4CD214884DC855936C__747548AD27278F66D571800B49581B7ED36890C8.udd" 746
"C:/Users/Remi/AppData/Local/UnrealEngine/Common/DerivedDataCache/5/9/1/TEXTURE_814DCC3DC72143F49509781513CB9855_RGBA8_72107D3F4110EAEF3BE5D5841EFE141__667DBC4EE3FBFFDBAEAAA66B7B28EAC8555CA760.udd" 747
"C:/Users/Remi/AppData/Local/UnrealEngine/Common/DerivedDataCache/0/2/3/TEXTURE_814DCC3DC72143F49509781513CB9855_RGBA8_8F68DA7846EE5B1FF2DDDC9433F817A__F325C467776FB96A53C73FDC4D90FEF3D728BB6F.udd" 748
"../../../Engine/Content/MobileResources/HUD/MobileHUDButton2_off.uasset" 749
"../../../Engine/Content/MobileResources/T_MobileControls_texture.uasset" 750
"../../../Engine/Content/MobileResources/HUD/T_Castle_ThumbstickOutter.uasset" 751
"C:/Users/Remi/AppData/Local/UnrealEngine/Common/DerivedDataCache/9/7/5/TEXTURE_814DCC3DC72143F49509781513CB9855_RGBA8_9F5B2DF1453DB1272733529F5E95869__9ADC6565887170B0D3E6B96EDBBEA7661DA94857.udd" 752
"../../../Engine/Content/MobileResources/HUD/LeftVirtualJoystickOnly.uasset" 753
"../../../Engine/Content/MobileResources/HUD/AnalogHat.uasset" 754
"E:/Unreal/3D-FPS/Content/UI/MainMenu.uasset" 755
"E:/Unreal/3D-FPS/Content/StarterContent/Textures/T_Wood_Pine_D.uasset" 756
"C:/Users/Remi/AppData/Local/UnrealEngine/Common/DerivedDataCache/9/3/0/MATSM_984AFA3849534FAA8491540B994BD32E_GLSL_ES2_WEBGL_3857__BC5N_DEV_SL_NODBUF__CAB6BAC889DE8C580409F8F1E475F39BA99E1F39.udd" 757
"C:/Users/Remi/AppData/Local/UnrealEngine/Common/DerivedDataCache/3/0/9/MATSM_984AFA3849534FAA8491540B994BD32E_GLSL_ES2_WEBGL_3857__BC5N_DEV_SL_NODBUF__14B46AC6F7BF24F1C4894E33A3A954E60F90B332.udd" 758
"C:/Users/Remi/AppData/Local/UnrealEngine/Common/DerivedDataCache/2/4/5/MATSM_984AFA3849534FAA8491540B994BD32E_GLSL_ES2_WEBGL_3857__BC5N_DEV_SL_NODBUF__EC0D2AE26E325C03505FDDBB0D08EAFF2494FA4F.udd" 759
"C:/Users/Remi/AppData/Local/UnrealEngine/Common/DerivedDataCache/4/2/5/MATSM_984AFA3849534FAA8491540B994BD32E_GLSL_ES2_WEBGL_3857__BC5N_DEV_SL_NODBUF__DFDA257CF4C165DDA3265414C315BB099379D77D.udd" 760
"C:/Users/Remi/AppData/Local/UnrealEngine/Common/DerivedDataCache/5/5/3/MATSM_984AFA3849534FAA8491540B994BD32E_GLSL_ES2_WEBGL_3857__BC5N_DEV_SL_NODBUF__244FB16882AA443487231BA26AC6193E54355C54.udd" 761
"C:/Users/Remi/AppData/Local/UnrealEngine/Common/DerivedDataCache/1/0/4/MATSM_984AFA3849534FAA8491540B994BD32E_GLSL_ES2_WEBGL_3857__BC5N_DEV_SL_NODBUF__C9EAEDD2F0BE6B82CBEC3E99FEE58516C075A017.udd" 762
"C:/Users/Remi/AppData/Local/UnrealEngine/Common/DerivedDataCache/5/7/7/MATSM_984AFA3849534FAA8491540B994BD32E_GLSL_ES2_WEBGL_3857__BC5N_DEV_SL_NODBUF__49A97DA573160C7EF835314729D88134022DB14B.udd" 763
"C:/Users/Remi/AppData/Local/UnrealEngine/Common/DerivedDataCache/0/7/4/MATSM_984AFA3849534FAA8491540B994BD32E_GLSL_ES2_WEBGL_3857__BC5N_DEV_SL_NODBUF__66C6BDB595D49C69D45F87F0A34DF735B2536C2E.udd" 764
"C:/Users/Remi/AppData/Local/UnrealEngine/Common/DerivedDataCache/2/2/4/MATSM_984AFA3849534FAA8491540B994BD32E_GLSL_ES2_WEBGL_3857__BC5N_DEV_SL_NODBUF__1925CDE89FD2CF0E93ED39862FB6A8D947E97BDF.udd" 765
"C:/Users/Remi/AppData/Local/UnrealEngine/Common/DerivedDataCache/9/5/1/MATSM_984AFA3849534FAA8491540B994BD32E_GLSL_ES2_WEBGL_3857__BC5N_DEV_SL_NODBUF__596C0FD24291D4BEEA64E4C3B0C104A5A5B7A584.udd" 766
"C:/Users/Remi/AppData/Local/UnrealEngine/Common/DerivedDataCache/1/8/6/MATSM_984AFA3849534FAA8491540B994BD32E_GLSL_ES2_WEBGL_3857__BC5N_DEV_SL_NODBUF__E13515F70E6441E3F87562A99823F69D7C10441D.udd" 767
"E:/Unreal/3D-FPS/Content/Levels/Main.umap" 768
"../../../Engine/Content/Maps/Entry.umap" 769
"../../../Engine/Content/EngineMaterials/DefaultNormal.uasset" 770
"C:/Users/Remi/AppData/Local/UnrealEngine/Common/DerivedDataCache/3/4/1/TEXTURE_814DCC3DC72143F49509781513CB9855_RGBA8_BD2910D742B4B4778E3374B97767851__E69EE508FA94BF3EEE67C83922A88EFE39DBAF6C.udd" 771
"../../../Engine/Content/MobileResources/HUD/MobileHUDButton1_on.uasset" 772
"E:/Unreal/3D-FPS/Content/UI/NewWidgetBlueprint.uasset" 773
"../../../Engine/Content/MobileResources/HUD/T_Castle_ThumbstickInner.uasset" 774
"C:/Users/Remi/AppData/Local/UnrealEngine/Common/DerivedDataCache/8/8/2/TEXTURE_814DCC3DC72143F49509781513CB9855_RGBA8_A4535AA24BB699361857049E2A844B2__392B86882A1FAA09C71BFBD25E66F43BF069C1AA.udd" 775
"../../../Engine/Content/MobileResources/HUD/MobileHUDDirectionPad2.uasset" 776
"../../../Engine/Content/MobileResources/HUD/MobileHUDDirectionPad.uasset" 777
"../../../Engine/Content/MobileResources/HUD/MobileHUDButton1_off.uasset" 778
"../../../Engine/Content/MobileResources/HUD/MobileHUDDirectionPad3.uasset" 779
"../../../Engine/Content/MobileResources/HUD/MobileHUDButtonFire.uasset" 780
"../../../Engine/Content/MobileResources/T_MobileMenu2.uasset" 781
"../../../Engine/Content/MobileResources/HUD/MobileHUDButton2_on.uasset" 782
"../../../Engine/Content/MobileResources/HUD/MobileHUDButton3.uasset" 783
"../../../Engine/Content/MobileResources/HUD/MobileHUDDirectionStick.uasset" 784
"C:/Users/Remi/AppData/Local/UnrealEngine/Common/DerivedDataCache/9/5/2/AUDIO_0002_0000_OGG_0001_632D1B9A4FC93D9537554A9FD1692204.udd" 785
"..\..\..\Engine\Content\Internationalization\icudt53l\windowsZones.res" 786
"..\..\..\Engine\Content\Internationalization\icudt53l\zoneinfo64.res" 787
"..\..\..\Engine\Content\Internationalization\icudt53l\keyTypeData.res" 788
"..\..\..\Engine\Content\Internationalization\icudt53l\timezoneTypes.res" 789
"..\..\..\Engine\Content\Internationalization\icudt53l\supplementalData.res" 790
"..\..\..\Engine\Content\Internationalization\icudt53l\likelySubtags.res" 791
