"../../../Engine/Content/EditorBlueprintResources/StandardMacros.uasset" 0
"../../../Engine/Content/EngineSky/C_Sky_Cloud_Color.uasset" 1
"../../../Engine/Content/EngineSky/C_Sky_Horizon_Color.uasset" 2
"../../../Engine/Content/EngineSky/C_Sky_Zenith_Color.uasset" 3
"../../../Engine/Content/EngineSky/T_Sky_Blue.uasset" 4
"../../../Engine/Content/EngineSky/T_Sky_Clouds_M.uasset" 5
"../../../Engine/Content/EngineSky/T_Sky_Stars.uasset" 6
"../../../Engine/Content/EngineSky/SM_SkySphere.uasset" 7
"../../../Engine/Content/EngineSky/M_Sky_Panning_Clouds2.uasset" 8
"../../../Engine/Content/EngineSky/BP_Sky_Sphere.uasset" 9
"../../../Tutorial/Content/Assets/Character/model1/model1_Body_Diffuse.uasset" 10
"../../../Tutorial/Content/Assets/Character/model1/model1_Body_Normal.uasset" 11
"../../../Tutorial/Content/Assets/Character/model1/model1_Body_Specular.uasset" 12
"../../../Tutorial/Content/Assets/Character/model1/Bodymat.uasset" 13
"../../../Tutorial/Content/Assets/Character/model1/model1_Bottom_Diffuse.uasset" 14
"../../../Tutorial/Content/Assets/Character/model1/model1_Bottom_Normal.uasset" 15
"../../../Tutorial/Content/Assets/Character/model1/model1_Bottom_Specular.uasset" 16
"../../../Tutorial/Content/Assets/Character/model1/Bottommat.uasset" 17
"../../../Tutorial/Content/Assets/Character/model1/model1_Hair_Diffuse.uasset" 18
"../../../Tutorial/Content/Assets/Character/model1/model1_Hair_Normal.uasset" 19
"../../../Tutorial/Content/Assets/Character/model1/model1_Hair_Specular.uasset" 20
"../../../Tutorial/Content/Assets/Character/model1/Hairmat.uasset" 21
"../../../Tutorial/Content/Assets/Character/model1/model1_Shoes_Diffuse.uasset" 22
"../../../Tutorial/Content/Assets/Character/model1/model1_Shoes_Normal.uasset" 23
"../../../Tutorial/Content/Assets/Character/model1/model1_Shoes_Specular.uasset" 24
"../../../Tutorial/Content/Assets/Character/model1/Shoesmat.uasset" 25
"../../../Tutorial/Content/Assets/Character/model1/model1_Top_Diffuse.uasset" 26
"../../../Tutorial/Content/Assets/Character/model1/model1_Top_Normal.uasset" 27
"../../../Tutorial/Content/Assets/Character/model1/model1_Top_Specular.uasset" 28
"../../../Tutorial/Content/Assets/Character/model1/Topmat.uasset" 29
"../../../Tutorial/Content/Assets/Character/model1/model1_PhysicsAsset.uasset" 30
"../../../Tutorial/Content/Assets/Character/model1/model1.uasset" 31
"../../../Tutorial/Content/Assets/Props/weapons/weapon_heavy_rifle/defaultMat.uasset" 32
"../../../Tutorial/Content/Assets/Props/bullet/bullet1/Gold_1_faked_ref.uasset" 33
"../../../Tutorial/Content/Assets/Props/bullet/bullet1/Metal_Chrome.uasset" 34
"../../../Tutorial/Content/Assets/Props/bullet/bullet1/projektil.uasset" 35
"../../../Tutorial/Content/Assets/Props/weapons/weapon_heavy_rifle/heavy_rifle.uasset" 36
"../../../Tutorial/Content/Assets/Character/common/m_character_skeleton.uasset" 37
"../../../Tutorial/Content/Assets/Character/common/animation/jumping.uasset" 38
"../../../Tutorial/Content/Assets/Character/common/animation/jump_end.uasset" 39
"../../../Tutorial/Content/Assets/Character/common/animation/jump_loop.uasset" 40
"../../../Tutorial/Content/Assets/Character/common/animation/pistol_jump.uasset" 41
"../../../Tutorial/Content/Assets/Character/common/animation/jump_start_pistol.uasset" 42
"../../../Tutorial/Content/Assets/Character/common/animation/pistol_idle.uasset" 43
"../../../Tutorial/Content/Assets/Character/common/animation/crouch_idle.uasset" 44
"../../../Tutorial/Content/Assets/Character/common/animation/walk_crouching_forward_right.uasset" 45
"../../../Tutorial/Content/Assets/Character/common/animation/crouch_idle_to_run.uasset" 46
"../../../Tutorial/Content/Assets/Character/common/animation/neutral_idle.uasset" 47
"../../../Tutorial/Content/Assets/Character/common/animation/running.uasset" 48
"../../../Tutorial/Content/Assets/Character/common/animation/walking.uasset" 49
"../../../Tutorial/Content/Assets/Character/common/animation/idle_to_run.uasset" 50
"../../../Tutorial/Content/Assets/Character/common/animation/rifle_run.uasset" 51
"../../../Tutorial/Content/Assets/Character/common/animation/idle_to_run_rifle.uasset" 52
"../../../Engine/Content/EditorBlueprintResources/ActorMacros.uasset" 53
"../../../Tutorial/Content/Assets/Character/model3/model3_Body_Diffuse.uasset" 54
"../../../Tutorial/Content/Assets/Character/model3/model3_Body_Normal.uasset" 55
"../../../Tutorial/Content/Assets/Character/model3/model3_Body_Specular.uasset" 56
"../../../Tutorial/Content/Assets/Character/model3/Bodymat.uasset" 57
"../../../Tutorial/Content/Assets/Character/model3/Bodymat_eyelashes.uasset" 58
"../../../Tutorial/Content/Assets/Character/model3/model3_Bottom_Diffuse.uasset" 59
"../../../Tutorial/Content/Assets/Character/model3/model3_Bottom_Normal.uasset" 60
"../../../Tutorial/Content/Assets/Character/model3/model3_Bottom_Specular.uasset" 61
"../../../Tutorial/Content/Assets/Character/model3/Bottommat.uasset" 62
"../../../Tutorial/Content/Assets/Character/model3/model3_Hair_Diffuse.uasset" 63
"../../../Tutorial/Content/Assets/Character/model3/model3_Hair_Normal.uasset" 64
"../../../Tutorial/Content/Assets/Character/model3/model3_Hair_Specular.uasset" 65
"../../../Tutorial/Content/Assets/Character/model3/Hairmat.uasset" 66
"../../../Tutorial/Content/Assets/Character/model3/model3_Mask_Diffuse.uasset" 67
"../../../Tutorial/Content/Assets/Character/model3/model3_Mask_Normal.uasset" 68
"../../../Tutorial/Content/Assets/Character/model3/model3_Mask_Specular.uasset" 69
"../../../Tutorial/Content/Assets/Character/model3/Maskmat.uasset" 70
"../../../Tutorial/Content/Assets/Character/model3/model3_Shoes_Diffuse.uasset" 71
"../../../Tutorial/Content/Assets/Character/model3/model3_Shoes_Normal.uasset" 72
"../../../Tutorial/Content/Assets/Character/model3/model3_Shoes_Specular.uasset" 73
"../../../Tutorial/Content/Assets/Character/model3/Shoesmat.uasset" 74
"../../../Tutorial/Content/Assets/Character/model3/model3_Top_Diffuse.uasset" 75
"../../../Tutorial/Content/Assets/Character/model3/model3_Top_Normal.uasset" 76
"../../../Tutorial/Content/Assets/Character/model3/model3_Top_Specular.uasset" 77
"../../../Tutorial/Content/Assets/Character/model3/Topmat.uasset" 78
"../../../Tutorial/Content/Assets/Character/model3/model3_PhysicsAsset.uasset" 79
"../../../Tutorial/Content/Assets/Character/model3/model3.uasset" 80
"../../../Tutorial/Content/Assets/Sound/character/hurt1.uasset" 81
"../../../Tutorial/Content/Assets/Sound/character/hurt2.uasset" 82
"../../../Tutorial/Content/Blueprints/CharacterBP.uasset" 83
"../../../Tutorial/Content/Assets/Character/common/m_character_anim_bp.uasset" 84
"../../../Tutorial/Content/Character/CharacterMaterial.uasset" 85
"../../../Tutorial/Content/Character/CharacterMaterial_Inst.uasset" 86
"../../../Tutorial/Content/Character/HeroTPP_PhysicsAsset.uasset" 87
"../../../Tutorial/Content/Character/HeroTPP.uasset" 88
"../../../Engine/Content/Functions/Engine_MaterialFunctions01/Texturing/DetailTexturing.uasset" 89
"../../../Tutorial/Content/Assets/Props/weapons/weapon_skorpion/D.uasset" 90
"../../../Tutorial/Content/Assets/Props/weapons/weapon_skorpion/G.uasset" 91
"../../../Tutorial/Content/Assets/Props/weapons/weapon_skorpion/N.uasset" 92
"../../../Tutorial/Content/Assets/Props/weapons/weapon_skorpion/S.uasset" 93
"../../../Tutorial/Content/Assets/Props/weapons/weapon_skorpion/default_material.uasset" 94
"../../../Tutorial/Content/Assets/Props/weapons/weapon_skorpion/skorpion.uasset" 95
"../../../Tutorial/Content/Character/HeroTPP_Skeleton.uasset" 96
"../../../Tutorial/Content/Character/Animations/Jump_End.uasset" 97
"../../../Tutorial/Content/Character/Animations/Jump_Loop.uasset" 98
"../../../Tutorial/Content/Character/Animations/Jump_Start.uasset" 99
"../../../Tutorial/Content/Character/Animations/Idle.uasset" 100
"../../../Tutorial/Content/Character/Animations/Run.uasset" 101
"../../../Tutorial/Content/Character/Animations/Walk.uasset" 102
"../../../Tutorial/Content/Character/Animations/Idle_Walk_Run.uasset" 103
"../../../Tutorial/Content/Character/CharacterAnimBP.uasset" 104
"../../../Tutorial/Content/Blueprints/PlayerStateBP.uasset" 105
"../../../Tutorial/Content/Blueprints/GameState.uasset" 106
"../../../Tutorial/Content/Blueprints/ThirdPersonController.uasset" 107
"../../../Tutorial/Content/Blueprints/bulletBP.uasset" 108
"../../../Engine/Content/Functions/Engine_MaterialFunctions01/Opacity/CameraDepthFade.uasset" 109
"../../../Engine/Content/EngineMaterials/T_Default_Material_Grid_M.uasset" 110
"../../../Engine/Content/EngineMaterials/T_Default_Material_Grid_N.uasset" 111
"../../../Engine/Content/EngineMaterials/DefaultMaterial.uasset" 112
"../../../Engine/Content/BasicShapes/Sphere.uasset" 113
"../../../Tutorial/Content/Assets/Particles/particle_flare.uasset" 114
"../../../Tutorial/Content/Assets/Particles/particle_flare_add.uasset" 115
"../../../Tutorial/Content/Assets/Particles/blaster1.uasset" 116
"../../../Tutorial/Content/Blueprints/weapons/bulletBPblaster.uasset" 117
"../../../Tutorial/Content/StarterContent/Textures/T_Dust_Particle_D.uasset" 118
"../../../Tutorial/Content/StarterContent/Particles/Materials/M_Dust_Particle.uasset" 119
"../../../Engine/Content/Functions/Engine_MaterialFunctions01/Gradient/RadialGradient.uasset" 120
"../../../Tutorial/Content/StarterContent/Particles/Materials/M_Radial_Gradient.uasset" 121
"../../../Tutorial/Content/StarterContent/Textures/T_Spark_Core.uasset" 122
"../../../Tutorial/Content/StarterContent/Particles/Materials/M_Spark.uasset" 123
"../../../Tutorial/Content/Assets/Particles/fire1.uasset" 124
"../../../Tutorial/Content/Blueprints/weapons/WeaponBlaster.uasset" 125
"../../../Tutorial/Content/Blueprints/weapons/bulletBPskorpion.uasset" 126
"../../../Tutorial/Content/StarterContent/Audio/Explosion01.uasset" 127
"../../../Tutorial/Content/StarterContent/Audio/Explosion02.uasset" 128
"../../../Tutorial/Content/StarterContent/Audio/Explosion_Cue.uasset" 129
"../../../Tutorial/Content/Blueprints/weapons/WeaponSkorpion.uasset" 130
"../../../Tutorial/Content/GameState-Game.uasset" 131
"../../../Tutorial/Content/UI/GamePlayerHud.uasset" 132
"../../../Tutorial/Content/GameMode-Game.uasset" 133
"../../../Tutorial/Content/Assets/Character/model2/model2_Body_Diffuse.uasset" 134
"../../../Tutorial/Content/Assets/Character/model2/model2_Body_Normal.uasset" 135
"../../../Tutorial/Content/Assets/Character/model2/model2_Body_Specular.uasset" 136
"../../../Tutorial/Content/Assets/Character/model2/Bodymat.uasset" 137
"../../../Tutorial/Content/Assets/Character/model2/Bodymat_eyelashes.uasset" 138
"../../../Tutorial/Content/Assets/Character/model2/model2_Bottom_Diffuse.uasset" 139
"../../../Tutorial/Content/Assets/Character/model2/model2_Bottom_Normal.uasset" 140
"../../../Tutorial/Content/Assets/Character/model2/model2_Bottom_Specular.uasset" 141
"../../../Tutorial/Content/Assets/Character/model2/Bottommat.uasset" 142
"../../../Tutorial/Content/Assets/Character/model2/model2_Hair_Diffuse.uasset" 143
"../../../Tutorial/Content/Assets/Character/model2/model2_Hair_Normal.uasset" 144
"../../../Tutorial/Content/Assets/Character/model2/model2_Hair_Specular.uasset" 145
"../../../Tutorial/Content/Assets/Character/model2/Hairmat.uasset" 146
"../../../Tutorial/Content/Assets/Character/model2/model2_Top_Diffuse.uasset" 147
"../../../Tutorial/Content/Assets/Character/model2/model2_Top_Normal.uasset" 148
"../../../Tutorial/Content/Assets/Character/model2/model2_Top_Specular.uasset" 149
"../../../Tutorial/Content/Assets/Character/model2/Topmat.uasset" 150
"../../../Tutorial/Content/Assets/Character/model2/model2_PhysicsAsset.uasset" 151
"../../../Tutorial/Content/Assets/Character/model2/model2.uasset" 152
"../../../Tutorial/Content/Blueprints/WeaponList.uasset" 153
"../../../Tutorial/Content/Assets/hud/crosshair/crosshairpack1.uasset" 154
"../../../Tutorial/Content/Assets/hud/crosshair/crosshair_mat.uasset" 155
"../../../Tutorial/Content/Assets/hud/health_bar/hud2content.uasset" 156
"../../../Tutorial/Content/Assets/hud/health_bar/hud2mask.uasset" 157
"../../../Tutorial/Content/Assets/hud/health_bar/health_bar_mat2.uasset" 158
"../../../Tutorial/Content/Assets/hud/other/hurtFX.uasset" 159
"../../../Tutorial/Content/Assets/hud/bullet/bullet2.uasset" 160
"../../../Tutorial/Content/Assets/hud/health_bar/hud2bar.uasset" 161
"../../../Tutorial/Content/Assets/hud/other/bgname.uasset" 162
"../../../Tutorial/Content/Assets/Textures/LUT/LUT_Reddish.uasset" 163
"../../../Tutorial/Content/UI/PlayerHud.uasset" 164
"../../../Tutorial/Content/Blueprints/PlayerBP.uasset" 165
"../../../Tutorial/Content/UI/GameRow.uasset" 166
"../../../Tutorial/Content/UI/GameList.uasset" 167
"../../../Tutorial/Content/Assets/menu/button.uasset" 168
"../../../Tutorial/Content/Assets/menu/button_disabled.uasset" 169
"../../../Tutorial/Content/Assets/menu/button_hover.uasset" 170
"../../../Tutorial/Content/Assets/menu/button_pressed.uasset" 171
"../../../Tutorial/Content/UI/InGameMenu.uasset" 172
"../../../Tutorial/Content/Assets/font/RobotoMono.uasset" 173
"../../../Tutorial/Content/UI/InGameScores.uasset" 174
"../../../Tutorial/Content/UI/InGameTransition.uasset" 175
"../../../Tutorial/Content/UI/InGameTransitionEnd.uasset" 176
"../../../Tutorial/Content/Assets/Materials/MenuEffect.uasset" 177
"../../../Tutorial/Content/Assets/Textures/backgroundMenu.uasset" 178
"../../../Tutorial/Content/UI/MainMenu.uasset" 179
"../../../Tutorial/Content/UI/Options.uasset" 180
"../../../Tutorial/Content/UI/Profile.uasset" 181
"../../../Tutorial/Content/Blueprints/ThirdPersonGameInstane.uasset" 182
"../../../Tutorial/Content/GameMode-Menu.uasset" 183
"../../../Engine/Content/Functions/Engine_MaterialFunctions01/Gradient/LinearGradient.uasset" 184
"../../../Engine/Content/Functions/Engine_MaterialFunctions01/ImageAdjustment/CheapContrast.uasset" 185
"../../../Engine/Content/Functions/Engine_MaterialFunctions01/Texturing/SlopeMask.uasset" 186
"../../../Engine/Content/Functions/Engine_MaterialFunctions02/Math/CreateThirdOrthogonalVector.uasset" 187
"../../../Engine/Content/Functions/Engine_MaterialFunctions02/Utility/BreakOutFloat3Components.uasset" 188
"../../../Engine/Content/Functions/Engine_MaterialFunctions02/Math/Transform3x3Matrix.uasset" 189
"../../../Engine/Content/Functions/Engine_MaterialFunctions02/Utility/BreakOutFloat2Components.uasset" 190
"../../../Engine/Content/Functions/Engine_MaterialFunctions02/Utility/MakeFloat3.uasset" 191
"../../../Engine/Content/Functions/Engine_MaterialFunctions02/ExampleContent/Textures/SphereRenderNormalsMap.uasset" 192
"../../../Engine/Content/Functions/Engine_MaterialFunctions02/WorldAlignedNormals_HighQuality.uasset" 193
"../../../Engine/Content/EngineMaterials/DefaultNormal_Uncompressed.uasset" 194
"../../../Engine/Content/Functions/Engine_MaterialFunctions01/Texturing/WorldAlignedNormal.uasset" 195
"../../../Engine/Content/EngineMaterials/DefaultDiffuse.uasset" 196
"../../../Engine/Content/Functions/Engine_MaterialFunctions01/Texturing/WorldAlignedTexture.uasset" 197
"../../../Engine/Content/Functions/MaterialLayerFunctions/MatLayerBlend_Standard.uasset" 198
"../../../Tutorial/Content/Assets/Textures/Terrain/T_Dirt_D.uasset" 199
"../../../Tutorial/Content/Assets/Textures/Terrain/T_Dirt_N.uasset" 200
"../../../Tutorial/Content/Assets/Materials/DirtMaterialFunction.uasset" 201
"../../../Tutorial/Content/Assets/Textures/Terrain/T_Grass01_D.uasset" 202
"../../../Tutorial/Content/Assets/Textures/Terrain/T_Grass02_D.uasset" 203
"../../../Tutorial/Content/Assets/Textures/Terrain/T_Ground_Grass_D.uasset" 204
"../../../Tutorial/Content/Assets/Textures/Terrain/T_Ground_Grass_N.uasset" 205
"../../../Tutorial/Content/Assets/Textures/Terrain/T_Perlin_Noise_M.uasset" 206
"../../../Tutorial/Content/StarterContent/Textures/T_MacroVariation.uasset" 207
"../../../Tutorial/Content/Assets/Materials/GrassMaterialFunction.uasset" 208
"../../../Tutorial/Content/Assets/Textures/Terrain/T_Cliff01_D.uasset" 209
"../../../Tutorial/Content/Assets/Textures/Terrain/T_Cliff01_N.uasset" 210
"../../../Tutorial/Content/Assets/Materials/RockMaterialFunction.uasset" 211
"../../../Tutorial/Content/Assets/Materials/Landscape_Material2.uasset" 212
"../../../Tutorial/Content/Assets/Materials/Landscape_Material2_Inst.uasset" 213
"../../../Engine/Content/EngineMaterials/DefaultPhysicalMaterial.uasset" 214
"../../../Tutorial/Content/StarterContent/Textures/T_Fire_SubUV.uasset" 215
"../../../Tutorial/Content/StarterContent/Textures/T_Fire_Tiled_D.uasset" 216
"../../../Tutorial/Content/StarterContent/Particles/Materials/M_Fire_SubUV.uasset" 217
"../../../Tutorial/Content/StarterContent/Textures/T_Water_N.uasset" 218
"../../../Tutorial/Content/StarterContent/Particles/Materials/M_Heat_Distortion.uasset" 219
"../../../Tutorial/Content/StarterContent/Textures/T_Smoke_SubUV.uasset" 220
"../../../Tutorial/Content/StarterContent/Textures/T_Smoke_Tiled_D.uasset" 221
"../../../Tutorial/Content/StarterContent/Particles/Materials/M_smoke_subUV.uasset" 222
"../../../Tutorial/Content/StarterContent/Particles/P_Fire.uasset" 223
"../../../Tutorial/Content/Maps/ProfileMap.umap" 224
"../../../Tutorial/Content/Assets/menu/character/character_unknow.uasset" 225
"../../../Tutorial/Content/Assets/menu/character/model1_final.uasset" 226
"../../../Tutorial/Content/Assets/menu/character/model2_final.uasset" 227
"../../../Tutorial/Content/UI/ProfileMenu.uasset" 228
"../../../Tutorial/Content/Maps/Profile.umap" 229
"../../../Engine/Content/EditorLandscapeResources/DataLayer.uasset" 230
"../../../Tutorial/Content/InfinityBladeIceLands/Environments/Ice/Env_Ice_Ground/Textures/T_Ice_Ground_Rock01_D.uasset" 231
"../../../Tutorial/Content/InfinityBladeIceLands/Environments/Ice/Env_Ice_Ground/Textures/T_Ice_Ground_Rock01_N.uasset" 232
"../../../Tutorial/Content/InfinityBladeIceLands/Environments/Ice/Env_Ice_Ground/Materials/M_Ice_Ground_Rock01.uasset" 233
"../../../Tutorial/Content/InfinityBladeIceLands/Environments/Ice/Env_Ice_Terrain/Textures/T_Env_Ice_Ground_Rock_1_D.uasset" 234
"../../../Tutorial/Content/InfinityBladeIceLands/Environments/Ice/Env_Ice_Terrain/Textures/T_Env_Ice_Ground_Rock_1_N.uasset" 235
"../../../Tutorial/Content/InfinityBladeIceLands/Environments/Ice/Env_Ice_Terrain/Materials/M_Env_Ice_Ground_Rock_1.uasset" 236
"../../../Tutorial/Content/InfinityBladeIceLands/Environments/Ice/Env_Ice_Terrain/Textures/T_Env_Ice_Ground_Rock_2_N.uasset" 237
"../../../Tutorial/Content/InfinityBladeIceLands/Environments/Ice/Env_Ice_Terrain/Textures/T_Ice_Crystal_D_02.uasset" 238
"../../../Tutorial/Content/InfinityBladeIceLands/Environments/Ice/Env_Ice_Terrain/Textures/T_LS_Grass_01_D.uasset" 239
"../../../Tutorial/Content/InfinityBladeIceLands/Environments/Ice/Env_Ice_Terrain/Textures/T_SnowTop_N.uasset" 240
"../../../Tutorial/Content/InfinityBladeIceLands/Environments/Ice/Env_Ice_Terrain/Materials/M_Ice_VertPaint.uasset" 241
"../../../Tutorial/Content/InfinityBladeIceLands/Environments/Ice/Env_Ice_Terrain/Textures/T_Env_Ice_Snow_Dirty_D.uasset" 242
"../../../Tutorial/Content/InfinityBladeIceLands/Environments/Ice/Env_Ice_Terrain/Textures/T_Env_Icy_Snow_D.uasset" 243
"../../../Tutorial/Content/InfinityBladeIceLands/Environments/Ice/Env_Ice_Terrain/Textures/T_Env_Snow_N.uasset" 244
"../../../Tutorial/Content/InfinityBladeIceLands/Environments/Ice/EXO_MountainSide/Textures/T_SoftSnow.uasset" 245
"../../../Tutorial/Content/Assets/Materials/SnowMaterialFunction.uasset" 246
"../../../Tutorial/Content/Assets/Materials/Landscape_Snow_Material.uasset" 247
"../../../Tutorial/Content/Assets/Materials/Landscape_Snow_Material_Inst.uasset" 248
"../../../Engine/Content/EngineMaterials/WorldGridMaterial.uasset" 249
"../../../Engine/Content/BasicShapes/Cube.uasset" 250
"../../../Tutorial/Content/InfinityBladeIceLands/Effects/FX_Textures/Clouds/T_FogPlane01_Clouds.uasset" 251
"../../../Engine/Content/Functions/Engine_MaterialFunctions01/WorldPositionOffset/SimpleGrassWind.uasset" 252
"../../../Tutorial/Content/InfinityBladeIceLands/Environments/Ice/DR_Ice_Mountain/Textures/T_Snow_Snowy_Bush.uasset" 253
"../../../Tutorial/Content/InfinityBladeIceLands/Environments/Ice/DR_Ice_Mountain/Materials/M_Snowy_Bush.uasset" 254
"../../../Tutorial/Content/InfinityBladeIceLands/Environments/Ice/DR_Ice_Mountain/StaticMesh/SM_Snowy_Bush_Black.uasset" 255
"../../../Tutorial/Content/InfinityBladeIceLands/Environments/Ice/Env_Ice_Cliffs/Textures/T_Env_Ice_Cliffs_TilingCliffWall_D.uasset" 256
"../../../Tutorial/Content/InfinityBladeIceLands/Environments/Ice/Env_Ice_Cliffs/Textures/T_Env_Ice_Cliffs_TilingCliffWall_N.uasset" 257
"../../../Tutorial/Content/InfinityBladeIceLands/Environments/Ice/Env_Ice_Cliffs/Materials/M_Env_Ice_Cliffs_TilingCliffWall.uasset" 258
"../../../Tutorial/Content/InfinityBladeIceLands/Environments/Ice/Env_Ice_Cliffs/StaticMesh/SM_Env_Ice_Cliffs_CliffWall_03b.uasset" 259
"../../../Tutorial/Content/InfinityBladeIceLands/Environments/Ice/Env_Ice_Cliffs/StaticMesh/SM_Env_Ice_Cliffs_CliffWall_06c.uasset" 260
"../../../Tutorial/Content/InfinityBladeIceLands/Environments/Ice/Env_Ice_Deco2/Textures/T_Env_Ice_Crystals_D.uasset" 261
"../../../Tutorial/Content/InfinityBladeIceLands/Environments/Ice/Env_Ice_Deco2/Textures/T_Env_Ice_Crystals_N.uasset" 262
"../../../Tutorial/Content/InfinityBladeIceLands/Environments/Ice/Env_Ice_Deco2/Materials/M_Env_Ice_Crystals.uasset" 263
"../../../Tutorial/Content/InfinityBladeIceLands/Environments/Ice/Env_Ice_Deco2/StaticMesh/SM_Env_Ice_Crystals.uasset" 264
"../../../Tutorial/Content/InfinityBladeIceLands/Environments/Ice/Env_Ice_Deco2/Textures/T_Env_Ice_Deco2_Statue2.uasset" 265
"../../../Tutorial/Content/InfinityBladeIceLands/Environments/Ice/Env_Ice_Deco2/Textures/T_Env_Ice_Deco2_Statue2_N.uasset" 266
"../../../Tutorial/Content/InfinityBladeIceLands/Environments/Ice/Env_Ice_Deco2/Materials/M_Env_Ice_Deco2_Statue2.uasset" 267
"../../../Tutorial/Content/InfinityBladeIceLands/Environments/Ice/Env_Ice_Deco2/StaticMesh/SM_Env_Ice_Deco2_Statue2.uasset" 268
"../../../Tutorial/Content/InfinityBladeIceLands/Environments/Ice/Env_Ice_Deco2/Textures/T_Env_Ice_Deco2_Statue1_D.uasset" 269
"../../../Tutorial/Content/InfinityBladeIceLands/Environments/Ice/Env_Ice_Deco2/Textures/T_Env_Ice_Deco2_Statue1_N.uasset" 270
"../../../Tutorial/Content/InfinityBladeIceLands/Environments/Ice/Env_Ice_Deco2/Materials/M_Env_Ice_Deco2_Sculpture.uasset" 271
"../../../Tutorial/Content/InfinityBladeIceLands/Environments/Ice/Env_Ice_Deco2/StaticMesh/SM_Env_Ice_Deco2_Statue3.uasset" 272
"../../../Tutorial/Content/InfinityBladeIceLands/Environments/Ice/Env_Ice_Foliage/Textures/T_Env_Ice_Foliage_DeadStump_D.uasset" 273
"../../../Tutorial/Content/InfinityBladeIceLands/Environments/Ice/Env_Ice_Foliage/Textures/T_Env_Ice_Foliage_DeadStump_N.uasset" 274
"../../../Tutorial/Content/InfinityBladeIceLands/Environments/Ice/Env_Ice_Foliage/Materials/M_Env_Ice_Foliage_DeadStump.uasset" 275
"../../../Tutorial/Content/InfinityBladeIceLands/Environments/Ice/Env_Ice_Foliage/StaticMesh/SM_Env_Ice_Foliage_DeadStump_01.uasset" 276
"../../../Tutorial/Content/InfinityBladeIceLands/Environments/Ice/Env_Ice_Foliage/StaticMesh/SM_Env_Ice_Foliage_DeadStump_03.uasset" 277
"../../../Tutorial/Content/InfinityBladeIceLands/Environments/Ice/Env_Ice_Foliage/Textures/T_ENV_Ice_Foliage_PineLeaf_D.uasset" 278
"../../../Tutorial/Content/InfinityBladeIceLands/Environments/Ice/Env_Ice_Foliage/Textures/T_ENV_Ice_Foliage_PineLeaf_N.uasset" 279
"../../../Tutorial/Content/InfinityBladeIceLands/Environments/Ice/Env_Ice_Foliage/Materials/M_ENV_Ice_Foliage_PineLeaf.uasset" 280
"../../../Tutorial/Content/InfinityBladeIceLands/Environments/Ice/Env_Ice_Foliage/StaticMesh/SM_ENV_Ice_Foliage_PineTree_01.uasset" 281
"../../../Tutorial/Content/InfinityBladeIceLands/Environments/Ice/Env_Ice_Foliage/Textures/T_EX_EnvAssets_PineTree1_D.uasset" 282
"../../../Tutorial/Content/InfinityBladeIceLands/Environments/Ice/Env_Ice_Foliage/Textures/T_EX_EnvAssets_PineTree1_D_NRM.uasset" 283
"../../../Tutorial/Content/InfinityBladeIceLands/Environments/Ice/Env_Ice_Foliage/Materials/M_Snowy_Trees.uasset" 284
"../../../Tutorial/Content/InfinityBladeIceLands/Environments/Ice/Env_Ice_Foliage/StaticMesh/SM_EX_EnvAssets_Pine1.uasset" 285
"../../../Tutorial/Content/InfinityBladeIceLands/Environments/Ice/Env_Ice_Foliage/StaticMesh/SM_EX_EnvAssets_Pine2.uasset" 286
"../../../Tutorial/Content/InfinityBladeIceLands/Environments/Ice/Env_Ice_Foliage/StaticMesh/SM_Snowy_Pine_Ever.uasset" 287
"../../../Tutorial/Content/InfinityBladeIceLands/Environments/Ice/Env_Ice_Graveyard/Textures/T_Env_Ice_Graveyard_Stone_D.uasset" 288
"../../../Tutorial/Content/InfinityBladeIceLands/Environments/Ice/Env_Ice_Graveyard/Textures/T_Env_Ice_Graveyard_Stone_N.uasset" 289
"../../../Tutorial/Content/InfinityBladeIceLands/Environments/Ice/Env_Ice_Graveyard/Materials/M_Env_Ice_Graveyard_Stone01.uasset" 290
"../../../Tutorial/Content/InfinityBladeIceLands/Environments/Ice/Env_Ice_Graveyard/StaticMesh/SM_Env_Ice_Graveyard_Sarcophagus01.uasset" 291
"../../../Tutorial/Content/InfinityBladeIceLands/Environments/Ice/Env_Ice_Graveyard/StaticMesh/SM_Env_Ice_Graveyard_Stone01.uasset" 292
"../../../Tutorial/Content/InfinityBladeIceLands/Environments/Ice/Env_Ice_Graveyard/StaticMesh/SM_Env_Ice_Graveyard_Stone02.uasset" 293
"../../../Tutorial/Content/InfinityBladeIceLands/Environments/Ice/Env_Ice_Graveyard/StaticMesh/SM_Env_Ice_Graveyard_StoneGroup.uasset" 294
"../../../Tutorial/Content/InfinityBladeIceLands/Environments/Ice/Env_Ice_Graveyard/StaticMesh/SM_Env_Ice_Graveyard_Wood01.uasset" 295
"../../../Tutorial/Content/InfinityBladeIceLands/Environments/Ice/Env_Ice_Graveyard/StaticMesh/SM_Env_Ice_Graveyard_WoodGroup.uasset" 296
"../../../Tutorial/Content/InfinityBladeIceLands/Environments/Ice/Env_Ice_Ground/Textures/T_Snow_Leaves_Dead.uasset" 297
"../../../Tutorial/Content/InfinityBladeIceLands/Environments/Ice/Env_Ice_Ground/Materials/M_Snowy_Dead_Leaves.uasset" 298
"../../../Tutorial/Content/InfinityBladeIceLands/Environments/Ice/Env_Ice_Ground/StaticMesh/SM_Snowy_Dead_Leaves.uasset" 299
"../../../Tutorial/Content/InfinityBladeIceLands/Environments/Ice/Env_Ice_Mountain/Textures/T_RopeBridge_D.uasset" 300
"../../../Tutorial/Content/InfinityBladeIceLands/Environments/Ice/Env_Ice_Mountain/Textures/T_RopeBridge_N.uasset" 301
"../../../Tutorial/Content/InfinityBladeIceLands/Environments/Ice/Env_Ice_Mountain/Materials/M_RopeBridge.uasset" 302
"../../../Tutorial/Content/InfinityBladeIceLands/Environments/Ice/Env_Ice_Mountain/StaticMesh/SM_ICE_Outside_Cliff_Bridges01.uasset" 303
"../../../Tutorial/Content/InfinityBladeIceLands/Environments/Ice/Env_Ice_MountainPaths/Textures/T_Env_Ice_Cliffs_TilingStone_01_Snow_D.uasset" 304
"../../../Tutorial/Content/InfinityBladeIceLands/Environments/Ice/Env_Ice_MountainPaths/Textures/T_Env_Ice_Cliffs_TilingStone_01_Snow_N.uasset" 305
"../../../Tutorial/Content/InfinityBladeIceLands/Environments/Ice/Env_Ice_MountainPaths/Materials/M_Env_Ice_Cliffs_TilingStone_01_Snow.uasset" 306
"../../../Tutorial/Content/InfinityBladeIceLands/Environments/Ice/Env_Ice_MountainPaths/Textures/T_Digsite_Snow_D.uasset" 307
"../../../Tutorial/Content/InfinityBladeIceLands/Environments/Ice/Env_Ice_MountainPaths/Materials/M_Snowy_Digsite.uasset" 308
"../../../Tutorial/Content/InfinityBladeIceLands/Environments/Ice/Env_Ice_MountainPaths/Textures/T_Snow_Rocky_Rocks_Brighter.uasset" 309
"../../../Tutorial/Content/InfinityBladeIceLands/Environments/Ice/Env_Ice_MountainPaths/Textures/T_Snow_Rocky_Rocks_NRM.uasset" 310
"../../../Tutorial/Content/InfinityBladeIceLands/Environments/Ice/Env_Ice_MountainPaths/Materials/M_Snowy_Rocky_Ground.uasset" 311
"../../../Tutorial/Content/InfinityBladeIceLands/Environments/Ice/Env_Ice_MountainPaths/StaticMesh/SM_Mountain_DeadEnd_Dig_2x1_A.uasset" 312
"../../../Tutorial/Content/InfinityBladeIceLands/Environments/Ice/Env_Ice_MountainPaths/StaticMesh/SM_Mountain_Offshoot_1x2_A.uasset" 313
"../../../Tutorial/Content/InfinityBladeIceLands/Environments/Ice/Env_Ice_MountainPaths/StaticMesh/SM_Mountain_Straight_C.uasset" 314
"../../../Tutorial/Content/InfinityBladeIceLands/Environments/Ice/Env_Ice_MountainPaths/StaticMesh/SM_Mountain_Straight_Dig_A2.uasset" 315
"../../../Tutorial/Content/InfinityBladeIceLands/Environments/Ice/Env_Ice_MountainPaths/StaticMesh/SM_Mountain_Straight_Dig_A_TallRock.uasset" 316
"../../../Tutorial/Content/InfinityBladeIceLands/Environments/Ice/Env_Ice_MountainPaths/StaticMesh/SM_Mountain_Straight_Dig_B.uasset" 317
"../../../Tutorial/Content/InfinityBladeIceLands/Environments/Ice/EX_Env_Ice_1/Textures/T_Log_Barriers_N.uasset" 318
"../../../Tutorial/Content/InfinityBladeIceLands/Environments/Ice/EX_Env_Ice_1/Textures/T_Log_Barriers_Snow_D.uasset" 319
"../../../Tutorial/Content/InfinityBladeIceLands/Environments/Ice/EX_Env_Ice_1/Materials/M_Log_Spikes_Snow.uasset" 320
"../../../Tutorial/Content/InfinityBladeIceLands/Environments/Ice/EX_Env_Ice_1/StaticMesh/SM_Log_Spikes_1.uasset" 321
"../../../Tutorial/Content/InfinityBladeIceLands/Environments/Ice/EX_Env_Ice_1/StaticMesh/SM_Log_Spikes_3.uasset" 322
"../../../Tutorial/Content/InfinityBladeIceLands/Environments/Ice/EX_EnvAssets/Textures/T_Env_Ice_Deco2_Statue1_D.uasset" 323
"../../../Tutorial/Content/InfinityBladeIceLands/Environments/Ice/EX_EnvAssets/Textures/T_Env_Ice_Deco2_Statue2_N.uasset" 324
"../../../Tutorial/Content/InfinityBladeIceLands/Environments/Ice/EX_EnvAssets/Materials/M_Env_Ice_Deco2_Sculpture.uasset" 325
"../../../Tutorial/Content/InfinityBladeIceLands/Environments/Ice/EX_EnvAssets/Meshes/S_Env_Ice_Deco2_Statue4.uasset" 326
"../../../Tutorial/Content/InfinityBladeIceLands/Environments/Ice/EX_EnvAssets/Textures/Diffuse.uasset" 327
"../../../Tutorial/Content/InfinityBladeIceLands/Environments/Ice/EX_EnvAssets/Textures/T_EX_EnvAssets_Pots_N.uasset" 328
"../../../Tutorial/Content/InfinityBladeIceLands/Environments/Ice/EX_EnvAssets/Materials/M_EX_EnvAssets_Pots.uasset" 329
"../../../Tutorial/Content/InfinityBladeIceLands/Environments/Ice/EX_EnvAssets/Meshes/S_EX_EnvAssets_Pots.uasset" 330
"../../../Tutorial/Content/InfinityBladeIceLands/Environments/Ice/EX_EnvAssets/Textures/T_EX_EnvAssets_Skulls_D.uasset" 331
"../../../Tutorial/Content/InfinityBladeIceLands/Environments/Ice/EX_EnvAssets/Textures/T_EX_EnvAssets_Skulls_N.uasset" 332
"../../../Tutorial/Content/InfinityBladeIceLands/Environments/Ice/EX_EnvAssets/Materials/M_EX_EnvAssets_skulls.uasset" 333
"../../../Tutorial/Content/InfinityBladeIceLands/Environments/Ice/EX_EnvAssets/Meshes/S_EX_EnvAssets_Skull2.uasset" 334
"../../../Tutorial/Content/InfinityBladeIceLands/Environments/Ice/EX_EnvAssets/Textures/T_EnvAssets_Assets1_D.uasset" 335
"../../../Tutorial/Content/InfinityBladeIceLands/Environments/Ice/EX_EnvAssets/Textures/T_EnvAssets_Assets1_N.uasset" 336
"../../../Tutorial/Content/InfinityBladeIceLands/Environments/Ice/EX_EnvAssets/Materials/M_EnvAssets_Assets1.uasset" 337
"../../../Tutorial/Content/InfinityBladeIceLands/Environments/Ice/EX_EnvAssets/Meshes/SM_EnvAssets_Log.uasset" 338
"../../../Tutorial/Content/InfinityBladeIceLands/Environments/Ice/EX_EnvAssets/Meshes/SM_EnvAssets_Stump.uasset" 339
"../../../Tutorial/Content/InfinityBladeIceLands/Environments/Ice/EX_EnvAssets/Textures/T_EX_EnvAssets_EXGroup_D.uasset" 340
"../../../Tutorial/Content/InfinityBladeIceLands/Environments/Ice/EX_EnvAssets/Textures/T_EX_EnvAssets_EXGroup_N.uasset" 341
"../../../Tutorial/Content/InfinityBladeIceLands/Environments/Ice/EX_EnvAssets/Materials/M_EX_EnvAssets_Livables1.uasset" 342
"../../../Tutorial/Content/InfinityBladeIceLands/Environments/Ice/EX_EnvAssets/Meshes/SM_EX_EnvAssets_bucket.uasset" 343
"../../../Tutorial/Content/InfinityBladeIceLands/Environments/Ice/EX_EnvAssets/Meshes/SM_EX_EnvAssets_firepit.uasset" 344
"../../../Tutorial/Content/InfinityBladeIceLands/Environments/Ice/EX_EnvAssets/Textures/T_EX_EnvAssets_PineTree1_D.uasset" 345
"../../../Tutorial/Content/InfinityBladeIceLands/Environments/Ice/EX_EnvAssets/Textures/T_EX_EnvAssets_PineTree1_M.uasset" 346
"../../../Tutorial/Content/InfinityBladeIceLands/Environments/Ice/EX_EnvAssets/Materials/SM_EX_EnvAssets_PineTree.uasset" 347
"../../../Tutorial/Content/InfinityBladeIceLands/Environments/Ice/EX_EnvAssets/Meshes/SM_EX_EnvAssets_Pine1.uasset" 348
"../../../Tutorial/Content/InfinityBladeIceLands/Environments/Ice/EX_EnvAssets/Meshes/SM_EX_EnvAssets_Pine2.uasset" 349
"../../../Tutorial/Content/InfinityBladeIceLands/Environments/Ice/EX_EnvAssets/Textures/T_EX_EnvAssets_PineTree1Snow_D.uasset" 350
"../../../Tutorial/Content/InfinityBladeIceLands/Environments/Ice/EX_EnvAssets/Textures/T_EX_EnvAssets_PineTree1Snow_M.uasset" 351
"../../../Tutorial/Content/InfinityBladeIceLands/Environments/Ice/EX_EnvAssets/Materials/M_PineTree_02.uasset" 352
"../../../Tutorial/Content/InfinityBladeIceLands/Environments/Ice/EX_EnvAssets/Meshes/SM_EX_EnvAssets_Pine3.uasset" 353
"../../../Tutorial/Content/InfinityBladeIceLands/Environments/Ice/EX_EnvAssets/Textures/T_EX_EnvAssets_Skeleton_D.uasset" 354
"../../../Tutorial/Content/InfinityBladeIceLands/Environments/Ice/EX_EnvAssets/Textures/T_EX_EnvAssets_Skeleton_N.uasset" 355
"../../../Tutorial/Content/InfinityBladeIceLands/Environments/Ice/EX_EnvAssets/Materials/M_EX_EnvAssets_Skeleton.uasset" 356
"../../../Tutorial/Content/InfinityBladeIceLands/Environments/Ice/EX_EnvAssets/Meshes/SM_EX_EnvAssets_Skeleton.uasset" 357
"../../../Tutorial/Content/InfinityBladeIceLands/Environments/Ice/EX_EnvAssets/Meshes/SM_EX_EnvAssets_Skeleton2_NOLIGHTMAPSYET.uasset" 358
"../../../Tutorial/Content/InfinityBladeIceLands/Environments/Ice/EX_EnvAssets/Meshes/SM_EX_EnvAssets_Well.uasset" 359
"../../../Tutorial/Content/InfinityBladeIceLands/Environments/Ice/EXO_MountainSide/Textures/T_FlameDungeon_Cliffside01_N.uasset" 360
"../../../Tutorial/Content/InfinityBladeIceLands/Environments/Ice/EXO_MountainSide/Textures/T_FlameDungeon_Cliffside01_SNOW_D.uasset" 361
"../../../Tutorial/Content/InfinityBladeIceLands/Environments/Ice/EXO_MountainSide/Textures/T_FlameDungeon_Cliffside_Tile_Snow_D.uasset" 362
"../../../Tutorial/Content/InfinityBladeIceLands/Environments/Ice/EXO_MountainSide/Materials/M_IceMountain_CliffSide_SnowBlend.uasset" 363
"../../../Tutorial/Content/InfinityBladeIceLands/Environments/Ice/EXO_MountainSide/StaticMesh/SM_ICE_Outside_JaggedCliff05.uasset" 364
"../../../Tutorial/Content/InfinityBladeIceLands/Environments/Ice/EXO_MountainSide/Textures/T_EXO_Landscape_Snow01_D.uasset" 365
"../../../Tutorial/Content/InfinityBladeIceLands/Environments/Ice/EXO_MountainSide/Textures/T_Gate01_Snowmask.uasset" 366
"../../../Tutorial/Content/InfinityBladeIceLands/Environments/Ice/EXO_MountainSide/Textures/T_GatePillar_D.uasset" 367
"../../../Tutorial/Content/InfinityBladeIceLands/Environments/Ice/EXO_MountainSide/Textures/T_GatePillar_N.uasset" 368
"../../../Tutorial/Content/InfinityBladeIceLands/Environments/Ice/EXO_MountainSide/Materials/M_GateStone_SnowBlend.uasset" 369
"../../../Tutorial/Content/InfinityBladeIceLands/Environments/Ice/EXO_MountainSide/StaticMesh/SM_ICE_Outside_MountainGate.uasset" 370
"../../../Tutorial/Content/InfinityBladeIceLands/Environments/Ice/EXO_RockyRuins/Textures/T_statue01_D.uasset" 371
"../../../Tutorial/Content/InfinityBladeIceLands/Environments/Ice/EXO_RockyRuins/Textures/T_statue01_N.uasset" 372
"../../../Tutorial/Content/InfinityBladeIceLands/Environments/Ice/EXO_RockyRuins/Materials/M_Stone_Statue01.uasset" 373
"../../../Tutorial/Content/InfinityBladeIceLands/Environments/Ice/EXO_RockyRuins/StaticMesh/SM_Statue01.uasset" 374
"../../../Tutorial/Content/InfinityBladeIceLands/Environments/Ice/Ice_Fortress/Textures/T_Ice_Fort_Trim_1_D.uasset" 375
"../../../Tutorial/Content/InfinityBladeIceLands/Environments/Ice/Ice_Fortress/Textures/T_Ice_Fort_Trim_1_N.uasset" 376
"../../../Tutorial/Content/InfinityBladeIceLands/Environments/Ice/Ice_Fortress/Textures/T_Snow_Ice_Generic.uasset" 377
"../../../Tutorial/Content/InfinityBladeIceLands/Environments/Ice/Ice_Fortress/Textures/T_Snow_Ice_Generic_NRM.uasset" 378
"../../../Tutorial/Content/InfinityBladeIceLands/Environments/Ice/Ice_Fortress/Materials/M_Ice_Fort_Trim_1_SnowPaint.uasset" 379
"../../../Tutorial/Content/InfinityBladeIceLands/Environments/Ice/Ice_Fortress/StaticMesh/SM_Ice_Fort_Bricks_1.uasset" 380
"../../../Tutorial/Content/InfinityBladeIceLands/Environments/Ice/Ice_Fortress/Textures/T_Ice_Fort_Door_1_D.uasset" 381
"../../../Tutorial/Content/InfinityBladeIceLands/Environments/Ice/Ice_Fortress/Textures/T_Ice_Fort_Door_1_N.uasset" 382
"../../../Tutorial/Content/InfinityBladeIceLands/Environments/Ice/Ice_Fortress/Materials/M_Ice_Fort_Door_1_SnowPaint.uasset" 383
"../../../Tutorial/Content/InfinityBladeIceLands/Environments/Ice/Ice_Fortress/StaticMesh/SM_Ice_Fort_Door_1.uasset" 384
"../../../Tutorial/Content/InfinityBladeIceLands/Environments/Ice/Ice_Fortress/Textures/T_Iron_D.uasset" 385
"../../../Tutorial/Content/InfinityBladeIceLands/Environments/Ice/Ice_Fortress/Textures/T_Iron_N.uasset" 386
"../../../Tutorial/Content/InfinityBladeIceLands/Environments/Ice/Ice_Fortress/Materials/M_Ice_Fort_Iron_Env_Map.uasset" 387
"../../../Tutorial/Content/InfinityBladeIceLands/Environments/Ice/Ice_Fortress/StaticMesh/SM_Ice_Fort_Penta_Plat_2.uasset" 388
"../../../Tutorial/Content/InfinityBladeIceLands/Environments/Ice/Ice_Fortress/Textures/T_Ice_Fort_Wall_1_D.uasset" 389
"../../../Tutorial/Content/InfinityBladeIceLands/Environments/Ice/Ice_Fortress/Textures/T_Ice_Fort_Wall_1_N.uasset" 390
"../../../Tutorial/Content/InfinityBladeIceLands/Environments/Ice/Ice_Fortress/Materials/M_Ice_Fort_Wall_1_SnowPaint.uasset" 391
"../../../Tutorial/Content/InfinityBladeIceLands/Environments/Ice/Ice_Fortress/StaticMesh/SM_Ice_Fort_Wall_1.uasset" 392
"../../../Tutorial/Content/InfinityBladeIceLands/Environments/Ice/Ice_Fortress/StaticMesh/SM_Ice_Fort_Wall_3.uasset" 393
"../../../Tutorial/Content/InfinityBladeIceLands/Environments/Misc/Exo_Deco02/Textures/T_Decos_Facade01_D.uasset" 394
"../../../Tutorial/Content/InfinityBladeIceLands/Environments/Misc/Exo_Deco02/Textures/T_Decos_Facade01_D_NRM.uasset" 395
"../../../Tutorial/Content/InfinityBladeIceLands/Environments/Misc/Exo_Deco02/Materials/M_Decos_Facade01.uasset" 396
"../../../Tutorial/Content/InfinityBladeIceLands/Environments/Misc/Exo_Deco02/StaticMesh/SM_Exo_Stone01_ChainOnly.uasset" 397
"../../../Tutorial/Content/Maps/Multiplayer-Snow-Level.umap" 398
"../../../Tutorial/Content/AI/ai1_blackboard.uasset" 399
"../../../Tutorial/Content/AI/AgroCheck_service.uasset" 400
"../../../Tutorial/Content/AI/CloseEnough_decorator.uasset" 401
"../../../Tutorial/Content/AI/RapidMoveTo_task.uasset" 402
"../../../Tutorial/Content/AI/ai1_behavior.uasset" 403
"../../../Tutorial/Content/AI/ai1_controller.uasset" 404
"../../../Tutorial/Content/AI/ai1_character.uasset" 405
"../../../Tutorial/Content/AI/ShootTargetTask.uasset" 406
"../../../Tutorial/Content/AI/ai2_behavior.uasset" 407
"../../../Tutorial/Content/AI/ai2_controller_shooter.uasset" 408
"../../../Tutorial/Content/AI/ai2_character.uasset" 409
"../../../Tutorial/Content/Blueprints/respawnablePeriodic.uasset" 410
"../../../Tutorial/Content/Blueprints/utils.uasset" 411
"../../../Tutorial/Content/Assets/GameObjects/crates/crate_tex2.uasset" 412
"../../../Tutorial/Content/Assets/GameObjects/crates/crate_heal_mat.uasset" 413
"../../../Tutorial/Content/Assets/GameObjects/crates/crate_heal.uasset" 414
"../../../Tutorial/Content/Blueprints/heal.uasset" 415
"../../../Tutorial/Content/Assets/GameObjects/crates/ammo_crate_2.uasset" 416
"../../../Tutorial/Content/Assets/GameObjects/crates/ammo_crate_2_Mat.uasset" 417
"../../../Tutorial/Content/Assets/GameObjects/crates/ammo_create_1.uasset" 418
"../../../Tutorial/Content/Assets/GameObjects/crates/ammo_create_1_Mat.uasset" 419
"../../../Tutorial/Content/Blueprints/WeaponConfig.uasset" 420
"../../../Tutorial/Content/Assets/GameObjects/crates/crate_tex4.uasset" 421
"../../../Tutorial/Content/Assets/GameObjects/crates/crate_ammo_mat.uasset" 422
"../../../Tutorial/Content/Assets/GameObjects/crates/crate_ammo.uasset" 423
"../../../Tutorial/Content/Blueprints/ammo.uasset" 424
"../../../Tutorial/Content/Assets/Resources/DIrtyGrass_LayerInfo.uasset" 425
"../../../Tutorial/Content/Assets/Resources/Grass_LayerInfo.uasset" 426
"../../../Tutorial/Content/Assets/Resources/GrassyRock_LayerInfo.uasset" 427
"../../../Tutorial/Content/Assets/Resources/Gravel_LayerInfo.uasset" 428
"../../../Tutorial/Content/Assets/Resources/Rock_LayerInfo.uasset" 429
"../../../Tutorial/Content/Assets/Resources/Snow_LayerInfo.uasset" 430
"../../../Tutorial/Content/Assets/Textures/Terrain/T_Cliff02_D.uasset" 431
"../../../Tutorial/Content/Assets/Textures/Terrain/T_Cliff02_N.uasset" 432
"../../../Tutorial/Content/Assets/Textures/Terrain/T_Grass02_N.uasset" 433
"../../../Tutorial/Content/Assets/Materials/Landscape_Material.uasset" 434
"../../../Tutorial/Content/StarterContent/Textures/T_Brick_Clay_Beveled_D.uasset" 435
"../../../Tutorial/Content/StarterContent/Textures/T_Brick_Clay_Beveled_M.uasset" 436
"../../../Tutorial/Content/StarterContent/Textures/T_Brick_Clay_Beveled_N.uasset" 437
"../../../Tutorial/Content/StarterContent/Materials/M_Brick_Clay_Beveled.uasset" 438
"../../../Tutorial/Content/StarterContent/Textures/T_Brick_Clay_Old_D.uasset" 439
"../../../Tutorial/Content/StarterContent/Textures/T_Brick_Clay_Old_N.uasset" 440
"../../../Tutorial/Content/StarterContent/Textures/T_Perlin_Noise_M.uasset" 441
"../../../Tutorial/Content/StarterContent/Materials/M_Brick_Clay_Old.uasset" 442
"../../../Tutorial/Content/StarterContent/Textures/T_Concrete_Poured_D.uasset" 443
"../../../Tutorial/Content/StarterContent/Textures/T_Concrete_Poured_N.uasset" 444
"../../../Tutorial/Content/StarterContent/Materials/M_Concrete_Poured.uasset" 445
"../../../Tutorial/Content/StarterContent/Textures/T_Concrete_Tiles_D.uasset" 446
"../../../Tutorial/Content/StarterContent/Textures/T_Concrete_Tiles_M.uasset" 447
"../../../Tutorial/Content/StarterContent/Textures/T_Concrete_Tiles_N.uasset" 448
"../../../Tutorial/Content/StarterContent/Textures/T_Concrete_Tiles_Variation_M.uasset" 449
"../../../Tutorial/Content/StarterContent/Materials/M_Concrete_Tiles.uasset" 450
"../../../Tutorial/Content/StarterContent/Textures/T_Wood_Pine_D.uasset" 451
"../../../Tutorial/Content/StarterContent/Textures/T_Wood_Pine_N.uasset" 452
"../../../Tutorial/Content/StarterContent/Materials/M_Wood_Pine.uasset" 453
"../../../Tutorial/Content/Assets/GameObjects/Stairs.uasset" 454
"../../../Tutorial/Content/StarterContent/Materials/M_Basic_Floor.uasset" 455
"../../../Tutorial/Content/StarterContent/Architecture/Floor_400x400.uasset" 456
"../../../Tutorial/Content/StarterContent/Materials/M_Basic_Wall.uasset" 457
"../../../Tutorial/Content/StarterContent/Architecture/Pillar_50x500.uasset" 458
"../../../Tutorial/Content/StarterContent/Architecture/Wall_400x300.uasset" 459
"../../../Tutorial/Content/StarterContent/Architecture/Wall_Window_400x300.uasset" 460
"../../../Tutorial/Content/StarterContent/Textures/T_Bush_D.uasset" 461
"../../../Tutorial/Content/StarterContent/Textures/T_Bush_N.uasset" 462
"../../../Tutorial/Content/StarterContent/Props/Materials/M_Bush.uasset" 463
"../../../Tutorial/Content/StarterContent/Props/SM_Bush.uasset" 464
"../../../Tutorial/Content/StarterContent/Textures/T_Frame_M.uasset" 465
"../../../Tutorial/Content/StarterContent/Textures/T_Frame_N.uasset" 466
"../../../Tutorial/Content/StarterContent/Props/Materials/M_Frame.uasset" 467
"../../../Tutorial/Content/StarterContent/Props/SM_WindowFrame.uasset" 468
"../../../Tutorial/Content/Maps/Multiplayer-Level1.umap" 469
"../../../Tutorial/Content/Assets/Materials/basicFloor.uasset" 470
"../../../Tutorial/Content/Assets/Materials/ceiling_white.uasset" 471
"../../../Tutorial/Content/Assets/Materials/column_basic.uasset" 472
"../../../Tutorial/Content/Assets/Materials/crystal.uasset" 473
"../../../Engine/Content/ArtTools/RenderToTexture/MaterialFunctions/CheckerPattern.uasset" 474
"../../../Tutorial/Content/StarterContent/Textures/T_Ceramic_Tile_M.uasset" 475
"../../../Tutorial/Content/StarterContent/Textures/T_Ceramic_Tile_N.uasset" 476
"../../../Tutorial/Content/Assets/Materials/floor_tiles2.uasset" 477
"../../../Tutorial/Content/Assets/Materials/floor_tiles3.uasset" 478
"../../../Tutorial/Content/Assets/Materials/floor_tiles4.uasset" 479
"../../../Tutorial/Content/Assets/Materials/floor_tiles_1.uasset" 480
"../../../Engine/Content/Functions/Engine_MaterialFunctions02/Utility/BlendAngleCorrectedNormals.uasset" 481
"../../../Tutorial/Content/StarterContent/Textures/T_Water_M.uasset" 482
"../../../Tutorial/Content/Assets/Materials/M_Water_bassin.uasset" 483
"../../../Tutorial/Content/Assets/Materials/marble.uasset" 484
"../../../Tutorial/Content/Assets/Materials/stairs_mat1.uasset" 485
"../../../Tutorial/Content/Assets/Materials/wall_metal.uasset" 486
"../../../Tutorial/Content/Assets/Materials/wall_tiles_2.uasset" 487
"../../../Tutorial/Content/Assets/Textures/decals/Blood-Splatter-85.uasset" 488
"../../../Tutorial/Content/Assets/Textures/decals/Blood-Splatter-85_Mat.uasset" 489
"../../../Engine/Content/EngineResources/DefaultTexture.uasset" 490
"../../../Engine/Content/Functions/Engine_MaterialFunctions03/Procedurals/NormalFromHeightmap.uasset" 491
"../../../Tutorial/Content/Assets/GameObjects/furnitures/Dark-Wood-Texture-520x339.uasset" 492
"../../../Tutorial/Content/Assets/GameObjects/furnitures/01_-_Default.uasset" 493
"../../../Tutorial/Content/Assets/GameObjects/furnitures/Computer_Desk.uasset" 494
"../../../Tutorial/Content/Assets/GameObjects/furnitures/02_-_Default.uasset" 495
"../../../Tutorial/Content/Assets/GameObjects/furnitures/metal.uasset" 496
"../../../Tutorial/Content/Assets/GameObjects/furnitures/Metal_Chair.uasset" 497
"../../../Tutorial/Content/Assets/GameObjects/furnitures/Office_chair_fabric_dif.uasset" 498
"../../../Tutorial/Content/Assets/GameObjects/furnitures/Office_chair_fabric_normal.uasset" 499
"../../../Tutorial/Content/Assets/GameObjects/furnitures/Office_chair_fabric.uasset" 500
"../../../Tutorial/Content/Assets/GameObjects/furnitures/Office_chair_plastic_dif.uasset" 501
"../../../Tutorial/Content/Assets/GameObjects/furnitures/Office_chair_plastic_normal.uasset" 502
"../../../Tutorial/Content/Assets/GameObjects/furnitures/Office_chair_plastic.uasset" 503
"../../../Tutorial/Content/Assets/GameObjects/furnitures/Office_chair.uasset" 504
"../../../Tutorial/Content/Assets/Particles/particle_flare2.uasset" 505
"../../../Tutorial/Content/Assets/Particles/dust_volume.uasset" 506
"../../../Tutorial/Content/Assets/Particles/P_Sparks.uasset" 507
"../../../Tutorial/Content/Maps/Map1.umap" 508
"../../../Tutorial/Content/Maps/Main.umap" 509
"../../../Engine/Content/EngineFonts/Roboto.uasset" 510
"../../../Engine/Content/Functions/Engine_MaterialFunctions01/Shading/PowerToRoughness.uasset" 511
"../../../Engine/Content/Functions/Engine_MaterialFunctions01/Shading/ConvertFromDiffSpec.uasset" 512
"../../../Engine/Content/EngineMaterials/DefaultDeferredDecalMaterial.uasset" 513
"../../../Engine/Content/EngineMaterials/DefaultLightFunctionMaterial.uasset" 514
"../../../Engine/Content/EngineMaterials/DefaultPostProcessMaterial.uasset" 515
"../../../Engine/Content/Functions/Engine_MaterialFunctions02/Texturing/ScreenAlignedUVs.uasset" 516
"../../../Engine/Content/EngineResources/WhiteSquareTexture.uasset" 517
"../../../Engine/Content/EngineMaterials/Widget3DPassThrough.uasset" 518
"../../../Engine/Content/EngineMaterials/Widget3DPassThrough_Translucent.uasset" 519
"../../../Engine/Content/EngineMaterials/Widget3DPassThrough_Translucent_OneSided.uasset" 520
"../../../Engine/Content/EngineMaterials/Widget3DPassThrough_Opaque.uasset" 521
"../../../Engine/Content/EngineMaterials/Widget3DPassThrough_Opaque_OneSided.uasset" 522
"../../../Engine/Content/EngineMaterials/Widget3DPassThrough_Masked.uasset" 523
"../../../Engine/Content/EngineMaterials/Widget3DPassThrough_Masked_OneSided.uasset" 524
"../../../Engine/Content/EditorResources/S_Actor.uasset" 525
"../../../Engine/Content/Maps/Templates/Thumbnails/Default.uasset" 526
"../../../Engine/Content/EditorMaterials/ParticleSystems/PSysThumbnail_NoImage.uasset" 527
"../../../Engine/Content/EditorMaterials/ParticleSystems/PSysThumbnail_OOD.uasset" 528
"../../../Engine/Content/EngineDamageTypes/DmgTypeBP_Environmental.uasset" 529
"../../../Engine/Content/EngineMeshes/Sphere.uasset" 530
"../../../Engine/Content/EngineFonts/RobotoDistanceField.uasset" 531
"../../../Engine/Content/EngineMaterials/DefaultTextMaterialOpaque.uasset" 532
"../../../Engine/Content/EditorResources/S_Trigger.uasset" 533
"../../../Engine/Content/EngineResources/GradientTexture0.uasset" 534
"../../../Engine/Content/EngineResources/Black.uasset" 535
"../../../Engine/Content/EditorMaterials/MatineeGroups/MAT_Groups_Float.uasset" 536
"../../../Engine/Content/EditorMaterials/MatineeGroups/MAT_Groups_Director.uasset" 537
"../../../Engine/Content/EditorMaterials/MatineeGroups/MAT_Groups_Event.uasset" 538
"../../../Engine/Content/EditorMaterials/MatineeGroups/MAT_Groups_Anim.uasset" 539
"../../../Engine/Content/EditorMaterials/MatineeGroups/MAT_Groups_Fade.uasset" 540
"../../../Engine/Content/EditorMaterials/MatineeGroups/MAT_Groups_Move.uasset" 541
"../../../Engine/Content/EditorMaterials/MatineeGroups/MAT_Groups_Slomo.uasset" 542
"../../../Engine/Content/EditorMaterials/MatineeGroups/MAT_ColorTrack.uasset" 543
"../../../Engine/Content/EditorMaterials/MAT_Groups_Toggle.uasset" 544
"../../../Engine/Content/EditorMaterials/MatineeGroups/MAT_Groups_AudioMaster.uasset" 545
"../../../Engine/Content/EditorMaterials/MatineeGroups/MAT_Groups_Sound.uasset" 546
"../../../Engine/Content/EditorMaterials/MatineeGroups/MAT_Groups_Vector.uasset" 547
"../../../Engine/Content/EditorMaterials/MAT_Groups_Visibility.uasset" 548
"../../../Engine/Content/EngineResources/DefaultTextureCube.uasset" 549
"../../../Engine/Content/EngineMeshes/Cylinder.uasset" 550
"../../../Engine/Content/EngineTireTypes/DefaultTireType.uasset" 551
"../../../Engine/Content/EngineResources/AICON-Red.uasset" 552
"../../../Engine/Content/EngineResources/AICON-Green.uasset" 553
"../../../Engine/Content/Tutorial/ContentIntroCurve.uasset" 554
"../../../Engine/Plugins/2D/Paper2D/Content/PlaceholderTextures/DummySpriteTexture.uasset" 555
"../../../Engine/Plugins/2D/Paper2D/Content/DefaultSpriteMaterial.uasset" 556
"../../../Engine/Plugins/2D/Paper2D/Content/MaskedUnlitSpriteMaterial.uasset" 557
"../../../Engine/Plugins/2D/Paper2D/Content/OpaqueUnlitSpriteMaterial.uasset" 558
"../../../Engine/Plugins/2D/Paper2D/Content/DummySpriteTexture.uasset" 559
"../../../Engine/Plugins/2D/Paper2D/Content/DummySprite.uasset" 560
"../../../Engine/Plugins/2D/Paper2D/Content/DefaultPaperTerrainMaterial.uasset" 561
"../../../Engine/Plugins/Runtime/LeapMotionController/Content/LM_CapsuleMesh.uasset" 562
"../../../Engine/Plugins/Runtime/LeapMotionController/Content/LM_TorusMesh.uasset" 563
"../../../Engine/Plugins/Runtime/LeapMotionController/Content/LM_HandColor.uasset" 564
"../../../Engine/Plugins/Runtime/LeapMotionController/Content/LM_SampleDistortion.uasset" 565
"../../../Engine/Plugins/Runtime/LeapMotionController/Content/LM_TestTexture.uasset" 566
"../../../Engine/Plugins/Runtime/LeapMotionController/Content/LM_PassthroughMaterial.uasset" 567
"../../../Engine/Content/EngineMaterials/RemoveSurfaceMaterial.uasset" 568
"../../../Engine/Content/EngineDebugMaterials/DebugMeshMaterial.uasset" 569
"../../../Engine/Content/EngineMaterials/InvalidLightmapSettings.uasset" 570
"../../../Engine/Content/EngineMaterials/M_InvalidLightmapSettings.uasset" 571
"../../../Engine/Content/EditorMaterials/GizmoMaterial.uasset" 572
"../../../Engine/Content/EngineMaterials/Good64x64TilingNoiseHighFreq.uasset" 573
"../../../Engine/Content/EngineMaterials/DefaultBokeh.uasset" 574
"../../../Engine/Content/EngineMaterials/PreintegratedSkinBRDF.uasset" 575
"../../../Engine/Content/EngineMaterials/MiniFont.uasset" 576
"../../../Engine/Content/EngineMaterials/WeightMapPlaceholderTexture.uasset" 577
"../../../Engine/Content/EngineMaterials/DefaultWhiteGrid.uasset" 578
"../../../Engine/Content/EngineFonts/RobotoTiny.uasset" 579
"../../../Engine/Content/MobileResources/HUD/MobileHUDButton2_off.uasset" 580
"../../../Engine/Content/MobileResources/HUD/MobileHUDButton3.uasset" 581
"../../../Engine/Content/MobileResources/HUD/MobileHUDButtonFire.uasset" 582
"../../../Engine/Content/MobileResources/HUD/MobileHUDDirectionStick.uasset" 583
"../../../Engine/Content/MobileResources/HUD/MobileHUDDirectionPad3.uasset" 584
"../../../Engine/Content/MobileResources/HUD/MobileHUDDirectionPad.uasset" 585
"../../../Engine/Content/MobileResources/HUD/MobileHUDButton1_off.uasset" 586
"../../../Engine/Content/MobileResources/T_MobileControls_texture.uasset" 587
"../../../Engine/Content/MobileResources/HUD/VirtualJoystick_Background.uasset" 588
"../../../Engine/Content/MobileResources/HUD/VirtualJoystick_Thumb.uasset" 589
"../../../Engine/Content/MobileResources/HUD/LeftVirtualJoystickOnly.uasset" 590
"../../../Engine/Content/EditorMaterials/PhAT_JointLimitMaterial.uasset" 591
"../../../Engine/Content/EditorMaterials/PreviewShadowIndicator.uasset" 592
"../../../Engine/Content/EditorMaterials/PreviewShadowIndicatorMaterial.uasset" 593
"../../../Engine/Content/EditorResources/BSPVertex.uasset" 594
"../../../Engine/Content/EditorResources/EmptyActor.uasset" 595
"../../../Engine/Content/EditorResources/LightIcons/S_LightError.uasset" 596
"../../../Engine/Content/EngineDebugMaterials/HeatmapGradient.uasset" 597
"../../../Engine/Content/EngineDebugMaterials/BoneWeightMaterial.uasset" 598
"../../../Engine/Content/EngineDebugMaterials/GeomMaterial.uasset" 599
"../../../Engine/Content/EngineMaterials/EditorBrushMaterial.uasset" 600
"../../../Engine/Content/MobileResources/T_MobileMenu2.uasset" 601
"../../../Engine/Content/MobileResources/HUD/AnalogHat.uasset" 602
"../../../Engine/Content/MobileResources/HUD/DefaultVirtualJoysticks.uasset" 603
"../../../Engine/Content/MobileResources/HUD/MobileHUDButton1_on.uasset" 604
"../../../Engine/Content/MobileResources/HUD/MobileHUDButton2_on.uasset" 605
"../../../Engine/Content/MobileResources/HUD/MobileHUDDirectionPad2.uasset" 606
"../../../Engine/Content/MobileResources/HUD/T_Castle_ThumbstickInner.uasset" 607
"../../../Engine/Content/MobileResources/HUD/T_Castle_ThumbstickOutter.uasset" 608
"../../../Engine/Content/Tutorial/Basics/LevelEditorAttract.uasset" 609
"../../../Engine/Content/Tutorial/Basics/TutorialAssets/icon_tab_Levels_40x.uasset" 610
"../../../Engine/Content/Tutorial/Basics/LevelEditorOverview.uasset" 611
"../../../Engine/Content/Tutorial/BlueprintTutorials/TutorialAssets/Blueprint_64x.uasset" 612
"../../../Engine/Content/Tutorial/BlueprintTutorials/BlueprintEditorTutorial.uasset" 613
"../../../Engine/Content/Tutorial/BlueprintTutorials/TutorialAssets/BlueprintInterface_64x.uasset" 614
"../../../Engine/Content/Tutorial/BlueprintTutorials/TutorialAssets/Tutorial_BP_Interface.uasset" 615
"../../../Engine/Content/Tutorial/BlueprintTutorials/BlueprintInterfacesEditorOverview.uasset" 616
"../../../Engine/Content/Tutorial/BlueprintTutorials/TutorialAssets/BlueprintMacroLibrary_64x.uasset" 617
"../../../Engine/Content/Tutorial/BlueprintTutorials/TutorialAssets/Tutorial_BP_MacroLib.uasset" 618
"../../../Engine/Content/Tutorial/BlueprintTutorials/BlueprintMacroLibrariesEditorOverview.uasset" 619
"../../../Engine/Content/Tutorial/BlueprintTutorials/LevelBlueprintEditorOverview.uasset" 620
"../../../Engine/Content/Tutorial/Foliage/TutorialAssets/Foliage.uasset" 621
"../../../Engine/Content/Tutorial/Foliage/Foliage_Settings_Tutorial.uasset" 622
"../../../Engine/Content/Tutorial/Foliage/Foliage_Using_The_Tool_Tutorial.uasset" 623
"../../../Engine/Content/Tutorial/Foliage/Foliage_Intro_Tutorial.uasset" 624
"../../../Engine/Content/Tutorial/Landscape/TutorialAssets/Landscape.uasset" 625
"../../../Engine/Content/Tutorial/Landscape/Landscape_Painting_Mode.uasset" 626
"../../../Engine/Content/Tutorial/Landscape/Landscape_Sculpt_Mode.uasset" 627
"../../../Engine/Content/Tutorial/Landscape/Landscape_Manage_Mode.uasset" 628
"../../../Engine/Content/Tutorial/Paper2D/TutorialAssets/Paper2DFlipbook_TutorialIcon.uasset" 629
"../../../Engine/Content/Tutorial/Paper2D/FlipbookEditorTutorial.uasset" 630
"../../../Engine/Content/Tutorial/Paper2D/TutorialAssets/Paper2DSprite_TutorialIcon.uasset" 631
"../../../Engine/Content/Tutorial/Paper2D/SpriteEditorTutorial.uasset" 632
"../../../Engine/Content/EditorMeshes/EditorCube.uasset" 633
"../../../Engine/Content/Tutorial/SubEditors/TutorialAssets/Tutorial_DM.uasset" 634
"../../../Engine/Content/Tutorial/SubEditors/DestructibleMeshEditorTutorial.uasset" 635
"../../../Engine/Content/Tutorial/SubEditors/TutorialAssets/TutorialMaterial.uasset" 636
"../../../Engine/Content/Tutorial/SubEditors/MaterialEditorTutorial.uasset" 637
"../../../Engine/Content/Tutorial/SubEditors/TutorialAssets/T_SmokeSubUV_8X8.uasset" 638
"../../../Engine/Content/Tutorial/SubEditors/TutorialAssets/T_soft_smoke.uasset" 639
"../../../Engine/Content/Tutorial/SubEditors/TutorialAssets/M_smoke_subUV_blackbody.uasset" 640
"../../../Engine/Content/Tutorial/SubEditors/TutorialAssets/TutorialParticleSystem.uasset" 641
"../../../Engine/Content/Tutorial/SubEditors/ParticleSystemEditorTutorial.uasset" 642
"../../../Engine/Content/Tutorial/SubEditors/TutorialAssets/icon_ShowSkeletalMeshes_40x.uasset" 643
"../../../Engine/Content/Tutorial/SubEditors/TutorialAssets/Character/TutorialTPP_Mat.uasset" 644
"../../../Engine/Content/Tutorial/SubEditors/TutorialAssets/Character/TutorialTPP_PhysicsAsset.uasset" 645
"../../../Engine/Content/Tutorial/SubEditors/TutorialAssets/Character/TutorialTPP.uasset" 646
"../../../Engine/Content/Tutorial/SubEditors/TutorialAssets/Character/TutorialTPP_Skeleton.uasset" 647
"../../../Engine/Content/Tutorial/SubEditors/TutorialAssets/Character/Tutorial_Idle.uasset" 648
"../../../Engine/Content/Tutorial/SubEditors/TutorialAssets/Character/Tutorial_Walk_Fwd.uasset" 649
"../../../Engine/Content/Tutorial/SubEditors/TutorialAssets/Character/NewBlendSpace1D.uasset" 650
"../../../Engine/Content/Tutorial/SubEditors/TutorialAssets/Character/TutorialCharacter.uasset" 651
"../../../Engine/Content/Tutorial/SubEditors/TutorialAssets/Character/TutorialTPP_AnimBlueprint.uasset" 652
"../../../Engine/Content/Tutorial/SubEditors/PersonaAnimBlueprintEditorWalkthrough.uasset" 653
"../../../Engine/Content/Tutorial/SubEditors/PersonaAnimEditorWalkthrough.uasset" 654
"../../../Engine/Content/EngineMeshes/Cube.uasset" 655
"../../../Engine/Content/Tutorial/SubEditors/StaticMeshEditorTutorial.uasset" 656
"../../../Engine/Content/Tutorial/SubEditors/TutorialAssets/icon_Editor_Preferences_General_40x.uasset" 657
"../../../Tutorial/Content/Game.uasset" 658
